<?xml version="1.0" encoding="UTF-8"?>
<robot generator="Robot 3.2.2 (Python 3.7.9 on win32)" generated="20210120 20:45:35.172" rpa="false">
<suite id="s1" name="Tests" source="C:\Python Automation\AMS\Tests">
<suite id="s1-s1" name="TC 1 RoleMaster tc" source="C:\Python Automation\AMS\Tests\TC_1_RoleMaster_tc.robot">
<test id="s1-s1-t1" name="Add role in Role Master">
<kw name="Login As Admin" library="General_keys">
<kw name="Sleep" library="BuiltIn">
<doc>Pauses the test executed for the given time.</doc>
<arguments>
<arg>${maxWait}</arg>
</arguments>
<msg timestamp="20210120 20:45:39.385" level="INFO">Slept 4 seconds</msg>
<status status="PASS" starttime="20210120 20:45:35.373" endtime="20210120 20:45:39.385"></status>
</kw>
<kw name="Open Browser" library="SeleniumLibrary">
<doc>Opens a new browser instance to the optional ``url``.</doc>
<arguments>
<arg>${Appurl}</arg>
<arg>${broswer}</arg>
</arguments>
<msg timestamp="20210120 20:45:39.387" level="INFO">Opening browser 'Chrome' to base url 'http://muthucsm-001-site11.btempurl.com/'.</msg>
<status status="PASS" starttime="20210120 20:45:39.386" endtime="20210120 20:45:52.069"></status>
</kw>
<kw name="Set Browser Implicit Wait" library="SeleniumLibrary">
<doc>Sets the implicit wait value used by Selenium.</doc>
<arguments>
<arg>${BrowserWait}</arg>
</arguments>
<status status="PASS" starttime="20210120 20:45:52.070" endtime="20210120 20:45:52.075"></status>
</kw>
<kw name="Maximize Browser Window" library="SeleniumLibrary">
<doc>Maximizes current browser window.</doc>
<status status="PASS" starttime="20210120 20:45:52.076" endtime="20210120 20:45:54.284"></status>
</kw>
<kw name="Input Text" library="SeleniumLibrary">
<doc>Types the given ``text`` into the text field identified by ``locator``.</doc>
<arguments>
<arg>${AdminUsername_loc}</arg>
<arg>${AdminUsername_data}</arg>
</arguments>
<msg timestamp="20210120 20:45:54.285" level="INFO">Typing text 'karthik' into text field '//*[@id='TxtUserName']'.</msg>
<status status="PASS" starttime="20210120 20:45:54.285" endtime="20210120 20:45:54.397"></status>
</kw>
<kw name="Input Password" library="SeleniumLibrary">
<doc>Types the given password into the text field identified by ``locator``.</doc>
<arguments>
<arg>${AdminPassword_loc}</arg>
<arg>${AdminPassword_data}</arg>
</arguments>
<msg timestamp="20210120 20:45:54.398" level="INFO">Typing password into text field '//*[@id='TxtPassword']'.</msg>
<msg timestamp="20210120 20:45:54.443" level="INFO">Temporally setting log level to: NONE</msg>
<msg timestamp="20210120 20:45:54.494" level="INFO">Log level changed from NONE to INFO.</msg>
<status status="PASS" starttime="20210120 20:45:54.398" endtime="20210120 20:45:54.494"></status>
</kw>
<kw name="Click Element" library="SeleniumLibrary">
<doc>Click the element identified by ``locator``.</doc>
<arguments>
<arg>${LoginButton}</arg>
</arguments>
<msg timestamp="20210120 20:45:54.494" level="INFO">Clicking element '//*[@onclick='Login()']'.</msg>
<status status="PASS" starttime="20210120 20:45:54.494" endtime="20210120 20:45:54.540"></status>
</kw>
<status status="PASS" starttime="20210120 20:45:35.373" endtime="20210120 20:45:54.541"></status>
</kw>
<kw name="Add Role" library="RoleMaster_key">
<kw name="Click Element" library="SeleniumLibrary">
<doc>Click the element identified by ``locator``.</doc>
<arguments>
<arg>${RoleMaster_menu}</arg>
</arguments>
<msg timestamp="20210120 20:45:54.542" level="INFO">Clicking element '//*[contains(text(),'Role Master')]'.</msg>
<status status="PASS" starttime="20210120 20:45:54.541" endtime="20210120 20:46:01.319"></status>
</kw>
<kw name="Sleep" library="BuiltIn">
<doc>Pauses the test executed for the given time.</doc>
<arguments>
<arg>${minWait}</arg>
</arguments>
<msg timestamp="20210120 20:46:03.335" level="INFO">Slept 2 seconds</msg>
<status status="PASS" starttime="20210120 20:46:01.319" endtime="20210120 20:46:03.336"></status>
</kw>
<kw name="Click Element" library="SeleniumLibrary">
<doc>Click the element identified by ``locator``.</doc>
<arguments>
<arg>${RM_addbutton}</arg>
</arguments>
<msg timestamp="20210120 20:46:03.337" level="INFO">Clicking element 'xpath://*[@id='btnAddUserRole']'.</msg>
<status status="PASS" starttime="20210120 20:46:03.336" endtime="20210120 20:46:03.478"></status>
</kw>
<kw name="Sleep" library="BuiltIn">
<doc>Pauses the test executed for the given time.</doc>
<arguments>
<arg>${minWait}</arg>
</arguments>
<msg timestamp="20210120 20:46:05.489" level="INFO">Slept 2 seconds</msg>
<status status="PASS" starttime="20210120 20:46:03.478" endtime="20210120 20:46:05.489"></status>
</kw>
<kw name="Input Text" library="SeleniumLibrary">
<doc>Types the given ``text`` into the text field identified by ``locator``.</doc>
<arguments>
<arg>${RM_Rolename_loc}</arg>
<arg>${RM_Rolename_data}</arg>
</arguments>
<msg timestamp="20210120 20:46:05.491" level="INFO">Typing text 'TestRole_005' into text field 'xpath://*[@id='txtRoleName']'.</msg>
<status status="PASS" starttime="20210120 20:46:05.489" endtime="20210120 20:46:05.688"></status>
</kw>
<kw name="Input Text" library="SeleniumLibrary">
<doc>Types the given ``text`` into the text field identified by ``locator``.</doc>
<arguments>
<arg>${RM_Roledesc_loc}</arg>
<arg>${RM_Roledesc_data}</arg>
</arguments>
<msg timestamp="20210120 20:46:05.689" level="INFO">Typing text 'Testing' into text field 'xpath://*[@id='txtRoleDescription']'.</msg>
<status status="PASS" starttime="20210120 20:46:05.688" endtime="20210120 20:46:05.774"></status>
</kw>
<kw name="Click Element" library="SeleniumLibrary">
<doc>Click the element identified by ``locator``.</doc>
<arguments>
<arg>${RM_Savebutton}</arg>
</arguments>
<msg timestamp="20210120 20:46:05.775" level="INFO">Clicking element 'xpath://*[@id='btnSaveUserRole']'.</msg>
<status status="PASS" starttime="20210120 20:46:05.774" endtime="20210120 20:46:05.820"></status>
</kw>
<kw name="Click Element" library="SeleniumLibrary">
<doc>Click the element identified by ``locator``.</doc>
<arguments>
<arg>${Okbutton}</arg>
</arguments>
<msg timestamp="20210120 20:46:05.820" level="INFO">Clicking element 'xpath:(//*[@class='jconfirm-buttons']/button)[1]'.</msg>
<status status="PASS" starttime="20210120 20:46:05.820" endtime="20210120 20:46:05.873"></status>
</kw>
<kw name="Sleep" library="BuiltIn">
<doc>Pauses the test executed for the given time.</doc>
<arguments>
<arg>${maxWait}</arg>
</arguments>
<msg timestamp="20210120 20:46:09.875" level="INFO">Slept 4 seconds</msg>
<status status="PASS" starttime="20210120 20:46:05.873" endtime="20210120 20:46:09.876"></status>
</kw>
<kw name="Click Element" library="SeleniumLibrary">
<doc>Click the element identified by ``locator``.</doc>
<arguments>
<arg>${UM_backbutton_loc}</arg>
</arguments>
<msg timestamp="20210120 20:46:09.878" level="INFO">Clicking element 'xpath://*[@id='BtnCommonBack']'.</msg>
<status status="PASS" starttime="20210120 20:46:09.876" endtime="20210120 20:46:10.014"></status>
</kw>
<kw name="Sleep" library="BuiltIn">
<doc>Pauses the test executed for the given time.</doc>
<arguments>
<arg>${minWait}</arg>
</arguments>
<msg timestamp="20210120 20:46:12.022" level="INFO">Slept 2 seconds</msg>
<status status="PASS" starttime="20210120 20:46:10.014" endtime="20210120 20:46:12.023"></status>
</kw>
<kw name="Input Text" library="SeleniumLibrary">
<doc>Types the given ``text`` into the text field identified by ``locator``.</doc>
<arguments>
<arg>${RM_RolenameInSearch_loc}</arg>
<arg>${RM_RolenameInSearch_data}</arg>
</arguments>
<msg timestamp="20210120 20:46:12.026" level="INFO">Typing text 'TestRole_005' into text field 'xpath://*[@id='txtsearchRoleName']'.</msg>
<status status="PASS" starttime="20210120 20:46:12.024" endtime="20210120 20:46:12.209"></status>
</kw>
<kw name="Click Element" library="SeleniumLibrary">
<doc>Click the element identified by ``locator``.</doc>
<arguments>
<arg>${RM_searchbutton}</arg>
</arguments>
<msg timestamp="20210120 20:46:12.209" level="INFO">Clicking element 'xpath://*[@id='btnRoleSearch']'.</msg>
<status status="PASS" starttime="20210120 20:46:12.209" endtime="20210120 20:46:12.253"></status>
</kw>
<kw name="Sleep" library="BuiltIn">
<doc>Pauses the test executed for the given time.</doc>
<arguments>
<arg>${maxWait}</arg>
</arguments>
<msg timestamp="20210120 20:46:16.265" level="INFO">Slept 4 seconds</msg>
<status status="PASS" starttime="20210120 20:46:12.254" endtime="20210120 20:46:16.266"></status>
</kw>
<kw name="Element Text Should Be" library="SeleniumLibrary">
<doc>Verifies that element ``locator`` contains exact the text ``expected``.</doc>
<arguments>
<arg>${RM_RoleNameInGrid_loc}</arg>
<arg>${RM_RoleNameInGrid_data}</arg>
</arguments>
<msg timestamp="20210120 20:46:16.268" level="INFO">Verifying element 'xpath://*[@id='Rolegrid']/tbody/tr/td[2]' contains exact text 'TestRole_005'.</msg>
<status status="PASS" starttime="20210120 20:46:16.267" endtime="20210120 20:46:16.339"></status>
</kw>
<kw name="Sleep" library="BuiltIn">
<doc>Pauses the test executed for the given time.</doc>
<arguments>
<arg>${minWait}</arg>
</arguments>
<msg timestamp="20210120 20:46:18.343" level="INFO">Slept 2 seconds</msg>
<status status="PASS" starttime="20210120 20:46:16.339" endtime="20210120 20:46:18.344"></status>
</kw>
<kw name="Click Element" library="SeleniumLibrary">
<doc>Click the element identified by ``locator``.</doc>
<arguments>
<arg>${Logout1_loc}</arg>
</arguments>
<msg timestamp="20210120 20:46:18.345" level="INFO">Clicking element 'xpath://*[@id='userDropdown']'.</msg>
<status status="PASS" starttime="20210120 20:46:18.344" endtime="20210120 20:46:18.476"></status>
</kw>
<kw name="Sleep" library="BuiltIn">
<doc>Pauses the test executed for the given time.</doc>
<arguments>
<arg>${minWait}</arg>
</arguments>
<msg timestamp="20210120 20:46:20.482" level="INFO">Slept 2 seconds</msg>
<status status="PASS" starttime="20210120 20:46:18.477" endtime="20210120 20:46:20.483"></status>
</kw>
<kw name="Click Element" library="SeleniumLibrary">
<doc>Click the element identified by ``locator``.</doc>
<arguments>
<arg>${Logout2_loc}</arg>
</arguments>
<msg timestamp="20210120 20:46:20.484" level="INFO">Clicking element 'xpath://*[@onclick='Logout()']'.</msg>
<status status="PASS" starttime="20210120 20:46:20.483" endtime="20210120 20:46:21.531"></status>
</kw>
<kw name="Sleep" library="BuiltIn">
<doc>Pauses the test executed for the given time.</doc>
<arguments>
<arg>${minWait}</arg>
</arguments>
<msg timestamp="20210120 20:46:23.543" level="INFO">Slept 2 seconds</msg>
<status status="PASS" starttime="20210120 20:46:21.531" endtime="20210120 20:46:23.544"></status>
</kw>
<kw name="Close Browser" library="SeleniumLibrary">
<doc>Closes the current browser.</doc>
<status status="PASS" starttime="20210120 20:46:23.544" endtime="20210120 20:46:25.797"></status>
</kw>
<status status="PASS" starttime="20210120 20:45:54.541" endtime="20210120 20:46:25.798"></status>
</kw>
<status status="PASS" starttime="20210120 20:45:35.372" endtime="20210120 20:46:25.799" critical="yes"></status>
</test>
<status status="PASS" starttime="20210120 20:45:35.201" endtime="20210120 20:46:25.806"></status>
</suite>
<suite id="s1-s2" name="TC 2 UserMaster tc" source="C:\Python Automation\AMS\Tests\TC_2_UserMaster_tc.robot">
<test id="s1-s2-t1" name="Log in to the application">
<kw name="Login As Admin" library="General_keys">
<kw name="Sleep" library="BuiltIn">
<doc>Pauses the test executed for the given time.</doc>
<arguments>
<arg>${maxWait}</arg>
</arguments>
<msg timestamp="20210120 20:46:29.883" level="INFO">Slept 4 seconds</msg>
<status status="PASS" starttime="20210120 20:46:25.871" endtime="20210120 20:46:29.883"></status>
</kw>
<kw name="Open Browser" library="SeleniumLibrary">
<doc>Opens a new browser instance to the optional ``url``.</doc>
<arguments>
<arg>${Appurl}</arg>
<arg>${broswer}</arg>
</arguments>
<msg timestamp="20210120 20:46:29.885" level="INFO">Opening browser 'Chrome' to base url 'http://muthucsm-001-site11.btempurl.com/'.</msg>
<status status="PASS" starttime="20210120 20:46:29.884" endtime="20210120 20:46:41.932"></status>
</kw>
<kw name="Set Browser Implicit Wait" library="SeleniumLibrary">
<doc>Sets the implicit wait value used by Selenium.</doc>
<arguments>
<arg>${BrowserWait}</arg>
</arguments>
<status status="PASS" starttime="20210120 20:46:41.933" endtime="20210120 20:46:41.937"></status>
</kw>
<kw name="Maximize Browser Window" library="SeleniumLibrary">
<doc>Maximizes current browser window.</doc>
<status status="PASS" starttime="20210120 20:46:41.938" endtime="20210120 20:46:44.088"></status>
</kw>
<kw name="Input Text" library="SeleniumLibrary">
<doc>Types the given ``text`` into the text field identified by ``locator``.</doc>
<arguments>
<arg>${AdminUsername_loc}</arg>
<arg>${AdminUsername_data}</arg>
</arguments>
<msg timestamp="20210120 20:46:44.089" level="INFO">Typing text 'karthik' into text field '//*[@id='TxtUserName']'.</msg>
<status status="PASS" starttime="20210120 20:46:44.089" endtime="20210120 20:46:44.228"></status>
</kw>
<kw name="Input Password" library="SeleniumLibrary">
<doc>Types the given password into the text field identified by ``locator``.</doc>
<arguments>
<arg>${AdminPassword_loc}</arg>
<arg>${AdminPassword_data}</arg>
</arguments>
<msg timestamp="20210120 20:46:44.229" level="INFO">Typing password into text field '//*[@id='TxtPassword']'.</msg>
<msg timestamp="20210120 20:46:44.277" level="INFO">Temporally setting log level to: NONE</msg>
<msg timestamp="20210120 20:46:44.330" level="INFO">Log level changed from NONE to INFO.</msg>
<status status="PASS" starttime="20210120 20:46:44.228" endtime="20210120 20:46:44.330"></status>
</kw>
<kw name="Click Element" library="SeleniumLibrary">
<doc>Click the element identified by ``locator``.</doc>
<arguments>
<arg>${LoginButton}</arg>
</arguments>
<msg timestamp="20210120 20:46:44.331" level="INFO">Clicking element '//*[@onclick='Login()']'.</msg>
<status status="PASS" starttime="20210120 20:46:44.330" endtime="20210120 20:46:44.379"></status>
</kw>
<status status="PASS" starttime="20210120 20:46:25.870" endtime="20210120 20:46:44.380"></status>
</kw>
<kw name="Add user" library="UserMaster_key">
<kw name="Click Element" library="SeleniumLibrary">
<doc>Click the element identified by ``locator``.</doc>
<arguments>
<arg>${UserMaster_menu}</arg>
</arguments>
<msg timestamp="20210120 20:46:44.382" level="INFO">Clicking element '//*[contains(text(),'User Master')]'.</msg>
<status status="PASS" starttime="20210120 20:46:44.381" endtime="20210120 20:46:52.542"></status>
</kw>
<kw name="Sleep" library="BuiltIn">
<doc>Pauses the test executed for the given time.</doc>
<arguments>
<arg>${minWait}</arg>
</arguments>
<msg timestamp="20210120 20:46:54.551" level="INFO">Slept 2 seconds</msg>
<status status="PASS" starttime="20210120 20:46:52.542" endtime="20210120 20:46:54.552"></status>
</kw>
<kw name="Click Element" library="SeleniumLibrary">
<doc>Click the element identified by ``locator``.</doc>
<arguments>
<arg>${UM_addbutton}</arg>
</arguments>
<msg timestamp="20210120 20:46:54.553" level="INFO">Clicking element 'xpath://*[@id='btnAddUser']'.</msg>
<status status="PASS" starttime="20210120 20:46:54.552" endtime="20210120 20:46:54.657"></status>
</kw>
<kw name="Sleep" library="BuiltIn">
<doc>Pauses the test executed for the given time.</doc>
<arguments>
<arg>${minWait}</arg>
</arguments>
<msg timestamp="20210120 20:46:56.669" level="INFO">Slept 2 seconds</msg>
<status status="PASS" starttime="20210120 20:46:54.658" endtime="20210120 20:46:56.670"></status>
</kw>
<kw name="Input Text" library="SeleniumLibrary">
<doc>Types the given ``text`` into the text field identified by ``locator``.</doc>
<arguments>
<arg>${UM_LoginName_loc}</arg>
<arg>${UM_LoginName_data}</arg>
</arguments>
<msg timestamp="20210120 20:46:56.673" level="INFO">Typing text 'TestUser_005' into text field 'xpath://*[@id='txtLoginName']'.</msg>
<status status="PASS" starttime="20210120 20:46:56.671" endtime="20210120 20:46:57.740"></status>
</kw>
<kw name="Input Text" library="SeleniumLibrary">
<doc>Types the given ``text`` into the text field identified by ``locator``.</doc>
<arguments>
<arg>${UM_loginPass_loc}</arg>
<arg>${UM_loginPass_data}</arg>
</arguments>
<msg timestamp="20210120 20:46:57.741" level="INFO">Typing text 'Testing@123' into text field 'xpath://*[@id='txtPassword']'.</msg>
<status status="PASS" starttime="20210120 20:46:57.741" endtime="20210120 20:46:57.829"></status>
</kw>
<kw name="Input Text" library="SeleniumLibrary">
<doc>Types the given ``text`` into the text field identified by ``locator``.</doc>
<arguments>
<arg>${UM_loginFirstName_loc}</arg>
<arg>${UM_loginFirstName_data}</arg>
</arguments>
<msg timestamp="20210120 20:46:57.829" level="INFO">Typing text 'Test001' into text field 'xpath://*[@id='txtFirstName']'.</msg>
<status status="PASS" starttime="20210120 20:46:57.829" endtime="20210120 20:46:57.911"></status>
</kw>
<kw name="Input Text" library="SeleniumLibrary">
<doc>Types the given ``text`` into the text field identified by ``locator``.</doc>
<arguments>
<arg>${UM_LoginLastName_loc}</arg>
<arg>${UM_LoginLastName_data}</arg>
</arguments>
<msg timestamp="20210120 20:46:57.911" level="INFO">Typing text 'User' into text field 'xpath://*[@id='txtLastName']'.</msg>
<status status="PASS" starttime="20210120 20:46:57.911" endtime="20210120 20:46:57.981"></status>
</kw>
<kw name="Select From List By Label" library="SeleniumLibrary">
<doc>Selects options from selection list ``locator`` by ``labels``.</doc>
<arguments>
<arg>${UM_selectRole_loc}</arg>
<arg>${UM_selectRole_data}</arg>
</arguments>
<msg timestamp="20210120 20:46:57.982" level="INFO">Selecting options from selection list 'xpath://*[@id='DdlUserRole']' by label TestRole_005.</msg>
<status status="PASS" starttime="20210120 20:46:57.981" endtime="20210120 20:46:58.043"></status>
</kw>
<kw name="Input Text" library="SeleniumLibrary">
<doc>Types the given ``text`` into the text field identified by ``locator``.</doc>
<arguments>
<arg>${UM_EmailID_loc}</arg>
<arg>${UM_EmailID_data}</arg>
</arguments>
<msg timestamp="20210120 20:46:58.044" level="INFO">Typing text 'karthikraja@indexinfosystems.com' into text field 'xpath://*[@id='txtUserEmailID']'.</msg>
<status status="PASS" starttime="20210120 20:46:58.043" endtime="20210120 20:46:58.172"></status>
</kw>
<kw name="Input Text" library="SeleniumLibrary">
<doc>Types the given ``text`` into the text field identified by ``locator``.</doc>
<arguments>
<arg>${UM_Mobilenumber_loc}</arg>
<arg>${UM_Mobilenumber_data}</arg>
</arguments>
<msg timestamp="20210120 20:46:58.172" level="INFO">Typing text '9874563214' into text field 'xpath://*[@id='txtUserMobileNumber']'.</msg>
<status status="PASS" starttime="20210120 20:46:58.172" endtime="20210120 20:46:58.259"></status>
</kw>
<kw name="Click Element" library="SeleniumLibrary">
<doc>Click the element identified by ``locator``.</doc>
<arguments>
<arg>${UM_Language_loc}</arg>
</arguments>
<msg timestamp="20210120 20:46:58.259" level="INFO">Clicking element 'xpath://*[@class='chosen-search-input default']'.</msg>
<status status="PASS" starttime="20210120 20:46:58.259" endtime="20210120 20:46:58.313"></status>
</kw>
<kw name="Sleep" library="BuiltIn">
<doc>Pauses the test executed for the given time.</doc>
<arguments>
<arg>${minWait}</arg>
</arguments>
<msg timestamp="20210120 20:47:00.325" level="INFO">Slept 2 seconds</msg>
<status status="PASS" starttime="20210120 20:46:58.313" endtime="20210120 20:47:00.325"></status>
</kw>
<kw name="Mouse Down" library="SeleniumLibrary">
<doc>Simulates pressing the left mouse button on the element ``locator``.</doc>
<arguments>
<arg>${UM_SelectLang_loc}</arg>
</arguments>
<msg timestamp="20210120 20:47:00.327" level="INFO">Simulating Mouse Down on element 'xpath://li[contains(text(),'English')]'.</msg>
<status status="PASS" starttime="20210120 20:47:00.326" endtime="20210120 20:47:00.654"></status>
</kw>
<kw name="Click Element" library="SeleniumLibrary">
<doc>Click the element identified by ``locator``.</doc>
<arguments>
<arg>${UM_SelectLang_loc}</arg>
</arguments>
<msg timestamp="20210120 20:47:00.655" level="INFO">Clicking element 'xpath://li[contains(text(),'English')]'.</msg>
<status status="PASS" starttime="20210120 20:47:00.654" endtime="20210120 20:47:00.778"></status>
</kw>
<kw name="Click Element" library="SeleniumLibrary">
<doc>Click the element identified by ``locator``.</doc>
<arguments>
<arg>${UM_MaleGender_loc}</arg>
</arguments>
<msg timestamp="20210120 20:47:00.779" level="INFO">Clicking element 'xpath://*[@id='RdlMaleGender']'.</msg>
<status status="PASS" starttime="20210120 20:47:00.779" endtime="20210120 20:47:00.834"></status>
</kw>
<kw name="Click Element" library="SeleniumLibrary">
<doc>Click the element identified by ``locator``.</doc>
<arguments>
<arg>${UM_saveButton}</arg>
</arguments>
<msg timestamp="20210120 20:47:00.834" level="INFO">Clicking element 'xpath://*[@id='btnSaveUser']'.</msg>
<status status="PASS" starttime="20210120 20:47:00.834" endtime="20210120 20:47:00.877"></status>
</kw>
<kw name="Sleep" library="BuiltIn">
<doc>Pauses the test executed for the given time.</doc>
<arguments>
<arg>${minWait}</arg>
</arguments>
<msg timestamp="20210120 20:47:02.879" level="INFO">Slept 2 seconds</msg>
<status status="PASS" starttime="20210120 20:47:00.877" endtime="20210120 20:47:02.879"></status>
</kw>
<kw name="Click Element" library="SeleniumLibrary">
<doc>Click the element identified by ``locator``.</doc>
<arguments>
<arg>${Okbutton}</arg>
</arguments>
<msg timestamp="20210120 20:47:02.880" level="INFO">Clicking element 'xpath:(//*[@class='jconfirm-buttons']/button)[1]'.</msg>
<status status="PASS" starttime="20210120 20:47:02.880" endtime="20210120 20:47:03.011"></status>
</kw>
<kw name="Sleep" library="BuiltIn">
<doc>Pauses the test executed for the given time.</doc>
<arguments>
<arg>${maxWait}</arg>
</arguments>
<msg timestamp="20210120 20:47:07.017" level="INFO">Slept 4 seconds</msg>
<status status="PASS" starttime="20210120 20:47:03.012" endtime="20210120 20:47:07.017"></status>
</kw>
<kw name="Click Element" library="SeleniumLibrary">
<doc>Click the element identified by ``locator``.</doc>
<arguments>
<arg>${UM_backbutton_loc}</arg>
</arguments>
<msg timestamp="20210120 20:47:07.019" level="INFO">Clicking element 'xpath://*[@id='BtnCommonBack']'.</msg>
<status status="PASS" starttime="20210120 20:47:07.018" endtime="20210120 20:47:07.110"></status>
</kw>
<kw name="Sleep" library="BuiltIn">
<doc>Pauses the test executed for the given time.</doc>
<arguments>
<arg>${minWait}</arg>
</arguments>
<msg timestamp="20210120 20:47:09.117" level="INFO">Slept 2 seconds</msg>
<status status="PASS" starttime="20210120 20:47:07.111" endtime="20210120 20:47:09.119"></status>
</kw>
<kw name="Input Text" library="SeleniumLibrary">
<doc>Types the given ``text`` into the text field identified by ``locator``.</doc>
<arguments>
<arg>${UM_LoginNameInSearch_loc}</arg>
<arg>${UM_LoginNameInSearch_data}</arg>
</arguments>
<msg timestamp="20210120 20:47:09.122" level="INFO">Typing text 'TestUser_005' into text field 'xpath://*[@id='txtsearchLoginName']'.</msg>
<status status="PASS" starttime="20210120 20:47:09.120" endtime="20210120 20:47:09.301"></status>
</kw>
<kw name="Sleep" library="BuiltIn">
<doc>Pauses the test executed for the given time.</doc>
<arguments>
<arg>${minWait}</arg>
</arguments>
<msg timestamp="20210120 20:47:11.309" level="INFO">Slept 2 seconds</msg>
<status status="PASS" starttime="20210120 20:47:09.301" endtime="20210120 20:47:11.309"></status>
</kw>
<kw name="Click Element" library="SeleniumLibrary">
<doc>Click the element identified by ``locator``.</doc>
<arguments>
<arg>${UM_searchbutton}</arg>
</arguments>
<msg timestamp="20210120 20:47:11.311" level="INFO">Clicking element 'xpath://*[@id='btnUserSearch']'.</msg>
<status status="PASS" starttime="20210120 20:47:11.310" endtime="20210120 20:47:11.435"></status>
</kw>
<kw name="Sleep" library="BuiltIn">
<doc>Pauses the test executed for the given time.</doc>
<arguments>
<arg>${maxWait}</arg>
</arguments>
<msg timestamp="20210120 20:47:15.436" level="INFO">Slept 4 seconds</msg>
<status status="PASS" starttime="20210120 20:47:11.435" endtime="20210120 20:47:15.436"></status>
</kw>
<kw name="Element Text Should Be" library="SeleniumLibrary">
<doc>Verifies that element ``locator`` contains exact the text ``expected``.</doc>
<arguments>
<arg>${UM_loginNameInGrid_loc}</arg>
<arg>${UM_loginNameInGrid_data}</arg>
</arguments>
<msg timestamp="20210120 20:47:15.438" level="INFO">Verifying element 'xpath://*[@id='Usergrid']/tbody/tr/td[3]' contains exact text 'TestUser_005'.</msg>
<status status="PASS" starttime="20210120 20:47:15.437" endtime="20210120 20:47:15.509"></status>
</kw>
<kw name="Sleep" library="BuiltIn">
<doc>Pauses the test executed for the given time.</doc>
<arguments>
<arg>${minWait}</arg>
</arguments>
<msg timestamp="20210120 20:47:17.513" level="INFO">Slept 2 seconds</msg>
<status status="PASS" starttime="20210120 20:47:15.509" endtime="20210120 20:47:17.513"></status>
</kw>
<kw name="Click Element" library="SeleniumLibrary">
<doc>Click the element identified by ``locator``.</doc>
<arguments>
<arg>${Logout1_loc}</arg>
</arguments>
<msg timestamp="20210120 20:47:17.514" level="INFO">Clicking element 'xpath://*[@id='userDropdown']'.</msg>
<status status="PASS" starttime="20210120 20:47:17.514" endtime="20210120 20:47:17.641"></status>
</kw>
<kw name="Sleep" library="BuiltIn">
<doc>Pauses the test executed for the given time.</doc>
<arguments>
<arg>${minWait}</arg>
</arguments>
<msg timestamp="20210120 20:47:19.645" level="INFO">Slept 2 seconds</msg>
<status status="PASS" starttime="20210120 20:47:17.642" endtime="20210120 20:47:19.646"></status>
</kw>
<kw name="Click Element" library="SeleniumLibrary">
<doc>Click the element identified by ``locator``.</doc>
<arguments>
<arg>${Logout2_loc}</arg>
</arguments>
<msg timestamp="20210120 20:47:19.647" level="INFO">Clicking element 'xpath://*[@onclick='Logout()']'.</msg>
<status status="PASS" starttime="20210120 20:47:19.647" endtime="20210120 20:47:20.720"></status>
</kw>
<kw name="Sleep" library="BuiltIn">
<doc>Pauses the test executed for the given time.</doc>
<arguments>
<arg>${minWait}</arg>
</arguments>
<msg timestamp="20210120 20:47:22.727" level="INFO">Slept 2 seconds</msg>
<status status="PASS" starttime="20210120 20:47:20.720" endtime="20210120 20:47:22.727"></status>
</kw>
<kw name="Close Browser" library="SeleniumLibrary">
<doc>Closes the current browser.</doc>
<status status="PASS" starttime="20210120 20:47:22.728" endtime="20210120 20:47:24.966"></status>
</kw>
<status status="PASS" starttime="20210120 20:46:44.380" endtime="20210120 20:47:24.966"></status>
</kw>
<status status="PASS" starttime="20210120 20:46:25.867" endtime="20210120 20:47:24.968" critical="yes"></status>
</test>
<status status="PASS" starttime="20210120 20:46:25.819" endtime="20210120 20:47:24.976"></status>
</suite>
<suite id="s1-s3" name="TC 3 EmployeeMaster tc" source="C:\Python Automation\AMS\Tests\TC_3_EmployeeMaster_tc.robot">
<test id="s1-s3-t1" name="Adding record in Employee Master">
<kw name="Login As Admin" library="General_keys">
<kw name="Sleep" library="BuiltIn">
<doc>Pauses the test executed for the given time.</doc>
<arguments>
<arg>${maxWait}</arg>
</arguments>
<msg timestamp="20210120 20:47:29.079" level="INFO">Slept 4 seconds</msg>
<status status="PASS" starttime="20210120 20:47:25.068" endtime="20210120 20:47:29.080"></status>
</kw>
<kw name="Open Browser" library="SeleniumLibrary">
<doc>Opens a new browser instance to the optional ``url``.</doc>
<arguments>
<arg>${Appurl}</arg>
<arg>${broswer}</arg>
</arguments>
<msg timestamp="20210120 20:47:29.081" level="INFO">Opening browser 'Chrome' to base url 'http://muthucsm-001-site11.btempurl.com/'.</msg>
<status status="PASS" starttime="20210120 20:47:29.080" endtime="20210120 20:47:46.847"></status>
</kw>
<kw name="Set Browser Implicit Wait" library="SeleniumLibrary">
<doc>Sets the implicit wait value used by Selenium.</doc>
<arguments>
<arg>${BrowserWait}</arg>
</arguments>
<status status="PASS" starttime="20210120 20:47:46.849" endtime="20210120 20:47:46.855"></status>
</kw>
<kw name="Maximize Browser Window" library="SeleniumLibrary">
<doc>Maximizes current browser window.</doc>
<status status="PASS" starttime="20210120 20:47:46.856" endtime="20210120 20:47:49.036"></status>
</kw>
<kw name="Input Text" library="SeleniumLibrary">
<doc>Types the given ``text`` into the text field identified by ``locator``.</doc>
<arguments>
<arg>${AdminUsername_loc}</arg>
<arg>${AdminUsername_data}</arg>
</arguments>
<msg timestamp="20210120 20:47:49.038" level="INFO">Typing text 'karthik' into text field '//*[@id='TxtUserName']'.</msg>
<status status="PASS" starttime="20210120 20:47:49.037" endtime="20210120 20:47:49.187"></status>
</kw>
<kw name="Input Password" library="SeleniumLibrary">
<doc>Types the given password into the text field identified by ``locator``.</doc>
<arguments>
<arg>${AdminPassword_loc}</arg>
<arg>${AdminPassword_data}</arg>
</arguments>
<msg timestamp="20210120 20:47:49.188" level="INFO">Typing password into text field '//*[@id='TxtPassword']'.</msg>
<msg timestamp="20210120 20:47:49.233" level="INFO">Temporally setting log level to: NONE</msg>
<msg timestamp="20210120 20:47:49.284" level="INFO">Log level changed from NONE to INFO.</msg>
<status status="PASS" starttime="20210120 20:47:49.187" endtime="20210120 20:47:49.285"></status>
</kw>
<kw name="Click Element" library="SeleniumLibrary">
<doc>Click the element identified by ``locator``.</doc>
<arguments>
<arg>${LoginButton}</arg>
</arguments>
<msg timestamp="20210120 20:47:49.285" level="INFO">Clicking element '//*[@onclick='Login()']'.</msg>
<status status="PASS" starttime="20210120 20:47:49.285" endtime="20210120 20:47:49.333"></status>
</kw>
<status status="PASS" starttime="20210120 20:47:25.067" endtime="20210120 20:47:49.334"></status>
</kw>
<kw name="Add Employee" library="EmployeeMaster_key">
<kw name="Click Element" library="SeleniumLibrary">
<doc>Click the element identified by ``locator``.</doc>
<arguments>
<arg>${EmployeeMasterMenu}</arg>
</arguments>
<msg timestamp="20210120 20:47:49.335" level="INFO">Clicking element 'xpath://*[contains(text(),' Employee Master')]'.</msg>
<status status="PASS" starttime="20210120 20:47:49.335" endtime="20210120 20:47:55.943"></status>
</kw>
<kw name="Sleep" library="BuiltIn">
<doc>Pauses the test executed for the given time.</doc>
<arguments>
<arg>${minWait}</arg>
</arguments>
<msg timestamp="20210120 20:47:57.953" level="INFO">Slept 2 seconds</msg>
<status status="PASS" starttime="20210120 20:47:55.944" endtime="20210120 20:47:57.954"></status>
</kw>
<kw name="Click Element" library="SeleniumLibrary">
<doc>Click the element identified by ``locator``.</doc>
<arguments>
<arg>${EM_addbn}</arg>
</arguments>
<msg timestamp="20210120 20:47:57.955" level="INFO">Clicking element 'xpath://*[@id='btnAddEmployeeDetail']'.</msg>
<status status="PASS" starttime="20210120 20:47:57.954" endtime="20210120 20:47:58.080"></status>
</kw>
<kw name="Input Text" library="SeleniumLibrary">
<doc>Types the given ``text`` into the text field identified by ``locator``.</doc>
<arguments>
<arg>${EM_firstname_loc}</arg>
<arg>${EM_firstname_data}</arg>
</arguments>
<msg timestamp="20210120 20:47:58.081" level="INFO">Typing text 'Anderson' into text field 'xpath://*[@id='TxtFirstName']'.</msg>
<status status="PASS" starttime="20210120 20:47:58.080" endtime="20210120 20:48:00.094"></status>
</kw>
<kw name="Input Text" library="SeleniumLibrary">
<doc>Types the given ``text`` into the text field identified by ``locator``.</doc>
<arguments>
<arg>${EM_lastname_loc}</arg>
<arg>${EM_lastname_data}</arg>
</arguments>
<msg timestamp="20210120 20:48:00.095" level="INFO">Typing text 'Test' into text field 'xpath://*[@id='TxtLastName']'.</msg>
<status status="PASS" starttime="20210120 20:48:00.095" endtime="20210120 20:48:00.187"></status>
</kw>
<kw name="Input Text" library="SeleniumLibrary">
<doc>Types the given ``text`` into the text field identified by ``locator``.</doc>
<arguments>
<arg>${EM_DOB_loc}</arg>
<arg>${EM_DOB_data}</arg>
</arguments>
<msg timestamp="20210120 20:48:00.187" level="INFO">Typing text '01-01-1987' into text field 'xpath://*[@id='TxtDOB']'.</msg>
<status status="PASS" starttime="20210120 20:48:00.187" endtime="20210120 20:48:00.283"></status>
</kw>
<kw name="Select From List By Label" library="SeleniumLibrary">
<doc>Selects options from selection list ``locator`` by ``labels``.</doc>
<arguments>
<arg>${EM_Nationality_loc}</arg>
<arg>${EM_Nationality_data}</arg>
</arguments>
<msg timestamp="20210120 20:48:00.284" level="INFO">Selecting options from selection list 'xpath://*[@id='DdlNationality']' by label Singaporean.</msg>
<status status="PASS" starttime="20210120 20:48:00.284" endtime="20210120 20:48:00.558"></status>
</kw>
<kw name="Select From List By Label" library="SeleniumLibrary">
<doc>Selects options from selection list ``locator`` by ``labels``.</doc>
<arguments>
<arg>${EM_EmployType_loc}</arg>
<arg>${EM_EmployType_data}</arg>
</arguments>
<msg timestamp="20210120 20:48:00.559" level="INFO">Selecting options from selection list 'xpath://*[@id='DdlEmployeeType']' by label Electrician Worker.</msg>
<status status="PASS" starttime="20210120 20:48:00.558" endtime="20210120 20:48:00.650"></status>
</kw>
<kw name="Input Text" library="SeleniumLibrary">
<doc>Types the given ``text`` into the text field identified by ``locator``.</doc>
<arguments>
<arg>${EM_Email_loc}</arg>
<arg>${EM_Email_data}</arg>
</arguments>
<msg timestamp="20210120 20:48:00.651" level="INFO">Typing text 'karthik@gmail.com' into text field 'xpath://*[@id='TxtEmail']'.</msg>
<status status="PASS" starttime="20210120 20:48:00.650" endtime="20210120 20:48:00.767"></status>
</kw>
<kw name="Input Text" library="SeleniumLibrary">
<doc>Types the given ``text`` into the text field identified by ``locator``.</doc>
<arguments>
<arg>${EM_mobnumber_loc}</arg>
<arg>${EM_mobnumber_data}</arg>
</arguments>
<msg timestamp="20210120 20:48:00.768" level="INFO">Typing text '98745635' into text field 'xpath://*[@id='TxtMobileNo']'.</msg>
<status status="PASS" starttime="20210120 20:48:00.768" endtime="20210120 20:48:00.853"></status>
</kw>
<kw name="Input Text" library="SeleniumLibrary">
<doc>Types the given ``text`` into the text field identified by ``locator``.</doc>
<arguments>
<arg>${EM_SecondaryMob_loc}</arg>
<arg>${EM_SecondaryMob_data}</arg>
</arguments>
<msg timestamp="20210120 20:48:00.853" level="INFO">Typing text '89654122' into text field 'xpath://*[@id='TxtSecondaryMobileNo']'.</msg>
<status status="PASS" starttime="20210120 20:48:00.853" endtime="20210120 20:48:00.938"></status>
</kw>
<kw name="Input Text" library="SeleniumLibrary">
<doc>Types the given ``text`` into the text field identified by ``locator``.</doc>
<arguments>
<arg>${EM_SecondaryEmail_loc}</arg>
<arg>${EM_SecondaryEmail_data}</arg>
</arguments>
<msg timestamp="20210120 20:48:00.938" level="INFO">Typing text 'TestEmail@gmail.com' into text field 'xpath://*[@id='TxtSecondaryEmail']'.</msg>
<status status="PASS" starttime="20210120 20:48:00.938" endtime="20210120 20:48:01.052"></status>
</kw>
<kw name="Input Text" library="SeleniumLibrary">
<doc>Types the given ``text`` into the text field identified by ``locator``.</doc>
<arguments>
<arg>${EM_ContactAddress1_loc}</arg>
<arg>${EM_ContactAddress1_data}</arg>
</arguments>
<msg timestamp="20210120 20:48:01.052" level="INFO">Typing text '123' into text field 'xpath://*[@id='TxtContactAddress1']'.</msg>
<status status="PASS" starttime="20210120 20:48:01.052" endtime="20210120 20:48:01.133"></status>
</kw>
<kw name="Input Text" library="SeleniumLibrary">
<doc>Types the given ``text`` into the text field identified by ``locator``.</doc>
<arguments>
<arg>${EM_ContactAddress2_loc}</arg>
<arg>${EM_ContactAddress2_data}</arg>
</arguments>
<msg timestamp="20210120 20:48:01.134" level="INFO">Typing text '11' into text field 'xpath://*[@id='TxtContactAddress2']'.</msg>
<status status="PASS" starttime="20210120 20:48:01.133" endtime="20210120 20:48:01.213"></status>
</kw>
<kw name="Input Text" library="SeleniumLibrary">
<doc>Types the given ``text`` into the text field identified by ``locator``.</doc>
<arguments>
<arg>${EM_ContactAddress3_loc}</arg>
<arg>${EM_ContactAddress3_data}</arg>
</arguments>
<msg timestamp="20210120 20:48:01.214" level="INFO">Typing text '478965' into text field 'xpath://*[@id='TxtContactAddress3']'.</msg>
<status status="PASS" starttime="20210120 20:48:01.213" endtime="20210120 20:48:01.299"></status>
</kw>
<kw name="Input Text" library="SeleniumLibrary">
<doc>Types the given ``text`` into the text field identified by ``locator``.</doc>
<arguments>
<arg>${EM_HomeAddress1_loc}</arg>
<arg>${EM_HomeAddress1_data}</arg>
</arguments>
<msg timestamp="20210120 20:48:01.300" level="INFO">Typing text '124' into text field 'xpath://*[@id='TxtHomeAddress1']'.</msg>
<status status="PASS" starttime="20210120 20:48:01.299" endtime="20210120 20:48:01.383"></status>
</kw>
<kw name="Input Text" library="SeleniumLibrary">
<doc>Types the given ``text`` into the text field identified by ``locator``.</doc>
<arguments>
<arg>${EM_HomeAddress2_loc}</arg>
<arg>${EM_HomeAddress2_data}</arg>
</arguments>
<msg timestamp="20210120 20:48:01.384" level="INFO">Typing text '12' into text field 'xpath://*[@id='TxtHomeAddress2']'.</msg>
<status status="PASS" starttime="20210120 20:48:01.383" endtime="20210120 20:48:01.465"></status>
</kw>
<kw name="Input Text" library="SeleniumLibrary">
<doc>Types the given ``text`` into the text field identified by ``locator``.</doc>
<arguments>
<arg>${EM_HomeAddress3_loc}</arg>
<arg>${EM_HomeAddress3_data}</arg>
</arguments>
<msg timestamp="20210120 20:48:01.465" level="INFO">Typing text '478965' into text field 'xpath://*[@id='TxtHomeAddress3']'.</msg>
<status status="PASS" starttime="20210120 20:48:01.465" endtime="20210120 20:48:01.558"></status>
</kw>
<kw name="Click Element" library="SeleniumLibrary">
<doc>Click the element identified by ``locator``.</doc>
<arguments>
<arg>${EM_Male_loc}</arg>
</arguments>
<msg timestamp="20210120 20:48:01.559" level="INFO">Clicking element 'xpath://*[@id='RdlMaleGender']'.</msg>
<status status="PASS" starttime="20210120 20:48:01.558" endtime="20210120 20:48:01.607"></status>
</kw>
<kw name="Input Text" library="SeleniumLibrary">
<doc>Types the given ``text`` into the text field identified by ``locator``.</doc>
<arguments>
<arg>${EM_ContactPersonName_loc}</arg>
<arg>${EM_ContactPersonName_data}</arg>
</arguments>
<msg timestamp="20210120 20:48:01.608" level="INFO">Typing text 'Rafael' into text field 'xpath://*[@id='TxtContactPersonName']'.</msg>
<status status="PASS" starttime="20210120 20:48:01.607" endtime="20210120 20:48:01.700"></status>
</kw>
<kw name="Input Text" library="SeleniumLibrary">
<doc>Types the given ``text`` into the text field identified by ``locator``.</doc>
<arguments>
<arg>${EM_ContactPersonMob_loc}</arg>
<arg>${EM_ContactPersonMob_data}</arg>
</arguments>
<msg timestamp="20210120 20:48:01.701" level="INFO">Typing text '45698523' into text field 'xpath://*[@id='TxtContactPersonMobileNo']'.</msg>
<status status="PASS" starttime="20210120 20:48:01.700" endtime="20210120 20:48:01.789"></status>
</kw>
<kw name="Input Text" library="SeleniumLibrary">
<doc>Types the given ``text`` into the text field identified by ``locator``.</doc>
<arguments>
<arg>${EM_ContactPersonEmail_loc}</arg>
<arg>${EM_ContactPersonEmail_data}</arg>
</arguments>
<msg timestamp="20210120 20:48:01.790" level="INFO">Typing text 'Rafael@gmail.com' into text field 'xpath://*[@id='TxtContactPersonEmail']'.</msg>
<status status="PASS" starttime="20210120 20:48:01.789" endtime="20210120 20:48:01.891"></status>
</kw>
<kw name="Execute Javascript" library="SeleniumLibrary">
<doc>Executes the given JavaScript code with possible arguments.</doc>
<arguments>
<arg>window.scrollBy(900, 900)</arg>
</arguments>
<msg timestamp="20210120 20:48:01.891" level="INFO">Executing JavaScript:
window.scrollBy(900, 900)
Without any arguments.</msg>
<status status="PASS" starttime="20210120 20:48:01.891" endtime="20210120 20:48:01.898"></status>
</kw>
<kw name="Sleep" library="BuiltIn">
<doc>Pauses the test executed for the given time.</doc>
<arguments>
<arg>${minWait}</arg>
</arguments>
<msg timestamp="20210120 20:48:03.913" level="INFO">Slept 2 seconds</msg>
<status status="PASS" starttime="20210120 20:48:01.898" endtime="20210120 20:48:03.914"></status>
</kw>
<kw name="Input Text" library="SeleniumLibrary">
<doc>Types the given ``text`` into the text field identified by ``locator``.</doc>
<arguments>
<arg>${EM_ContactPersonAddress1_loc}</arg>
<arg>${EM_ContactPersonAddress1_data}</arg>
</arguments>
<msg timestamp="20210120 20:48:03.916" level="INFO">Typing text '111' into text field 'xpath://*[@id='TxtContactPersonAddress1']'.</msg>
<status status="PASS" starttime="20210120 20:48:03.915" endtime="20210120 20:48:04.055"></status>
</kw>
<kw name="Input Text" library="SeleniumLibrary">
<doc>Types the given ``text`` into the text field identified by ``locator``.</doc>
<arguments>
<arg>${EM_ContactPersonAddress2_loc}</arg>
<arg>${EM_ContactPersonAddress2_data}</arg>
</arguments>
<msg timestamp="20210120 20:48:04.056" level="INFO">Typing text '14' into text field 'xpath://*[@id='TxtContactPersonAddress2']'.</msg>
<status status="PASS" starttime="20210120 20:48:04.055" endtime="20210120 20:48:04.135"></status>
</kw>
<kw name="Input Text" library="SeleniumLibrary">
<doc>Types the given ``text`` into the text field identified by ``locator``.</doc>
<arguments>
<arg>${EM_ContactPersonAddress3_loc}</arg>
<arg>${EM_ContactPersonAddress3_data}</arg>
</arguments>
<msg timestamp="20210120 20:48:04.135" level="INFO">Typing text '789654' into text field 'xpath://*[@id='TxtContactPersonAddress3']'.</msg>
<status status="PASS" starttime="20210120 20:48:04.135" endtime="20210120 20:48:04.224"></status>
</kw>
<kw name="Click Element" library="SeleniumLibrary">
<doc>Click the element identified by ``locator``.</doc>
<arguments>
<arg>${EM_savebn}</arg>
</arguments>
<msg timestamp="20210120 20:48:04.225" level="INFO">Clicking element 'xpath://*[@id='btnEmployeeSave']'.</msg>
<status status="PASS" starttime="20210120 20:48:04.224" endtime="20210120 20:48:04.279"></status>
</kw>
<kw name="Sleep" library="BuiltIn">
<doc>Pauses the test executed for the given time.</doc>
<arguments>
<arg>${maxWait}</arg>
</arguments>
<msg timestamp="20210120 20:48:08.288" level="INFO">Slept 4 seconds</msg>
<status status="PASS" starttime="20210120 20:48:04.279" endtime="20210120 20:48:08.289"></status>
</kw>
<kw name="Click Element" library="SeleniumLibrary">
<doc>Click the element identified by ``locator``.</doc>
<arguments>
<arg>${Okbutton}</arg>
</arguments>
<msg timestamp="20210120 20:48:08.291" level="INFO">Clicking element 'xpath:(//*[@class='jconfirm-buttons']/button)[1]'.</msg>
<status status="PASS" starttime="20210120 20:48:08.290" endtime="20210120 20:48:08.400"></status>
</kw>
<kw name="Sleep" library="BuiltIn">
<doc>Pauses the test executed for the given time.</doc>
<arguments>
<arg>${maxWait}</arg>
</arguments>
<msg timestamp="20210120 20:48:12.417" level="INFO">Slept 4 seconds</msg>
<status status="PASS" starttime="20210120 20:48:08.400" endtime="20210120 20:48:12.418"></status>
</kw>
<kw name="Click Element" library="SeleniumLibrary">
<doc>Click the element identified by ``locator``.</doc>
<arguments>
<arg>${UM_backbutton_loc}</arg>
</arguments>
<msg timestamp="20210120 20:48:12.419" level="INFO">Clicking element 'xpath://*[@id='BtnCommonBack']'.</msg>
<status status="PASS" starttime="20210120 20:48:12.418" endtime="20210120 20:48:12.532"></status>
</kw>
<kw name="Sleep" library="BuiltIn">
<doc>Pauses the test executed for the given time.</doc>
<arguments>
<arg>${minWait}</arg>
</arguments>
<msg timestamp="20210120 20:48:14.535" level="INFO">Slept 2 seconds</msg>
<status status="PASS" starttime="20210120 20:48:12.533" endtime="20210120 20:48:14.536"></status>
</kw>
<kw name="Input Text" library="SeleniumLibrary">
<doc>Types the given ``text`` into the text field identified by ``locator``.</doc>
<arguments>
<arg>${EM_EmployeeNameInSearch_loc}</arg>
<arg>${EM_EmployeeNameInSearch_data}</arg>
</arguments>
<msg timestamp="20210120 20:48:14.537" level="INFO">Typing text 'Anderson Test' into text field 'xpath://*[@id='TxtSearchEmployeeName']'.</msg>
<status status="PASS" starttime="20210120 20:48:14.536" endtime="20210120 20:48:14.733"></status>
</kw>
<kw name="Click Element" library="SeleniumLibrary">
<doc>Click the element identified by ``locator``.</doc>
<arguments>
<arg>${EM_Searchbn}</arg>
</arguments>
<msg timestamp="20210120 20:48:14.733" level="INFO">Clicking element 'xpath://*[@id='btnEmployeeSearch']'.</msg>
<status status="PASS" starttime="20210120 20:48:14.733" endtime="20210120 20:48:14.783"></status>
</kw>
<kw name="Sleep" library="BuiltIn">
<doc>Pauses the test executed for the given time.</doc>
<arguments>
<arg>${minWait}</arg>
</arguments>
<msg timestamp="20210120 20:48:16.793" level="INFO">Slept 2 seconds</msg>
<status status="PASS" starttime="20210120 20:48:14.783" endtime="20210120 20:48:16.794"></status>
</kw>
<kw name="Click Element" library="SeleniumLibrary">
<doc>Click the element identified by ``locator``.</doc>
<arguments>
<arg>${EM_AdditionalInfo}</arg>
</arguments>
<msg timestamp="20210120 20:48:16.796" level="INFO">Clicking element 'xpath://*[@id='GrdEmployee']/tbody/tr/td[9]'.</msg>
<status status="PASS" starttime="20210120 20:48:16.795" endtime="20210120 20:48:16.944"></status>
</kw>
<kw name="Sleep" library="BuiltIn">
<doc>Pauses the test executed for the given time.</doc>
<arguments>
<arg>${minWait}</arg>
</arguments>
<msg timestamp="20210120 20:48:18.954" level="INFO">Slept 2 seconds</msg>
<status status="PASS" starttime="20210120 20:48:16.944" endtime="20210120 20:48:18.955"></status>
</kw>
<kw name="Click Element" library="SeleniumLibrary">
<doc>Click the element identified by ``locator``.</doc>
<arguments>
<arg>${EM_SalaryInfobn}</arg>
</arguments>
<msg timestamp="20210120 20:48:18.957" level="INFO">Clicking element 'xpath:(//*[contains(text(),'Salary Info')])[2]'.</msg>
<status status="PASS" starttime="20210120 20:48:18.955" endtime="20210120 20:48:19.080"></status>
</kw>
<kw name="Sleep" library="BuiltIn">
<doc>Pauses the test executed for the given time.</doc>
<arguments>
<arg>${minWait}</arg>
</arguments>
<msg timestamp="20210120 20:48:21.084" level="INFO">Slept 2 seconds</msg>
<status status="PASS" starttime="20210120 20:48:19.080" endtime="20210120 20:48:21.085"></status>
</kw>
<kw name="Select From List By Label" library="SeleniumLibrary">
<doc>Selects options from selection list ``locator`` by ``labels``.</doc>
<arguments>
<arg>${EM_ContractType_loc}</arg>
<arg>${EM_HourlyContractType_data}</arg>
</arguments>
<msg timestamp="20210120 20:48:21.087" level="INFO">Selecting options from selection list 'xpath://*[@id='DdlCompanyContractType']' by label Hourly Contract.</msg>
<status status="PASS" starttime="20210120 20:48:21.086" endtime="20210120 20:48:21.298"></status>
</kw>
<kw name="Input Text" library="SeleniumLibrary">
<doc>Types the given ``text`` into the text field identified by ``locator``.</doc>
<arguments>
<arg>${EM_NormalRateRange_loc}</arg>
<arg>${EM_HourlyNormalRateRange_data}</arg>
</arguments>
<msg timestamp="20210120 20:48:21.299" level="INFO">Typing text '1' into text field 'xpath://*[@id='TxtNRRateRange']'.</msg>
<status status="PASS" starttime="20210120 20:48:21.298" endtime="20210120 20:48:21.420"></status>
</kw>
<kw name="Input Text" library="SeleniumLibrary">
<doc>Types the given ``text`` into the text field identified by ``locator``.</doc>
<arguments>
<arg>${EM_NormalRate_loc}</arg>
<arg>${EM_HourlyNormalRate_data}</arg>
</arguments>
<msg timestamp="20210120 20:48:21.421" level="INFO">Typing text '22' into text field 'xpath://*[@id='TxtNormalRate']'.</msg>
<status status="PASS" starttime="20210120 20:48:21.420" endtime="20210120 20:48:21.505"></status>
</kw>
<kw name="Input Text" library="SeleniumLibrary">
<doc>Types the given ``text`` into the text field identified by ``locator``.</doc>
<arguments>
<arg>${EM_OTRange_loc}</arg>
<arg>${EM_HourlyOTRange_data}</arg>
</arguments>
<msg timestamp="20210120 20:48:21.506" level="INFO">Typing text '1.5' into text field 'xpath://*[@id='TxtOTRateRange']'.</msg>
<status status="PASS" starttime="20210120 20:48:21.505" endtime="20210120 20:48:21.592"></status>
</kw>
<kw name="Input Text" library="SeleniumLibrary">
<doc>Types the given ``text`` into the text field identified by ``locator``.</doc>
<arguments>
<arg>${EM_OTRate_loc}</arg>
<arg>${EM_HourlyOTRate_data}</arg>
</arguments>
<msg timestamp="20210120 20:48:21.592" level="INFO">Typing text '22' into text field 'xpath://*[@id='TxtOverTimeRate']'.</msg>
<status status="PASS" starttime="20210120 20:48:21.592" endtime="20210120 20:48:21.676"></status>
</kw>
<kw name="Input Text" library="SeleniumLibrary">
<doc>Types the given ``text`` into the text field identified by ``locator``.</doc>
<arguments>
<arg>${EM_PH/SHRange_loc}</arg>
<arg>${EM_HourlyPH/SHRange_data}</arg>
</arguments>
<msg timestamp="20210120 20:48:21.676" level="INFO">Typing text '2' into text field 'xpath://*[@id='TxtPHRateRange']'.</msg>
<status status="PASS" starttime="20210120 20:48:21.676" endtime="20210120 20:48:21.754"></status>
</kw>
<kw name="Input Text" library="SeleniumLibrary">
<doc>Types the given ``text`` into the text field identified by ``locator``.</doc>
<arguments>
<arg>${EM_PH/SHRate_loc}</arg>
<arg>${EM_HourlyPH/SHRate_data}</arg>
</arguments>
<msg timestamp="20210120 20:48:21.755" level="INFO">Typing text '22' into text field 'xpath://*[@id='TxtSUNPHRate']'.</msg>
<status status="PASS" starttime="20210120 20:48:21.755" endtime="20210120 20:48:21.835"></status>
</kw>
<kw name="Click Element" library="SeleniumLibrary">
<doc>Click the element identified by ``locator``.</doc>
<arguments>
<arg>${EM_Salalrysavebn}</arg>
</arguments>
<msg timestamp="20210120 20:48:21.836" level="INFO">Clicking element 'xpath://*[@id='btnEmployeeSalarySave']'.</msg>
<status status="PASS" starttime="20210120 20:48:21.836" endtime="20210120 20:48:21.884"></status>
</kw>
<kw name="Sleep" library="BuiltIn">
<doc>Pauses the test executed for the given time.</doc>
<arguments>
<arg>${minWait}</arg>
</arguments>
<msg timestamp="20210120 20:48:23.890" level="INFO">Slept 2 seconds</msg>
<status status="PASS" starttime="20210120 20:48:21.884" endtime="20210120 20:48:23.891"></status>
</kw>
<kw name="Click Element" library="SeleniumLibrary">
<doc>Click the element identified by ``locator``.</doc>
<arguments>
<arg>${Okbutton}</arg>
</arguments>
<msg timestamp="20210120 20:48:23.893" level="INFO">Clicking element 'xpath:(//*[@class='jconfirm-buttons']/button)[1]'.</msg>
<status status="PASS" starttime="20210120 20:48:23.892" endtime="20210120 20:48:23.998"></status>
</kw>
<kw name="Sleep" library="BuiltIn">
<doc>Pauses the test executed for the given time.</doc>
<arguments>
<arg>${maxWait}</arg>
</arguments>
<msg timestamp="20210120 20:48:28.012" level="INFO">Slept 4 seconds</msg>
<status status="PASS" starttime="20210120 20:48:23.998" endtime="20210120 20:48:28.013"></status>
</kw>
<kw name="Select From List By Label" library="SeleniumLibrary">
<doc>Selects options from selection list ``locator`` by ``labels``.</doc>
<arguments>
<arg>${EM_ContractType_loc}</arg>
<arg>${EM_DailyContractType_data}</arg>
</arguments>
<msg timestamp="20210120 20:48:28.015" level="INFO">Selecting options from selection list 'xpath://*[@id='DdlCompanyContractType']' by label Daily Contract.</msg>
<status status="PASS" starttime="20210120 20:48:28.014" endtime="20210120 20:48:28.159"></status>
</kw>
<kw name="Input Text" library="SeleniumLibrary">
<doc>Types the given ``text`` into the text field identified by ``locator``.</doc>
<arguments>
<arg>${EM_NormalRateRange_loc}</arg>
<arg>${EM_DailyNormalRateRange_data}</arg>
</arguments>
<msg timestamp="20210120 20:48:28.160" level="INFO">Typing text '1' into text field 'xpath://*[@id='TxtNRRateRange']'.</msg>
<status status="PASS" starttime="20210120 20:48:28.159" endtime="20210120 20:48:28.225"></status>
</kw>
<kw name="Input Text" library="SeleniumLibrary">
<doc>Types the given ``text`` into the text field identified by ``locator``.</doc>
<arguments>
<arg>${EM_NormalRate_loc}</arg>
<arg>${EM_DailyNormalRate_data}</arg>
</arguments>
<msg timestamp="20210120 20:48:28.226" level="INFO">Typing text '100' into text field 'xpath://*[@id='TxtNormalRate']'.</msg>
<status status="PASS" starttime="20210120 20:48:28.225" endtime="20210120 20:48:28.295"></status>
</kw>
<kw name="Input Text" library="SeleniumLibrary">
<doc>Types the given ``text`` into the text field identified by ``locator``.</doc>
<arguments>
<arg>${EM_OTRange_loc}</arg>
<arg>${EM_DailyOTRange_data}</arg>
</arguments>
<msg timestamp="20210120 20:48:28.296" level="INFO">Typing text '1.5' into text field 'xpath://*[@id='TxtOTRateRange']'.</msg>
<status status="PASS" starttime="20210120 20:48:28.295" endtime="20210120 20:48:28.352"></status>
</kw>
<kw name="Input Text" library="SeleniumLibrary">
<doc>Types the given ``text`` into the text field identified by ``locator``.</doc>
<arguments>
<arg>${EM_OTRate_loc}</arg>
<arg>${EM_DailyOTRate_data}</arg>
</arguments>
<msg timestamp="20210120 20:48:28.352" level="INFO">Typing text '22' into text field 'xpath://*[@id='TxtOverTimeRate']'.</msg>
<status status="PASS" starttime="20210120 20:48:28.352" endtime="20210120 20:48:28.409"></status>
</kw>
<kw name="Input Text" library="SeleniumLibrary">
<doc>Types the given ``text`` into the text field identified by ``locator``.</doc>
<arguments>
<arg>${EM_PH/SHRange_loc}</arg>
<arg>${EM_DailyPH/SHRange_data}</arg>
</arguments>
<msg timestamp="20210120 20:48:28.409" level="INFO">Typing text '2' into text field 'xpath://*[@id='TxtPHRateRange']'.</msg>
<status status="PASS" starttime="20210120 20:48:28.409" endtime="20210120 20:48:28.466"></status>
</kw>
<kw name="Input Text" library="SeleniumLibrary">
<doc>Types the given ``text`` into the text field identified by ``locator``.</doc>
<arguments>
<arg>${EM_PH/SHRate_loc}</arg>
<arg>${EM_DailyPH/SHRate_data}</arg>
</arguments>
<msg timestamp="20210120 20:48:28.466" level="INFO">Typing text '22' into text field 'xpath://*[@id='TxtSUNPHRate']'.</msg>
<status status="PASS" starttime="20210120 20:48:28.466" endtime="20210120 20:48:28.521"></status>
</kw>
<kw name="Click Element" library="SeleniumLibrary">
<doc>Click the element identified by ``locator``.</doc>
<arguments>
<arg>${EM_Salalrysavebn}</arg>
</arguments>
<msg timestamp="20210120 20:48:28.522" level="INFO">Clicking element 'xpath://*[@id='btnEmployeeSalarySave']'.</msg>
<status status="PASS" starttime="20210120 20:48:28.521" endtime="20210120 20:48:28.552"></status>
</kw>
<kw name="Sleep" library="BuiltIn">
<doc>Pauses the test executed for the given time.</doc>
<arguments>
<arg>${minWait}</arg>
</arguments>
<msg timestamp="20210120 20:48:30.566" level="INFO">Slept 2 seconds</msg>
<status status="PASS" starttime="20210120 20:48:28.552" endtime="20210120 20:48:30.567"></status>
</kw>
<kw name="Click Element" library="SeleniumLibrary">
<doc>Click the element identified by ``locator``.</doc>
<arguments>
<arg>${Okbutton}</arg>
</arguments>
<msg timestamp="20210120 20:48:30.569" level="INFO">Clicking element 'xpath:(//*[@class='jconfirm-buttons']/button)[1]'.</msg>
<status status="PASS" starttime="20210120 20:48:30.568" endtime="20210120 20:48:30.680"></status>
</kw>
<kw name="Sleep" library="BuiltIn">
<doc>Pauses the test executed for the given time.</doc>
<arguments>
<arg>${minWait}</arg>
</arguments>
<msg timestamp="20210120 20:48:32.693" level="INFO">Slept 2 seconds</msg>
<status status="PASS" starttime="20210120 20:48:30.680" endtime="20210120 20:48:32.694"></status>
</kw>
<kw name="Select From List By Label" library="SeleniumLibrary">
<doc>Selects options from selection list ``locator`` by ``labels``.</doc>
<arguments>
<arg>${EM_ContractType_loc}</arg>
<arg>${EM_MonthlyContractType_data}</arg>
</arguments>
<msg timestamp="20210120 20:48:32.696" level="INFO">Selecting options from selection list 'xpath://*[@id='DdlCompanyContractType']' by label Monthly Contract.</msg>
<status status="PASS" starttime="20210120 20:48:32.694" endtime="20210120 20:48:32.865"></status>
</kw>
<kw name="Input Text" library="SeleniumLibrary">
<doc>Types the given ``text`` into the text field identified by ``locator``.</doc>
<arguments>
<arg>${EM_NormalRateRange_loc}</arg>
<arg>${EM_MonthlyNormalRateRange_data}</arg>
</arguments>
<msg timestamp="20210120 20:48:32.866" level="INFO">Typing text '1' into text field 'xpath://*[@id='TxtNRRateRange']'.</msg>
<status status="PASS" starttime="20210120 20:48:32.865" endtime="20210120 20:48:32.954"></status>
</kw>
<kw name="Input Text" library="SeleniumLibrary">
<doc>Types the given ``text`` into the text field identified by ``locator``.</doc>
<arguments>
<arg>${EM_NormalRate_loc}</arg>
<arg>${EM_MonthlyNormalRate_data}</arg>
</arguments>
<msg timestamp="20210120 20:48:32.955" level="INFO">Typing text '1500' into text field 'xpath://*[@id='TxtNormalRate']'.</msg>
<status status="PASS" starttime="20210120 20:48:32.955" endtime="20210120 20:48:33.019"></status>
</kw>
<kw name="Input Text" library="SeleniumLibrary">
<doc>Types the given ``text`` into the text field identified by ``locator``.</doc>
<arguments>
<arg>${EM_OTRange_loc}</arg>
<arg>${EM_MonthlyOTRange_data}</arg>
</arguments>
<msg timestamp="20210120 20:48:33.019" level="INFO">Typing text '1.5' into text field 'xpath://*[@id='TxtOTRateRange']'.</msg>
<status status="PASS" starttime="20210120 20:48:33.019" endtime="20210120 20:48:33.077"></status>
</kw>
<kw name="Input Text" library="SeleniumLibrary">
<doc>Types the given ``text`` into the text field identified by ``locator``.</doc>
<arguments>
<arg>${EM_OTRate_loc}</arg>
<arg>${EM_MonthlyOTRate_data}</arg>
</arguments>
<msg timestamp="20210120 20:48:33.077" level="INFO">Typing text '22' into text field 'xpath://*[@id='TxtOverTimeRate']'.</msg>
<status status="PASS" starttime="20210120 20:48:33.077" endtime="20210120 20:48:33.133"></status>
</kw>
<kw name="Input Text" library="SeleniumLibrary">
<doc>Types the given ``text`` into the text field identified by ``locator``.</doc>
<arguments>
<arg>${EM_PH/SHRange_loc}</arg>
<arg>${EM_MonthlyPH/SHRange_data}</arg>
</arguments>
<msg timestamp="20210120 20:48:33.134" level="INFO">Typing text '2' into text field 'xpath://*[@id='TxtPHRateRange']'.</msg>
<status status="PASS" starttime="20210120 20:48:33.134" endtime="20210120 20:48:33.188"></status>
</kw>
<kw name="Input Text" library="SeleniumLibrary">
<doc>Types the given ``text`` into the text field identified by ``locator``.</doc>
<arguments>
<arg>${EM_PH/SHRate_loc}</arg>
<arg>${EM_MonthlyPH/SHRate_data}</arg>
</arguments>
<msg timestamp="20210120 20:48:33.189" level="INFO">Typing text '22' into text field 'xpath://*[@id='TxtSUNPHRate']'.</msg>
<status status="PASS" starttime="20210120 20:48:33.188" endtime="20210120 20:48:33.243"></status>
</kw>
<kw name="Click Element" library="SeleniumLibrary">
<doc>Click the element identified by ``locator``.</doc>
<arguments>
<arg>${EM_Salalrysavebn}</arg>
</arguments>
<msg timestamp="20210120 20:48:33.243" level="INFO">Clicking element 'xpath://*[@id='btnEmployeeSalarySave']'.</msg>
<status status="PASS" starttime="20210120 20:48:33.243" endtime="20210120 20:48:33.274"></status>
</kw>
<kw name="Sleep" library="BuiltIn">
<doc>Pauses the test executed for the given time.</doc>
<arguments>
<arg>${minWait}</arg>
</arguments>
<msg timestamp="20210120 20:48:35.277" level="INFO">Slept 2 seconds</msg>
<status status="PASS" starttime="20210120 20:48:33.274" endtime="20210120 20:48:35.277"></status>
</kw>
<kw name="Click Element" library="SeleniumLibrary">
<doc>Click the element identified by ``locator``.</doc>
<arguments>
<arg>${Okbutton}</arg>
</arguments>
<msg timestamp="20210120 20:48:35.279" level="INFO">Clicking element 'xpath:(//*[@class='jconfirm-buttons']/button)[1]'.</msg>
<status status="PASS" starttime="20210120 20:48:35.278" endtime="20210120 20:48:35.394"></status>
</kw>
<kw name="Sleep" library="BuiltIn">
<doc>Pauses the test executed for the given time.</doc>
<arguments>
<arg>${maxWait}</arg>
</arguments>
<msg timestamp="20210120 20:48:39.402" level="INFO">Slept 4 seconds</msg>
<status status="PASS" starttime="20210120 20:48:35.394" endtime="20210120 20:48:39.403"></status>
</kw>
<kw name="Click Element" library="SeleniumLibrary">
<doc>Click the element identified by ``locator``.</doc>
<arguments>
<arg>${UM_backbutton_loc}</arg>
</arguments>
<msg timestamp="20210120 20:48:39.404" level="INFO">Clicking element 'xpath://*[@id='BtnCommonBack']'.</msg>
<status status="PASS" starttime="20210120 20:48:39.403" endtime="20210120 20:48:39.509"></status>
</kw>
<kw name="Sleep" library="BuiltIn">
<doc>Pauses the test executed for the given time.</doc>
<arguments>
<arg>${minWait}</arg>
</arguments>
<msg timestamp="20210120 20:48:41.517" level="INFO">Slept 2 seconds</msg>
<status status="PASS" starttime="20210120 20:48:39.510" endtime="20210120 20:48:41.518"></status>
</kw>
<kw name="Input Text" library="SeleniumLibrary">
<doc>Types the given ``text`` into the text field identified by ``locator``.</doc>
<arguments>
<arg>${EM_EmployeeNameInSearch_loc}</arg>
<arg>${EM_EmployeeNameInSearch_data}</arg>
</arguments>
<msg timestamp="20210120 20:48:41.520" level="INFO">Typing text 'Anderson Test' into text field 'xpath://*[@id='TxtSearchEmployeeName']'.</msg>
<status status="PASS" starttime="20210120 20:48:41.518" endtime="20210120 20:48:41.740"></status>
</kw>
<kw name="Click Element" library="SeleniumLibrary">
<doc>Click the element identified by ``locator``.</doc>
<arguments>
<arg>${EM_Searchbn}</arg>
</arguments>
<msg timestamp="20210120 20:48:41.741" level="INFO">Clicking element 'xpath://*[@id='btnEmployeeSearch']'.</msg>
<status status="PASS" starttime="20210120 20:48:41.740" endtime="20210120 20:48:41.781"></status>
</kw>
<kw name="Sleep" library="BuiltIn">
<doc>Pauses the test executed for the given time.</doc>
<arguments>
<arg>${minWait}</arg>
</arguments>
<msg timestamp="20210120 20:48:43.794" level="INFO">Slept 2 seconds</msg>
<status status="PASS" starttime="20210120 20:48:41.781" endtime="20210120 20:48:43.794"></status>
</kw>
<kw name="Element Text Should Be" library="SeleniumLibrary">
<doc>Verifies that element ``locator`` contains exact the text ``expected``.</doc>
<arguments>
<arg>${EM_EmployeeNameInGrid_loc}</arg>
<arg>${EM_EmployeeNameInGrid_data}</arg>
</arguments>
<msg timestamp="20210120 20:48:43.796" level="INFO">Verifying element 'xpath://*[@id='GrdEmployee']/tbody/tr/td[2]' contains exact text 'Anderson Test'.</msg>
<status status="PASS" starttime="20210120 20:48:43.796" endtime="20210120 20:48:43.846"></status>
</kw>
<kw name="Sleep" library="BuiltIn">
<doc>Pauses the test executed for the given time.</doc>
<arguments>
<arg>${minWait}</arg>
</arguments>
<msg timestamp="20210120 20:48:45.851" level="INFO">Slept 2 seconds</msg>
<status status="PASS" starttime="20210120 20:48:43.847" endtime="20210120 20:48:45.852"></status>
</kw>
<kw name="Click Element" library="SeleniumLibrary">
<doc>Click the element identified by ``locator``.</doc>
<arguments>
<arg>${EM_AdditionalInfo}</arg>
</arguments>
<msg timestamp="20210120 20:48:45.853" level="INFO">Clicking element 'xpath://*[@id='GrdEmployee']/tbody/tr/td[9]'.</msg>
<status status="PASS" starttime="20210120 20:48:45.852" endtime="20210120 20:48:45.961"></status>
</kw>
<kw name="Sleep" library="BuiltIn">
<doc>Pauses the test executed for the given time.</doc>
<arguments>
<arg>${minWait}</arg>
</arguments>
<msg timestamp="20210120 20:48:47.971" level="INFO">Slept 2 seconds</msg>
<status status="PASS" starttime="20210120 20:48:45.961" endtime="20210120 20:48:47.972"></status>
</kw>
<kw name="Click Element" library="SeleniumLibrary">
<doc>Click the element identified by ``locator``.</doc>
<arguments>
<arg>${EM_AdditionalInfobn}</arg>
</arguments>
<msg timestamp="20210120 20:48:47.974" level="INFO">Clicking element 'xpath:(//*[contains(text(),'Additional Info')])[2]'.</msg>
<status status="PASS" starttime="20210120 20:48:47.972" endtime="20210120 20:48:48.114"></status>
</kw>
<kw name="Sleep" library="BuiltIn">
<doc>Pauses the test executed for the given time.</doc>
<arguments>
<arg>${minWait}</arg>
</arguments>
<msg timestamp="20210120 20:48:50.128" level="INFO">Slept 2 seconds</msg>
<status status="PASS" starttime="20210120 20:48:48.114" endtime="20210120 20:48:50.129"></status>
</kw>
<kw name="Input Text" library="SeleniumLibrary">
<doc>Types the given ``text`` into the text field identified by ``locator``.</doc>
<arguments>
<arg>${EM_PassportNumber_loc}</arg>
<arg>${EM_PassportNumber_data}</arg>
</arguments>
<msg timestamp="20210120 20:48:50.131" level="INFO">Typing text 'PP_005' into text field 'xpath://*[@id='TxtPassportNumber']'.</msg>
<status status="PASS" starttime="20210120 20:48:50.129" endtime="20210120 20:48:50.340"></status>
</kw>
<kw name="Input Text" library="SeleniumLibrary">
<doc>Types the given ``text`` into the text field identified by ``locator``.</doc>
<arguments>
<arg>${EM_PassportName_loc}</arg>
<arg>${EM_PassportName_data}</arg>
</arguments>
<msg timestamp="20210120 20:48:50.340" level="INFO">Typing text 'PassTest_005' into text field 'xpath://*[@id='TxtPassportName']'.</msg>
<status status="PASS" starttime="20210120 20:48:50.340" endtime="20210120 20:48:50.440"></status>
</kw>
<kw name="Input Text" library="SeleniumLibrary">
<doc>Types the given ``text`` into the text field identified by ``locator``.</doc>
<arguments>
<arg>${EM_CountryIssue_loc}</arg>
<arg>${EM_CountryIssue_data}</arg>
</arguments>
<msg timestamp="20210120 20:48:50.441" level="INFO">Typing text 'India' into text field 'xpath://*[@id='TxtCountryofIssue']'.</msg>
<status status="PASS" starttime="20210120 20:48:50.440" endtime="20210120 20:48:50.525"></status>
</kw>
<kw name="Input Text" library="SeleniumLibrary">
<doc>Types the given ``text`` into the text field identified by ``locator``.</doc>
<arguments>
<arg>${EM_PlaceOfIssue_loc}</arg>
<arg>${EM_PlaceOfIssue_data}</arg>
</arguments>
<msg timestamp="20210120 20:48:50.525" level="INFO">Typing text 'Delhi' into text field 'xpath://*[@id='TxtPlaceofIssue']'.</msg>
<status status="PASS" starttime="20210120 20:48:50.525" endtime="20210120 20:48:50.608"></status>
</kw>
<kw name="Input Text" library="SeleniumLibrary">
<doc>Types the given ``text`` into the text field identified by ``locator``.</doc>
<arguments>
<arg>${EM_DOI_loc}</arg>
<arg>${EM_DOI_data}</arg>
</arguments>
<msg timestamp="20210120 20:48:50.609" level="INFO">Typing text '01-Jan-2020' into text field 'xpath://*[@id='TxtPassportDateofIssue']'.</msg>
<status status="PASS" starttime="20210120 20:48:50.608" endtime="20210120 20:48:50.704"></status>
</kw>
<kw name="Input Text" library="SeleniumLibrary">
<doc>Types the given ``text`` into the text field identified by ``locator``.</doc>
<arguments>
<arg>${EM_DOE_loc}</arg>
<arg>${EM_DOE_data}</arg>
</arguments>
<msg timestamp="20210120 20:48:50.705" level="INFO">Typing text '06-Jan-2021' into text field 'xpath://*[@id='TxtPassportDateofExpiry']'.</msg>
<status status="PASS" starttime="20210120 20:48:50.705" endtime="20210120 20:48:50.833"></status>
</kw>
<kw name="Input Text" library="SeleniumLibrary">
<doc>Types the given ``text`` into the text field identified by ``locator``.</doc>
<arguments>
<arg>${EM_PassportAddress_loc}</arg>
<arg>${EM_PassportAddress_data}</arg>
</arguments>
<msg timestamp="20210120 20:48:50.834" level="INFO">Typing text '155 First Main Street,Delhi, India' into text field 'xpath://*[@id='TxtPassportAddress']'.</msg>
<status status="PASS" starttime="20210120 20:48:50.834" endtime="20210120 20:48:50.966"></status>
</kw>
<kw name="Click Element" library="SeleniumLibrary">
<doc>Click the element identified by ``locator``.</doc>
<arguments>
<arg>${EM_PassportSave}</arg>
</arguments>
<msg timestamp="20210120 20:48:50.966" level="INFO">Clicking element 'xpath://*[@id='btnSavePassportDetail']'.</msg>
<status status="PASS" starttime="20210120 20:48:50.966" endtime="20210120 20:48:51.012"></status>
</kw>
<kw name="Sleep" library="BuiltIn">
<doc>Pauses the test executed for the given time.</doc>
<arguments>
<arg>${maxWait}</arg>
</arguments>
<msg timestamp="20210120 20:48:55.015" level="INFO">Slept 4 seconds</msg>
<status status="PASS" starttime="20210120 20:48:51.012" endtime="20210120 20:48:55.016"></status>
</kw>
<kw name="Click Element" library="SeleniumLibrary">
<doc>Click the element identified by ``locator``.</doc>
<arguments>
<arg>${Okbutton}</arg>
</arguments>
<msg timestamp="20210120 20:48:55.018" level="INFO">Clicking element 'xpath:(//*[@class='jconfirm-buttons']/button)[1]'.</msg>
<status status="PASS" starttime="20210120 20:48:55.017" endtime="20210120 20:48:55.137"></status>
</kw>
<kw name="Sleep" library="BuiltIn">
<doc>Pauses the test executed for the given time.</doc>
<arguments>
<arg>${maxWait}</arg>
</arguments>
<msg timestamp="20210120 20:48:59.144" level="INFO">Slept 4 seconds</msg>
<status status="PASS" starttime="20210120 20:48:55.137" endtime="20210120 20:48:59.145"></status>
</kw>
<kw name="Element Text Should Be" library="SeleniumLibrary">
<doc>Verifies that element ``locator`` contains exact the text ``expected``.</doc>
<arguments>
<arg>${EM_VerifyPassportNumber_loc}</arg>
<arg>${EM_VerifyPassportNumber_data}</arg>
</arguments>
<msg timestamp="20210120 20:48:59.147" level="INFO">Verifying element 'xpath://*[@id='GrdPassport']/tbody/tr/td[1]' contains exact text 'PP_005'.</msg>
<status status="PASS" starttime="20210120 20:48:59.145" endtime="20210120 20:48:59.237"></status>
</kw>
<kw name="Sleep" library="BuiltIn">
<doc>Pauses the test executed for the given time.</doc>
<arguments>
<arg>${minWait}</arg>
</arguments>
<msg timestamp="20210120 20:49:01.246" level="INFO">Slept 2 seconds</msg>
<status status="PASS" starttime="20210120 20:48:59.237" endtime="20210120 20:49:01.247"></status>
</kw>
<kw name="Click Element" library="SeleniumLibrary">
<doc>Click the element identified by ``locator``.</doc>
<arguments>
<arg>${EM_WorkDetailsTab}</arg>
</arguments>
<msg timestamp="20210120 20:49:01.248" level="INFO">Clicking element 'xpath://*[@id='nav-profile-tab']'.</msg>
<status status="PASS" starttime="20210120 20:49:01.247" endtime="20210120 20:49:01.386"></status>
</kw>
<kw name="Sleep" library="BuiltIn">
<doc>Pauses the test executed for the given time.</doc>
<arguments>
<arg>${minWait}</arg>
</arguments>
<msg timestamp="20210120 20:49:03.389" level="INFO">Slept 2 seconds</msg>
<status status="PASS" starttime="20210120 20:49:01.386" endtime="20210120 20:49:03.390"></status>
</kw>
<kw name="Select From List By Label" library="SeleniumLibrary">
<doc>Selects options from selection list ``locator`` by ``labels``.</doc>
<arguments>
<arg>${EM_PassType_loc}</arg>
<arg>${EM_PassType_data}</arg>
</arguments>
<msg timestamp="20210120 20:49:03.392" level="INFO">Selecting options from selection list 'xpath://*[@id='DdlWorkPassType']' by label S pass.</msg>
<status status="PASS" starttime="20210120 20:49:03.391" endtime="20210120 20:49:03.566"></status>
</kw>
<kw name="Input Text" library="SeleniumLibrary">
<doc>Types the given ``text`` into the text field identified by ``locator``.</doc>
<arguments>
<arg>${EM_PassFINNumber_loc}</arg>
<arg>${EM_PassFINNumber_data}</arg>
</arguments>
<msg timestamp="20210120 20:49:03.566" level="INFO">Typing text 'FIN_005' into text field 'xpath://*[@id='TxtWorkPassFINNumber']'.</msg>
<status status="PASS" starttime="20210120 20:49:03.566" endtime="20210120 20:49:03.719"></status>
</kw>
<kw name="Input Text" library="SeleniumLibrary">
<doc>Types the given ``text`` into the text field identified by ``locator``.</doc>
<arguments>
<arg>${EM_WorkPassNumber_loc}</arg>
<arg>${EM_WorkPassNumber_data}</arg>
</arguments>
<msg timestamp="20210120 20:49:03.720" level="INFO">Typing text 'WKPass_005' into text field 'xpath://*[@id='TxtWorkPassNumber']'.</msg>
<status status="PASS" starttime="20210120 20:49:03.719" endtime="20210120 20:49:03.815"></status>
</kw>
<kw name="Input Text" library="SeleniumLibrary">
<doc>Types the given ``text`` into the text field identified by ``locator``.</doc>
<arguments>
<arg>${EM_PassDOI_loc}</arg>
<arg>${EM_PassDOI_data}</arg>
</arguments>
<msg timestamp="20210120 20:49:03.816" level="INFO">Typing text '10-Mar-2020' into text field 'xpath://*[@id='TxtWorkPassDateofIssue']'.</msg>
<status status="PASS" starttime="20210120 20:49:03.816" endtime="20210120 20:49:03.915"></status>
</kw>
<kw name="Input Text" library="SeleniumLibrary">
<doc>Types the given ``text`` into the text field identified by ``locator``.</doc>
<arguments>
<arg>${EM_PassDOE_loc}</arg>
<arg>${EM_PassDOE_data}</arg>
</arguments>
<msg timestamp="20210120 20:49:03.916" level="INFO">Typing text '25-Feb-2021' into text field 'xpath://*[@id='TxtWorkPassDateofExpiry']'.</msg>
<status status="PASS" starttime="20210120 20:49:03.916" endtime="20210120 20:49:04.020"></status>
</kw>
<kw name="Click Element" library="SeleniumLibrary">
<doc>Click the element identified by ``locator``.</doc>
<arguments>
<arg>${EM_WorkPassSave}</arg>
</arguments>
<msg timestamp="20210120 20:49:04.021" level="INFO">Clicking element 'xpath://*[@id='btnSaveWorkPassDetail']'.</msg>
<status status="PASS" starttime="20210120 20:49:04.020" endtime="20210120 20:49:04.087"></status>
</kw>
<kw name="Click Element" library="SeleniumLibrary">
<doc>Click the element identified by ``locator``.</doc>
<arguments>
<arg>${Okbutton}</arg>
</arguments>
<msg timestamp="20210120 20:49:04.088" level="INFO">Clicking element 'xpath:(//*[@class='jconfirm-buttons']/button)[1]'.</msg>
<status status="PASS" starttime="20210120 20:49:04.087" endtime="20210120 20:49:04.132"></status>
</kw>
<kw name="Sleep" library="BuiltIn">
<doc>Pauses the test executed for the given time.</doc>
<arguments>
<arg>${maxWait}</arg>
</arguments>
<msg timestamp="20210120 20:49:08.142" level="INFO">Slept 4 seconds</msg>
<status status="PASS" starttime="20210120 20:49:04.132" endtime="20210120 20:49:08.143"></status>
</kw>
<kw name="Element Text Should Be" library="SeleniumLibrary">
<doc>Verifies that element ``locator`` contains exact the text ``expected``.</doc>
<arguments>
<arg>${EM_VerifyworkPassdetails_loc}</arg>
<arg>${EM_VerifyworkPassdetails_data}</arg>
</arguments>
<msg timestamp="20210120 20:49:08.145" level="INFO">Verifying element 'xpath://*[@id='GrdWorkPass']/tbody/tr/td[1]' contains exact text 'S pass'.</msg>
<status status="PASS" starttime="20210120 20:49:08.143" endtime="20210120 20:49:08.207"></status>
</kw>
<kw name="Sleep" library="BuiltIn">
<doc>Pauses the test executed for the given time.</doc>
<arguments>
<arg>${minWait}</arg>
</arguments>
<msg timestamp="20210120 20:49:10.212" level="INFO">Slept 2 seconds</msg>
<status status="PASS" starttime="20210120 20:49:08.208" endtime="20210120 20:49:10.212"></status>
</kw>
<kw name="Click Element" library="SeleniumLibrary">
<doc>Click the element identified by ``locator``.</doc>
<arguments>
<arg>${EM_CoursedetailsTab}</arg>
</arguments>
<msg timestamp="20210120 20:49:10.214" level="INFO">Clicking element 'xpath://*[@id='nav-contact-tab']'.</msg>
<status status="PASS" starttime="20210120 20:49:10.213" endtime="20210120 20:49:10.342"></status>
</kw>
<kw name="Sleep" library="BuiltIn">
<doc>Pauses the test executed for the given time.</doc>
<arguments>
<arg>${minWait}</arg>
</arguments>
<msg timestamp="20210120 20:49:12.347" level="INFO">Slept 2 seconds</msg>
<status status="PASS" starttime="20210120 20:49:10.342" endtime="20210120 20:49:12.348"></status>
</kw>
<kw name="Input Text" library="SeleniumLibrary">
<doc>Types the given ``text`` into the text field identified by ``locator``.</doc>
<arguments>
<arg>${EM_CourseName_loc}</arg>
<arg>${EM_CourseName_data}</arg>
</arguments>
<msg timestamp="20210120 20:49:12.349" level="INFO">Typing text 'Painter_001' into text field 'xpath://*[@id='TxtCourseName']'.</msg>
<status status="PASS" starttime="20210120 20:49:12.348" endtime="20210120 20:49:12.501"></status>
</kw>
<kw name="Input Text" library="SeleniumLibrary">
<doc>Types the given ``text`` into the text field identified by ``locator``.</doc>
<arguments>
<arg>${EM_CourseCountryOfIssue_loc}</arg>
<arg>${EM_CourseCountryOfIssue_data}</arg>
</arguments>
<msg timestamp="20210120 20:49:12.502" level="INFO">Typing text 'Singapore' into text field 'xpath://*[@id='TxtCourseCountryofIssue']'.</msg>
<status status="PASS" starttime="20210120 20:49:12.501" endtime="20210120 20:49:12.593"></status>
</kw>
<kw name="Input Text" library="SeleniumLibrary">
<doc>Types the given ``text`` into the text field identified by ``locator``.</doc>
<arguments>
<arg>${EM_CoursePlaceOfIssue_loc}</arg>
<arg>${EM_CoursePlaceOfIssue_data}</arg>
</arguments>
<msg timestamp="20210120 20:49:12.594" level="INFO">Typing text 'Sengkang' into text field 'xpath://*[@id='TxtCoursePlaceofIssue']'.</msg>
<status status="PASS" starttime="20210120 20:49:12.594" endtime="20210120 20:49:12.680"></status>
</kw>
<kw name="Input Text" library="SeleniumLibrary">
<doc>Types the given ``text`` into the text field identified by ``locator``.</doc>
<arguments>
<arg>${EM_CourseDOI_loc}</arg>
<arg>${EM_CourseDOI_data}</arg>
</arguments>
<msg timestamp="20210120 20:49:12.680" level="INFO">Typing text '09-Jun-2020' into text field 'xpath://*[@id='TxtCourseDateofIssue']'.</msg>
<status status="PASS" starttime="20210120 20:49:12.680" endtime="20210120 20:49:12.780"></status>
</kw>
<kw name="Input Text" library="SeleniumLibrary">
<doc>Types the given ``text`` into the text field identified by ``locator``.</doc>
<arguments>
<arg>${EM_CourseDOE_loc}</arg>
<arg>${EM_CourseDOE_data}</arg>
</arguments>
<msg timestamp="20210120 20:49:12.781" level="INFO">Typing text '18-Feb-2021' into text field 'xpath://*[@id='TxtCourseDateofExpiry']'.</msg>
<status status="PASS" starttime="20210120 20:49:12.780" endtime="20210120 20:49:12.898"></status>
</kw>
<kw name="Sleep" library="BuiltIn">
<doc>Pauses the test executed for the given time.</doc>
<arguments>
<arg>${minWait}</arg>
</arguments>
<msg timestamp="20210120 20:49:14.910" level="INFO">Slept 2 seconds</msg>
<status status="PASS" starttime="20210120 20:49:12.898" endtime="20210120 20:49:14.911"></status>
</kw>
<kw name="Click Element" library="SeleniumLibrary">
<doc>Click the element identified by ``locator``.</doc>
<arguments>
<arg>${EM_CourseSave}</arg>
</arguments>
<msg timestamp="20210120 20:49:14.912" level="INFO">Clicking element 'xpath://*[@id='btnSaveCourseDetail']'.</msg>
<status status="PASS" starttime="20210120 20:49:14.911" endtime="20210120 20:49:15.050"></status>
</kw>
<kw name="Sleep" library="BuiltIn">
<doc>Pauses the test executed for the given time.</doc>
<arguments>
<arg>${minWait}</arg>
</arguments>
<msg timestamp="20210120 20:49:17.052" level="INFO">Slept 2 seconds</msg>
<status status="PASS" starttime="20210120 20:49:15.050" endtime="20210120 20:49:17.053"></status>
</kw>
<kw name="Click Element" library="SeleniumLibrary">
<doc>Click the element identified by ``locator``.</doc>
<arguments>
<arg>${Okbutton}</arg>
</arguments>
<msg timestamp="20210120 20:49:17.054" level="INFO">Clicking element 'xpath:(//*[@class='jconfirm-buttons']/button)[1]'.</msg>
<status status="PASS" starttime="20210120 20:49:17.053" endtime="20210120 20:49:17.175"></status>
</kw>
<kw name="Sleep" library="BuiltIn">
[...]
</kw>
<kw name="Sleep" library="BuiltIn">
<doc>Pauses the test executed for the given time.</doc>
<arguments>
<arg>${minWait}</arg>
</arguments>
<msg timestamp="20210120 20:58:56.653" level="INFO">Slept 2 seconds</msg>
<status status="PASS" starttime="20210120 20:58:54.649" endtime="20210120 20:58:56.654"></status>
</kw>
<status status="PASS" starttime="20210120 20:58:33.464" endtime="20210120 20:58:56.654"></status>
</kw>
<kw name="${i} = 3" type="foritem">
<kw name="Sleep" library="BuiltIn">
<doc>Pauses the test executed for the given time.</doc>
<arguments>
<arg>${minWait}</arg>
</arguments>
<msg timestamp="20210120 20:58:58.659" level="INFO">Slept 2 seconds</msg>
<status status="PASS" starttime="20210120 20:58:56.655" endtime="20210120 20:58:58.659"></status>
</kw>
<kw name="Select From List By Label" library="SeleniumLibrary">
<doc>Selects options from selection list ``locator`` by ``labels``.</doc>
<arguments>
<arg>${ID_EmployeeInCompanyAttendance_loc}</arg>
<arg>${ID_EmployeeName_data}[${i}]</arg>
</arguments>
<msg timestamp="20210120 20:58:58.661" level="INFO">Selecting options from selection list 'xpath://*[@id='DdlEmployeeName']' by label Anderson Test.</msg>
<status status="PASS" starttime="20210120 20:58:58.660" endtime="20210120 20:58:58.803"></status>
</kw>
<kw name="Sleep" library="BuiltIn">
<doc>Pauses the test executed for the given time.</doc>
<arguments>
<arg>${minWait}</arg>
</arguments>
<msg timestamp="20210120 20:59:00.818" level="INFO">Slept 2 seconds</msg>
<status status="PASS" starttime="20210120 20:58:58.804" endtime="20210120 20:59:00.819"></status>
</kw>
<kw name="Click Element" library="SeleniumLibrary">
<doc>Click the element identified by ``locator``.</doc>
<arguments>
<arg>${ID_CompanyDatepickerbn}</arg>
</arguments>
<msg timestamp="20210120 20:59:00.820" level="INFO">Clicking element 'xpath://*[@id='TxtDate']/parent::div/span/button'.</msg>
<status status="PASS" starttime="20210120 20:59:00.819" endtime="20210120 20:59:00.922"></status>
</kw>
<kw name="Sleep" library="BuiltIn">
<doc>Pauses the test executed for the given time.</doc>
<arguments>
<arg>${minWait}</arg>
</arguments>
<msg timestamp="20210120 20:59:02.932" level="INFO">Slept 2 seconds</msg>
<status status="PASS" starttime="20210120 20:59:00.922" endtime="20210120 20:59:02.932"></status>
</kw>
<kw name="Get From List" library="Collections">
<doc>Returns the value specified with an ``index`` from ``list``.</doc>
<arguments>
<arg>${ID_CompanyAttendance_Day}</arg>
<arg>${i}</arg>
</arguments>
<assign>
<var>${CompanyDayInvoice}</var>
</assign>
<msg timestamp="20210120 20:59:02.935" level="INFO">${CompanyDayInvoice} = 6</msg>
<status status="PASS" starttime="20210120 20:59:02.933" endtime="20210120 20:59:02.935"></status>
</kw>
<kw name="Click Element" library="SeleniumLibrary">
<doc>Click the element identified by ``locator``.</doc>
<arguments>
<arg>xpath://*[@day='${CompanyDayInvoice}']</arg>
</arguments>
<msg timestamp="20210120 20:59:02.937" level="INFO">Clicking element 'xpath://*[@day='6']'.</msg>
<status status="PASS" starttime="20210120 20:59:02.936" endtime="20210120 20:59:03.022"></status>
</kw>
<kw name="Sleep" library="BuiltIn">
<doc>Pauses the test executed for the given time.</doc>
<arguments>
<arg>${maxWait}</arg>
</arguments>
<msg timestamp="20210120 20:59:07.025" level="INFO">Slept 4 seconds</msg>
<status status="PASS" starttime="20210120 20:59:03.022" endtime="20210120 20:59:07.026"></status>
</kw>
<kw name="Click Element" library="SeleniumLibrary">
<doc>Click the element identified by ``locator``.</doc>
<arguments>
<arg>${ID_CompanyInvoiceAddbn}</arg>
</arguments>
<msg timestamp="20210120 20:59:07.027" level="INFO">Clicking element 'xpath://*[@id='btnInvoiceAttendenceSave']'.</msg>
<status status="PASS" starttime="20210120 20:59:07.026" endtime="20210120 20:59:07.121"></status>
</kw>
<kw name="Sleep" library="BuiltIn">
<doc>Pauses the test executed for the given time.</doc>
<arguments>
<arg>${minWait}</arg>
</arguments>
<msg timestamp="20210120 20:59:09.127" level="INFO">Slept 2 seconds</msg>
<status status="PASS" starttime="20210120 20:59:07.121" endtime="20210120 20:59:09.128"></status>
</kw>
<kw name="Click Element" library="SeleniumLibrary">
<doc>Click the element identified by ``locator``.</doc>
<arguments>
<arg>${Okbutton}</arg>
</arguments>
<msg timestamp="20210120 20:59:09.129" level="INFO">Clicking element 'xpath:(//*[@class='jconfirm-buttons']/button)[1]'.</msg>
<status status="PASS" starttime="20210120 20:59:09.128" endtime="20210120 20:59:09.241"></status>
</kw>
<kw name="Sleep" library="BuiltIn">
<doc>Pauses the test executed for the given time.</doc>
<arguments>
<arg>${minWait}</arg>
</arguments>
<msg timestamp="20210120 20:59:11.259" level="INFO">Slept 2 seconds</msg>
<status status="PASS" starttime="20210120 20:59:09.242" endtime="20210120 20:59:11.260"></status>
</kw>
<kw name="Click Element" library="SeleniumLibrary">
<doc>Click the element identified by ``locator``.</doc>
<arguments>
<arg>${ID_clearbn}</arg>
</arguments>
<msg timestamp="20210120 20:59:11.261" level="INFO">Clicking element 'xpath://*[@id='btnInvoiceDetailClear']'.</msg>
<status status="PASS" starttime="20210120 20:59:11.260" endtime="20210120 20:59:11.348"></status>
</kw>
<kw name="Sleep" library="BuiltIn">
<doc>Pauses the test executed for the given time.</doc>
<arguments>
<arg>${minWait}</arg>
</arguments>
<msg timestamp="20210120 20:59:13.360" level="INFO">Slept 2 seconds</msg>
<status status="PASS" starttime="20210120 20:59:11.349" endtime="20210120 20:59:13.360"></status>
</kw>
<kw name="Select From List By Label" library="SeleniumLibrary">
<doc>Selects options from selection list ``locator`` by ``labels``.</doc>
<arguments>
<arg>${ID_CompanyEmployeeNameInView_loc}</arg>
<arg>${ID_EmployeeName_data}[${i}]</arg>
</arguments>
<msg timestamp="20210120 20:59:13.362" level="INFO">Selecting options from selection list 'xpath://*[@id='DdlEmployeeNameSearch']' by label Anderson Test.</msg>
<status status="PASS" starttime="20210120 20:59:13.361" endtime="20210120 20:59:13.539"></status>
</kw>
<kw name="Sleep" library="BuiltIn">
<doc>Pauses the test executed for the given time.</doc>
<arguments>
<arg>${minWait}</arg>
</arguments>
<msg timestamp="20210120 20:59:15.541" level="INFO">Slept 2 seconds</msg>
<status status="PASS" starttime="20210120 20:59:13.539" endtime="20210120 20:59:15.541"></status>
</kw>
<kw name="Click Element" library="SeleniumLibrary">
<doc>Click the element identified by ``locator``.</doc>
<arguments>
<arg>${ID_CompanyattendanceSearchbn}</arg>
</arguments>
<msg timestamp="20210120 20:59:15.542" level="INFO">Clicking element 'xpath://*[@id='btnInvoiceDetailSearch']'.</msg>
<status status="PASS" starttime="20210120 20:59:15.542" endtime="20210120 20:59:15.603"></status>
</kw>
<kw name="Sleep" library="BuiltIn">
<doc>Pauses the test executed for the given time.</doc>
<arguments>
<arg>${minWait}</arg>
</arguments>
<msg timestamp="20210120 20:59:17.606" level="INFO">Slept 2 seconds</msg>
<status status="PASS" starttime="20210120 20:59:15.604" endtime="20210120 20:59:17.607"></status>
</kw>
<kw name="Element Text Should Be" library="SeleniumLibrary">
<doc>Verifies that element ``locator`` contains exact the text ``expected``.</doc>
<arguments>
<arg>${ID_VerifyEENameCompanyAttendance_loc}</arg>
<arg>${ID_EmployeeName_data}[${i}]</arg>
</arguments>
<msg timestamp="20210120 20:59:17.608" level="INFO">Verifying element 'xpath://*[starts-with(@id,'GrdInvoice')]/tbody/tr/td[2]' contains exact text 'Anderson Test'.</msg>
<status status="PASS" starttime="20210120 20:59:17.607" endtime="20210120 20:59:17.661"></status>
</kw>
<kw name="Sleep" library="BuiltIn">
<doc>Pauses the test executed for the given time.</doc>
<arguments>
<arg>${minWait}</arg>
</arguments>
<msg timestamp="20210120 20:59:19.676" level="INFO">Slept 2 seconds</msg>
<status status="PASS" starttime="20210120 20:59:17.662" endtime="20210120 20:59:19.676"></status>
</kw>
<status status="PASS" starttime="20210120 20:58:56.654" endtime="20210120 20:59:19.677"></status>
</kw>
<kw name="${i} = 4" type="foritem">
<kw name="Sleep" library="BuiltIn">
<doc>Pauses the test executed for the given time.</doc>
<arguments>
<arg>${minWait}</arg>
</arguments>
<msg timestamp="20210120 20:59:21.681" level="INFO">Slept 2 seconds</msg>
<status status="PASS" starttime="20210120 20:59:19.677" endtime="20210120 20:59:21.682"></status>
</kw>
<kw name="Select From List By Label" library="SeleniumLibrary">
<doc>Selects options from selection list ``locator`` by ``labels``.</doc>
<arguments>
<arg>${ID_EmployeeInCompanyAttendance_loc}</arg>
<arg>${ID_EmployeeName_data}[${i}]</arg>
</arguments>
<msg timestamp="20210120 20:59:21.683" level="INFO">Selecting options from selection list 'xpath://*[@id='DdlEmployeeName']' by label Anderson Test.</msg>
<status status="PASS" starttime="20210120 20:59:21.682" endtime="20210120 20:59:21.784"></status>
</kw>
<kw name="Sleep" library="BuiltIn">
<doc>Pauses the test executed for the given time.</doc>
<arguments>
<arg>${minWait}</arg>
</arguments>
<msg timestamp="20210120 20:59:23.788" level="INFO">Slept 2 seconds</msg>
<status status="PASS" starttime="20210120 20:59:21.784" endtime="20210120 20:59:23.789"></status>
</kw>
<kw name="Click Element" library="SeleniumLibrary">
<doc>Click the element identified by ``locator``.</doc>
<arguments>
<arg>${ID_CompanyDatepickerbn}</arg>
</arguments>
<msg timestamp="20210120 20:59:23.790" level="INFO">Clicking element 'xpath://*[@id='TxtDate']/parent::div/span/button'.</msg>
<status status="PASS" starttime="20210120 20:59:23.790" endtime="20210120 20:59:23.921"></status>
</kw>
<kw name="Sleep" library="BuiltIn">
<doc>Pauses the test executed for the given time.</doc>
<arguments>
<arg>${minWait}</arg>
</arguments>
<msg timestamp="20210120 20:59:25.931" level="INFO">Slept 2 seconds</msg>
<status status="PASS" starttime="20210120 20:59:23.923" endtime="20210120 20:59:25.932"></status>
</kw>
<kw name="Get From List" library="Collections">
<doc>Returns the value specified with an ``index`` from ``list``.</doc>
<arguments>
<arg>${ID_CompanyAttendance_Day}</arg>
<arg>${i}</arg>
</arguments>
<assign>
<var>${CompanyDayInvoice}</var>
</assign>
<msg timestamp="20210120 20:59:25.934" level="INFO">${CompanyDayInvoice} = 7</msg>
<status status="PASS" starttime="20210120 20:59:25.933" endtime="20210120 20:59:25.934"></status>
</kw>
<kw name="Click Element" library="SeleniumLibrary">
<doc>Click the element identified by ``locator``.</doc>
<arguments>
<arg>xpath://*[@day='${CompanyDayInvoice}']</arg>
</arguments>
<msg timestamp="20210120 20:59:25.935" level="INFO">Clicking element 'xpath://*[@day='7']'.</msg>
<status status="PASS" starttime="20210120 20:59:25.934" endtime="20210120 20:59:26.049"></status>
</kw>
<kw name="Sleep" library="BuiltIn">
<doc>Pauses the test executed for the given time.</doc>
<arguments>
<arg>${maxWait}</arg>
</arguments>
<msg timestamp="20210120 20:59:30.058" level="INFO">Slept 4 seconds</msg>
<status status="PASS" starttime="20210120 20:59:26.049" endtime="20210120 20:59:30.059"></status>
</kw>
<kw name="Click Element" library="SeleniumLibrary">
<doc>Click the element identified by ``locator``.</doc>
<arguments>
<arg>${ID_CompanyInvoiceAddbn}</arg>
</arguments>
<msg timestamp="20210120 20:59:30.060" level="INFO">Clicking element 'xpath://*[@id='btnInvoiceAttendenceSave']'.</msg>
<status status="PASS" starttime="20210120 20:59:30.059" endtime="20210120 20:59:30.141"></status>
</kw>
<kw name="Sleep" library="BuiltIn">
<doc>Pauses the test executed for the given time.</doc>
<arguments>
<arg>${minWait}</arg>
</arguments>
<msg timestamp="20210120 20:59:32.146" level="INFO">Slept 2 seconds</msg>
<status status="PASS" starttime="20210120 20:59:30.141" endtime="20210120 20:59:32.146"></status>
</kw>
<kw name="Click Element" library="SeleniumLibrary">
<doc>Click the element identified by ``locator``.</doc>
<arguments>
<arg>${Okbutton}</arg>
</arguments>
<msg timestamp="20210120 20:59:32.148" level="INFO">Clicking element 'xpath:(//*[@class='jconfirm-buttons']/button)[1]'.</msg>
<status status="PASS" starttime="20210120 20:59:32.147" endtime="20210120 20:59:32.280"></status>
</kw>
<kw name="Sleep" library="BuiltIn">
<doc>Pauses the test executed for the given time.</doc>
<arguments>
<arg>${minWait}</arg>
</arguments>
<msg timestamp="20210120 20:59:34.298" level="INFO">Slept 2 seconds</msg>
<status status="PASS" starttime="20210120 20:59:32.281" endtime="20210120 20:59:34.299"></status>
</kw>
<kw name="Click Element" library="SeleniumLibrary">
<doc>Click the element identified by ``locator``.</doc>
<arguments>
<arg>${ID_clearbn}</arg>
</arguments>
<msg timestamp="20210120 20:59:34.300" level="INFO">Clicking element 'xpath://*[@id='btnInvoiceDetailClear']'.</msg>
<status status="PASS" starttime="20210120 20:59:34.299" endtime="20210120 20:59:34.411"></status>
</kw>
<kw name="Sleep" library="BuiltIn">
<doc>Pauses the test executed for the given time.</doc>
<arguments>
<arg>${minWait}</arg>
</arguments>
<msg timestamp="20210120 20:59:36.416" level="INFO">Slept 2 seconds</msg>
<status status="PASS" starttime="20210120 20:59:34.411" endtime="20210120 20:59:36.416"></status>
</kw>
<kw name="Select From List By Label" library="SeleniumLibrary">
<doc>Selects options from selection list ``locator`` by ``labels``.</doc>
<arguments>
<arg>${ID_CompanyEmployeeNameInView_loc}</arg>
<arg>${ID_EmployeeName_data}[${i}]</arg>
</arguments>
<msg timestamp="20210120 20:59:36.417" level="INFO">Selecting options from selection list 'xpath://*[@id='DdlEmployeeNameSearch']' by label Anderson Test.</msg>
<status status="PASS" starttime="20210120 20:59:36.416" endtime="20210120 20:59:36.572"></status>
</kw>
<kw name="Sleep" library="BuiltIn">
<doc>Pauses the test executed for the given time.</doc>
<arguments>
<arg>${minWait}</arg>
</arguments>
<msg timestamp="20210120 20:59:38.581" level="INFO">Slept 2 seconds</msg>
<status status="PASS" starttime="20210120 20:59:36.572" endtime="20210120 20:59:38.582"></status>
</kw>
<kw name="Click Element" library="SeleniumLibrary">
<doc>Click the element identified by ``locator``.</doc>
<arguments>
<arg>${ID_CompanyattendanceSearchbn}</arg>
</arguments>
<msg timestamp="20210120 20:59:38.584" level="INFO">Clicking element 'xpath://*[@id='btnInvoiceDetailSearch']'.</msg>
<status status="PASS" starttime="20210120 20:59:38.583" endtime="20210120 20:59:38.653"></status>
</kw>
<kw name="Sleep" library="BuiltIn">
<doc>Pauses the test executed for the given time.</doc>
<arguments>
<arg>${minWait}</arg>
</arguments>
<msg timestamp="20210120 20:59:40.668" level="INFO">Slept 2 seconds</msg>
<status status="PASS" starttime="20210120 20:59:38.654" endtime="20210120 20:59:40.669"></status>
</kw>
<kw name="Element Text Should Be" library="SeleniumLibrary">
<doc>Verifies that element ``locator`` contains exact the text ``expected``.</doc>
<arguments>
<arg>${ID_VerifyEENameCompanyAttendance_loc}</arg>
<arg>${ID_EmployeeName_data}[${i}]</arg>
</arguments>
<msg timestamp="20210120 20:59:40.671" level="INFO">Verifying element 'xpath://*[starts-with(@id,'GrdInvoice')]/tbody/tr/td[2]' contains exact text 'Anderson Test'.</msg>
<status status="PASS" starttime="20210120 20:59:40.670" endtime="20210120 20:59:40.719"></status>
</kw>
<kw name="Sleep" library="BuiltIn">
<doc>Pauses the test executed for the given time.</doc>
<arguments>
<arg>${minWait}</arg>
</arguments>
<msg timestamp="20210120 20:59:42.722" level="INFO">Slept 2 seconds</msg>
<status status="PASS" starttime="20210120 20:59:40.720" endtime="20210120 20:59:42.722"></status>
</kw>
<status status="PASS" starttime="20210120 20:59:19.677" endtime="20210120 20:59:42.722"></status>
</kw>
<status status="PASS" starttime="20210120 20:57:47.345" endtime="20210120 20:59:42.722"></status>
</kw>
<kw name="Sleep" library="BuiltIn">
<doc>Pauses the test executed for the given time.</doc>
<arguments>
<arg>${maxWait}</arg>
</arguments>
<msg timestamp="20210120 20:59:46.731" level="INFO">Slept 4 seconds</msg>
<status status="PASS" starttime="20210120 20:59:42.722" endtime="20210120 20:59:46.732"></status>
</kw>
<kw name="Click Element" library="SeleniumLibrary">
<doc>Click the element identified by ``locator``.</doc>
<arguments>
<arg>${UM_backbutton_loc}</arg>
</arguments>
<msg timestamp="20210120 20:59:46.733" level="INFO">Clicking element 'xpath://*[@id='BtnCommonBack']'.</msg>
<status status="PASS" starttime="20210120 20:59:46.732" endtime="20210120 20:59:46.827"></status>
</kw>
<kw name="Sleep" library="BuiltIn">
<doc>Pauses the test executed for the given time.</doc>
<arguments>
<arg>${minWait}</arg>
</arguments>
<msg timestamp="20210120 20:59:48.843" level="INFO">Slept 2 seconds</msg>
<status status="PASS" starttime="20210120 20:59:46.828" endtime="20210120 20:59:48.844"></status>
</kw>
<kw name="Click Element" library="SeleniumLibrary">
<doc>Click the element identified by ``locator``.</doc>
<arguments>
<arg>${Logout1_loc}</arg>
</arguments>
<msg timestamp="20210120 20:59:48.845" level="INFO">Clicking element 'xpath://*[@id='userDropdown']'.</msg>
<status status="PASS" starttime="20210120 20:59:48.844" endtime="20210120 20:59:48.961"></status>
</kw>
<kw name="Sleep" library="BuiltIn">
<doc>Pauses the test executed for the given time.</doc>
<arguments>
<arg>${minWait}</arg>
</arguments>
<msg timestamp="20210120 20:59:50.969" level="INFO">Slept 2 seconds</msg>
<status status="PASS" starttime="20210120 20:59:48.961" endtime="20210120 20:59:50.970"></status>
</kw>
<kw name="Click Element" library="SeleniumLibrary">
<doc>Click the element identified by ``locator``.</doc>
<arguments>
<arg>${Logout2_loc}</arg>
</arguments>
<msg timestamp="20210120 20:59:50.971" level="INFO">Clicking element 'xpath://*[@onclick='Logout()']'.</msg>
<status status="PASS" starttime="20210120 20:59:50.970" endtime="20210120 20:59:51.609"></status>
</kw>
<kw name="Sleep" library="BuiltIn">
<doc>Pauses the test executed for the given time.</doc>
<arguments>
<arg>${minWait}</arg>
</arguments>
<msg timestamp="20210120 20:59:53.612" level="INFO">Slept 2 seconds</msg>
<status status="PASS" starttime="20210120 20:59:51.610" endtime="20210120 20:59:53.613"></status>
</kw>
<kw name="Close Browser" library="SeleniumLibrary">
<doc>Closes the current browser.</doc>
<status status="PASS" starttime="20210120 20:59:53.614" endtime="20210120 20:59:56.664"></status>
</kw>
<status status="PASS" starttime="20210120 20:56:12.901" endtime="20210120 20:59:56.665"></status>
</kw>
<status status="PASS" starttime="20210120 20:55:46.909" endtime="20210120 20:59:56.667" critical="yes"></status>
</test>
<status status="PASS" starttime="20210120 20:55:46.810" endtime="20210120 20:59:56.675"></status>
</suite>
<status status="PASS" starttime="20210120 20:45:35.175" endtime="20210120 20:59:56.692"></status>
</suite>
<statistics>
<total>
<stat pass="8" fail="0">Critical Tests</stat>
<stat pass="8" fail="0">All Tests</stat>
</total>
<tag>
</tag>
<suite>
<stat pass="8" fail="0" id="s1" name="Tests">Tests</stat>
<stat pass="1" fail="0" id="s1-s1" name="TC 1 RoleMaster tc">Tests.TC 1 RoleMaster tc</stat>
<stat pass="1" fail="0" id="s1-s2" name="TC 2 UserMaster tc">Tests.TC 2 UserMaster tc</stat>
<stat pass="1" fail="0" id="s1-s3" name="TC 3 EmployeeMaster tc">Tests.TC 3 EmployeeMaster tc</stat>
<stat pass="1" fail="0" id="s1-s4" name="TC 4 CompanyMaster tc">Tests.TC 4 CompanyMaster tc</stat>
<stat pass="1" fail="0" id="s1-s5" name="TC 5 BusinessDays tc">Tests.TC 5 BusinessDays tc</stat>
<stat pass="1" fail="0" id="s1-s6" name="TC 6 QuotationTemplate tc">Tests.TC 6 QuotationTemplate tc</stat>
<stat pass="1" fail="0" id="s1-s7" name="TC 7 QuotationDetails tc">Tests.TC 7 QuotationDetails tc</stat>
<stat pass="1" fail="0" id="s1-s8" name="TC 8 InvoiceDetails tc">Tests.TC 8 InvoiceDetails tc</stat>
</suite>
</statistics>
<errors>
</errors>
</robot>
