<?xml version="1.0" encoding="UTF-8"?>
<robot generator="Robot 3.2.2 (Python 3.7.9 on win32)" generated="20210216 18:44:40.154" rpa="false">
<suite id="s1" name="AMS" source="C:\Python Automation\AMS">
<suite id="s1-s1" name="Tests" source="C:\Python Automation\AMS\Tests">
<suite id="s1-s1-s1" name="TC 3 CompanyMaster tc" source="C:\Python Automation\AMS\Tests\TC_3_CompanyMaster_tc.robot">
<test id="s1-s1-s1-t1" name="Add Company in the Company Master">
<kw name="Login As Admin" library="General_keys">
<kw name="Sleep" library="BuiltIn">
<doc>Pauses the test executed for the given time.</doc>
<arguments>
<arg>${maxWait}</arg>
</arguments>
<msg timestamp="20210216 18:44:44.422" level="INFO">Slept 4 seconds</msg>
<status status="PASS" starttime="20210216 18:44:40.409" endtime="20210216 18:44:44.423"></status>
</kw>
<kw name="Open Browser" library="SeleniumLibrary">
<doc>Opens a new browser instance to the optional ``url``.</doc>
<arguments>
<arg>${Appurl}</arg>
<arg>${broswer}</arg>
</arguments>
<msg timestamp="20210216 18:44:44.429" level="INFO">Opening browser 'Chrome' to base url 'http://muthucsm-001-site11.btempurl.com/'.</msg>
<status status="PASS" starttime="20210216 18:44:44.425" endtime="20210216 18:46:45.764"></status>
</kw>
<kw name="Set Browser Implicit Wait" library="SeleniumLibrary">
<doc>Sets the implicit wait value used by Selenium.</doc>
<arguments>
<arg>${BrowserWait}</arg>
</arguments>
<status status="PASS" starttime="20210216 18:46:45.766" endtime="20210216 18:46:45.774"></status>
</kw>
<kw name="Maximize Browser Window" library="SeleniumLibrary">
<doc>Maximizes current browser window.</doc>
<status status="PASS" starttime="20210216 18:46:45.774" endtime="20210216 18:46:47.965"></status>
</kw>
<kw name="Input Text" library="SeleniumLibrary">
<doc>Types the given ``text`` into the text field identified by ``locator``.</doc>
<arguments>
<arg>${AdminUsername_loc}</arg>
<arg>${AdminUsername_data}</arg>
</arguments>
<msg timestamp="20210216 18:46:47.967" level="INFO">Typing text 'karthik' into text field '//*[@id='TxtUserName']'.</msg>
<status status="PASS" starttime="20210216 18:46:47.966" endtime="20210216 18:46:48.103"></status>
</kw>
<kw name="Input Password" library="SeleniumLibrary">
<doc>Types the given password into the text field identified by ``locator``.</doc>
<arguments>
<arg>${AdminPassword_loc}</arg>
<arg>${AdminPassword_data}</arg>
</arguments>
<msg timestamp="20210216 18:46:48.104" level="INFO">Typing password into text field '//*[@id='TxtPassword']'.</msg>
<msg timestamp="20210216 18:46:48.154" level="INFO">Temporally setting log level to: NONE</msg>
<msg timestamp="20210216 18:46:48.209" level="INFO">Log level changed from NONE to INFO.</msg>
<status status="PASS" starttime="20210216 18:46:48.104" endtime="20210216 18:46:48.209"></status>
</kw>
<kw name="Click Element" library="SeleniumLibrary">
<doc>Click the element identified by ``locator``.</doc>
<arguments>
<arg>${LoginButton}</arg>
</arguments>
<msg timestamp="20210216 18:46:48.211" level="INFO">Clicking element '//*[@onclick='Login()']'.</msg>
<status status="PASS" starttime="20210216 18:46:48.210" endtime="20210216 18:46:48.255"></status>
</kw>
<status status="PASS" starttime="20210216 18:44:40.408" endtime="20210216 18:46:48.255"></status>
</kw>
<kw name="Add Company in Company Master" library="CompanyMaster_key">
<kw name="Click Element" library="SeleniumLibrary">
<doc>Click the element identified by ``locator``.</doc>
<arguments>
<arg>${CompanyMaster_menu}</arg>
</arguments>
<msg timestamp="20210216 18:46:48.256" level="INFO">Clicking element '//*[contains(text(),'Company Master')]'.</msg>
<status status="PASS" starttime="20210216 18:46:48.256" endtime="20210216 18:47:14.822"></status>
</kw>
<kw name="Sleep" library="BuiltIn">
<doc>Pauses the test executed for the given time.</doc>
<arguments>
<arg>${minWait}</arg>
</arguments>
<msg timestamp="20210216 18:47:16.838" level="INFO">Slept 2 seconds</msg>
<status status="PASS" starttime="20210216 18:47:14.823" endtime="20210216 18:47:16.841"></status>
</kw>
<kw name="Input Text" library="SeleniumLibrary">
<doc>Types the given ``text`` into the text field identified by ``locator``.</doc>
<arguments>
<arg>${CM_CompanyNameInSearch_loc}</arg>
<arg>${CM_CompanyNameInSearch_data}</arg>
</arguments>
<msg timestamp="20210216 18:47:16.847" level="INFO">Typing text 'TestingCompany_504' into text field 'xpath://*[@id='TxtSearchCompanyName']'.</msg>
<status status="PASS" starttime="20210216 18:47:16.844" endtime="20210216 18:47:18.099"></status>
</kw>
<kw name="Sleep" library="BuiltIn">
<doc>Pauses the test executed for the given time.</doc>
<arguments>
<arg>${minWait}</arg>
</arguments>
<msg timestamp="20210216 18:47:20.108" level="INFO">Slept 2 seconds</msg>
<status status="PASS" starttime="20210216 18:47:18.099" endtime="20210216 18:47:20.109"></status>
</kw>
<kw name="Click Element" library="SeleniumLibrary">
<doc>Click the element identified by ``locator``.</doc>
<arguments>
<arg>${CM_SearchBn}</arg>
</arguments>
<msg timestamp="20210216 18:47:20.114" level="INFO">Clicking element 'xpath://*[@id='btnCompanySearch']'.</msg>
<status status="PASS" starttime="20210216 18:47:20.110" endtime="20210216 18:47:20.232"></status>
</kw>
<kw name="Sleep" library="BuiltIn">
<doc>Pauses the test executed for the given time.</doc>
<arguments>
<arg>${maxWait}</arg>
</arguments>
<msg timestamp="20210216 18:47:24.245" level="INFO">Slept 4 seconds</msg>
<status status="PASS" starttime="20210216 18:47:20.233" endtime="20210216 18:47:24.245"></status>
</kw>
<kw name="Click Element" library="SeleniumLibrary">
<doc>Click the element identified by ``locator``.</doc>
<arguments>
<arg>${CM_ActionBn}</arg>
</arguments>
<msg timestamp="20210216 18:47:24.249" level="INFO">Clicking element 'xpath://*[@id='Companygrid']/tbody/tr/td[8]'.</msg>
<status status="PASS" starttime="20210216 18:47:24.246" endtime="20210216 18:47:24.410"></status>
</kw>
<kw name="Set Window Size" library="SeleniumLibrary">
<doc>Sets current windows size to given ``width`` and ``height``.</doc>
<arguments>
<arg>1024</arg>
<arg>768</arg>
</arguments>
<status status="PASS" starttime="20210216 18:47:24.411" endtime="20210216 18:47:24.679"></status>
</kw>
<kw name="Sleep" library="BuiltIn">
<doc>Pauses the test executed for the given time.</doc>
<arguments>
<arg>${maxWait}</arg>
</arguments>
<msg timestamp="20210216 18:47:28.688" level="INFO">Slept 4 seconds</msg>
<status status="PASS" starttime="20210216 18:47:24.680" endtime="20210216 18:47:28.689"></status>
</kw>
<kw name="Click Element" library="SeleniumLibrary">
<doc>Click the element identified by ``locator``.</doc>
<arguments>
<arg>${CM_CompanyInfobn}</arg>
</arguments>
<msg timestamp="20210216 18:47:28.693" level="INFO">Clicking element 'xpath:(//*[contains(text(),'Company Info')])[2]'.</msg>
<status status="PASS" starttime="20210216 18:47:28.690" endtime="20210216 18:47:28.801"></status>
</kw>
<status status="PASS" starttime="20210216 18:46:48.255" endtime="20210216 18:47:28.803"></status>
</kw>
<status status="PASS" starttime="20210216 18:44:40.408" endtime="20210216 18:47:28.804" critical="yes"></status>
</test>
<status status="PASS" starttime="20210216 18:44:40.219" endtime="20210216 18:47:28.805"></status>
</suite>
<status status="PASS" starttime="20210216 18:44:40.215" endtime="20210216 18:47:28.809"></status>
</suite>
<status status="PASS" starttime="20210216 18:44:40.191" endtime="20210216 18:47:28.812"></status>
</suite>
<statistics>
<total>
<stat pass="1" fail="0">Critical Tests</stat>
<stat pass="1" fail="0">All Tests</stat>
</total>
<tag>
</tag>
<suite>
<stat pass="1" fail="0" id="s1" name="AMS">AMS</stat>
<stat pass="1" fail="0" id="s1-s1" name="Tests">AMS.Tests</stat>
<stat pass="1" fail="0" id="s1-s1-s1" name="TC 3 CompanyMaster tc">AMS.Tests.TC 3 CompanyMaster tc</stat>
</suite>
</statistics>
<errors>
</errors>
</robot>
