<?xml version="1.0" encoding="UTF-8"?>
<robot generator="Robot 3.2.2 (Python 3.7.9 on win32)" generated="20210215 15:50:45.646" rpa="false">
<suite id="s1" name="TC 1 UserMaster tc" source="C:\Python Automation\AMS\Tests\TC_1_UserMaster_tc.robot">
<test id="s1-t1" name="Log in to the application">
<kw name="Login As Admin" library="General_keys">
<kw name="Sleep" library="BuiltIn">
<doc>Pauses the test executed for the given time.</doc>
<arguments>
<arg>${maxWait}</arg>
</arguments>
<msg timestamp="20210215 15:50:49.848" level="INFO">Slept 4 seconds</msg>
<status status="PASS" starttime="20210215 15:50:45.844" endtime="20210215 15:50:49.848"></status>
</kw>
<kw name="Open Browser" library="SeleniumLibrary">
<doc>Opens a new browser instance to the optional ``url``.</doc>
<arguments>
<arg>${Appurl}</arg>
<arg>${broswer}</arg>
</arguments>
<msg timestamp="20210215 15:50:49.850" level="INFO">Opening browser 'Chrome' to base url 'http://muthucsm-001-site11.btempurl.com/'.</msg>
<status status="PASS" starttime="20210215 15:50:49.849" endtime="20210215 15:51:00.425"></status>
</kw>
<kw name="Set Browser Implicit Wait" library="SeleniumLibrary">
<doc>Sets the implicit wait value used by Selenium.</doc>
<arguments>
<arg>${BrowserWait}</arg>
</arguments>
<status status="PASS" starttime="20210215 15:51:00.426" endtime="20210215 15:51:00.430"></status>
</kw>
<kw name="Maximize Browser Window" library="SeleniumLibrary">
<doc>Maximizes current browser window.</doc>
<status status="PASS" starttime="20210215 15:51:00.430" endtime="20210215 15:51:02.607"></status>
</kw>
<kw name="Input Text" library="SeleniumLibrary">
<doc>Types the given ``text`` into the text field identified by ``locator``.</doc>
<arguments>
<arg>${AdminUsername_loc}</arg>
<arg>${AdminUsername_data}</arg>
</arguments>
<msg timestamp="20210215 15:51:02.609" level="INFO">Typing text 'karthik' into text field '//*[@id='TxtUserName']'.</msg>
<status status="PASS" starttime="20210215 15:51:02.607" endtime="20210215 15:51:02.801"></status>
</kw>
<kw name="Input Password" library="SeleniumLibrary">
<doc>Types the given password into the text field identified by ``locator``.</doc>
<arguments>
<arg>${AdminPassword_loc}</arg>
<arg>${AdminPassword_data}</arg>
</arguments>
<msg timestamp="20210215 15:51:02.802" level="INFO">Typing password into text field '//*[@id='TxtPassword']'.</msg>
<msg timestamp="20210215 15:51:02.850" level="INFO">Temporally setting log level to: NONE</msg>
<msg timestamp="20210215 15:51:02.906" level="INFO">Log level changed from NONE to INFO.</msg>
<status status="PASS" starttime="20210215 15:51:02.802" endtime="20210215 15:51:02.906"></status>
</kw>
<kw name="Click Element" library="SeleniumLibrary">
<doc>Click the element identified by ``locator``.</doc>
<arguments>
<arg>${LoginButton}</arg>
</arguments>
<msg timestamp="20210215 15:51:02.907" level="INFO">Clicking element '//*[@onclick='Login()']'.</msg>
<status status="PASS" starttime="20210215 15:51:02.906" endtime="20210215 15:51:02.958"></status>
</kw>
<status status="PASS" starttime="20210215 15:50:45.844" endtime="20210215 15:51:02.958"></status>
</kw>
<kw name="Add user" library="UserMaster_key">
<kw name="Click Element" library="SeleniumLibrary">
<doc>Click the element identified by ``locator``.</doc>
<arguments>
<arg>${UserMaster_menu}</arg>
</arguments>
<msg timestamp="20210215 15:51:02.960" level="INFO">Clicking element '//*[contains(text(),'User Master')]'.</msg>
<status status="PASS" starttime="20210215 15:51:02.959" endtime="20210215 15:51:09.932"></status>
</kw>
<kw name="Sleep" library="BuiltIn">
<doc>Pauses the test executed for the given time.</doc>
<arguments>
<arg>${minWait}</arg>
</arguments>
<msg timestamp="20210215 15:51:11.935" level="INFO">Slept 2 seconds</msg>
<status status="PASS" starttime="20210215 15:51:09.933" endtime="20210215 15:51:11.936"></status>
</kw>
<kw name="Click Element" library="SeleniumLibrary">
<doc>Click the element identified by ``locator``.</doc>
<arguments>
<arg>${UM_addbutton}</arg>
</arguments>
<msg timestamp="20210215 15:51:11.937" level="INFO">Clicking element 'xpath://*[@id='btnAddUser']'.</msg>
<status status="PASS" starttime="20210215 15:51:11.936" endtime="20210215 15:51:12.848"></status>
</kw>
<kw name="Sleep" library="BuiltIn">
<doc>Pauses the test executed for the given time.</doc>
<arguments>
<arg>${minWait}</arg>
</arguments>
<msg timestamp="20210215 15:51:14.853" level="INFO">Slept 2 seconds</msg>
<status status="PASS" starttime="20210215 15:51:12.848" endtime="20210215 15:51:14.854"></status>
</kw>
<kw name="Input Text" library="SeleniumLibrary">
<doc>Types the given ``text`` into the text field identified by ``locator``.</doc>
<arguments>
<arg>${UM_LoginName_loc}</arg>
<arg>${UM_LoginName_data}</arg>
</arguments>
<msg timestamp="20210215 15:51:14.856" level="INFO">Typing text 'Testuser507' into text field 'xpath://*[@id='txtLoginName']'.</msg>
<status status="PASS" starttime="20210215 15:51:14.855" endtime="20210215 15:51:15.113"></status>
</kw>
<kw name="Input Text" library="SeleniumLibrary">
<doc>Types the given ``text`` into the text field identified by ``locator``.</doc>
<arguments>
<arg>${UM_loginPass_loc}</arg>
<arg>${UM_loginPass_data}</arg>
</arguments>
<msg timestamp="20210215 15:51:15.114" level="INFO">Typing text 'Testing@123' into text field 'xpath://*[@id='txtPassword']'.</msg>
<status status="PASS" starttime="20210215 15:51:15.114" endtime="20210215 15:51:15.216"></status>
</kw>
<kw name="Input Text" library="SeleniumLibrary">
<doc>Types the given ``text`` into the text field identified by ``locator``.</doc>
<arguments>
<arg>${UM_loginFirstName_loc}</arg>
<arg>${UM_loginFirstName_data}</arg>
</arguments>
<msg timestamp="20210215 15:51:15.216" level="INFO">Typing text 'Testuser' into text field 'xpath://*[@id='txtFirstName']'.</msg>
<status status="PASS" starttime="20210215 15:51:15.216" endtime="20210215 15:51:15.305"></status>
</kw>
<kw name="Input Text" library="SeleniumLibrary">
<doc>Types the given ``text`` into the text field identified by ``locator``.</doc>
<arguments>
<arg>${UM_LoginLastName_loc}</arg>
<arg>${UM_LoginLastName_data}</arg>
</arguments>
<msg timestamp="20210215 15:51:15.305" level="INFO">Typing text 'TestUser1' into text field 'xpath://*[@id='txtLastName']'.</msg>
<status status="PASS" starttime="20210215 15:51:15.305" endtime="20210215 15:51:15.391"></status>
</kw>
<kw name="Select From List By Label" library="SeleniumLibrary">
<doc>Selects options from selection list ``locator`` by ``labels``.</doc>
<arguments>
<arg>${UM_selectRole_loc}</arg>
<arg>${UM_selectRole_data}</arg>
</arguments>
<msg timestamp="20210215 15:51:15.391" level="INFO">Selecting options from selection list 'xpath://*[@id='DdlUserRole']' by label TestUser_126.</msg>
<status status="PASS" starttime="20210215 15:51:15.391" endtime="20210215 15:51:15.463"></status>
</kw>
<kw name="Input Text" library="SeleniumLibrary">
<doc>Types the given ``text`` into the text field identified by ``locator``.</doc>
<arguments>
<arg>${UM_EmailID_loc}</arg>
<arg>${UM_EmailID_data}</arg>
</arguments>
<msg timestamp="20210215 15:51:15.464" level="INFO">Typing text 'karthikraja@indexinfosystems.com' into text field 'xpath://*[@id='txtUserEmailID']'.</msg>
<status status="PASS" starttime="20210215 15:51:15.463" endtime="20210215 15:51:15.590"></status>
</kw>
<kw name="Input Text" library="SeleniumLibrary">
<doc>Types the given ``text`` into the text field identified by ``locator``.</doc>
<arguments>
<arg>${UM_Mobilenumber_loc}</arg>
<arg>${UM_Mobilenumber_data}</arg>
</arguments>
<msg timestamp="20210215 15:51:15.590" level="INFO">Typing text '9874563214' into text field 'xpath://*[@id='txtUserMobileNumber']'.</msg>
<status status="PASS" starttime="20210215 15:51:15.590" endtime="20210215 15:51:15.682"></status>
</kw>
<kw name="Click Element" library="SeleniumLibrary">
<doc>Click the element identified by ``locator``.</doc>
<arguments>
<arg>${UM_Language_loc}</arg>
</arguments>
<msg timestamp="20210215 15:51:15.682" level="INFO">Clicking element 'xpath://*[@class='chosen-search-input default']'.</msg>
<status status="PASS" starttime="20210215 15:51:15.682" endtime="20210215 15:51:15.744"></status>
</kw>
<kw name="Sleep" library="BuiltIn">
<doc>Pauses the test executed for the given time.</doc>
<arguments>
<arg>${minWait}</arg>
</arguments>
<msg timestamp="20210215 15:51:17.744" level="INFO">Slept 2 seconds</msg>
<status status="PASS" starttime="20210215 15:51:15.744" endtime="20210215 15:51:17.745"></status>
</kw>
<kw name="Mouse Down" library="SeleniumLibrary">
<doc>Simulates pressing the left mouse button on the element ``locator``.</doc>
<arguments>
<arg>${UM_SelectLang_loc}</arg>
</arguments>
<msg timestamp="20210215 15:51:17.746" level="INFO">Simulating Mouse Down on element 'xpath://li[contains(text(),'English')]'.</msg>
<status status="PASS" starttime="20210215 15:51:17.745" endtime="20210215 15:51:18.090"></status>
</kw>
<kw name="Click Element" library="SeleniumLibrary">
<doc>Click the element identified by ``locator``.</doc>
<arguments>
<arg>${UM_SelectLang_loc}</arg>
</arguments>
<msg timestamp="20210215 15:51:18.092" level="INFO">Clicking element 'xpath://li[contains(text(),'English')]'.</msg>
<status status="PASS" starttime="20210215 15:51:18.091" endtime="20210215 15:51:18.213"></status>
</kw>
<kw name="Click Element" library="SeleniumLibrary">
<doc>Click the element identified by ``locator``.</doc>
<arguments>
<arg>${UM_MaleGender_loc}</arg>
</arguments>
<msg timestamp="20210215 15:51:18.213" level="INFO">Clicking element 'xpath://*[@id='RdlMaleGender']'.</msg>
<status status="PASS" starttime="20210215 15:51:18.213" endtime="20210215 15:51:18.277"></status>
</kw>
<kw name="Execute Javascript" library="SeleniumLibrary">
<doc>Executes the given JavaScript code with possible arguments.</doc>
<arguments>
<arg>window.scrollBy(900,900)</arg>
</arguments>
<msg timestamp="20210215 15:51:18.277" level="INFO">Executing JavaScript:
window.scrollBy(900,900)
Without any arguments.</msg>
<status status="PASS" starttime="20210215 15:51:18.277" endtime="20210215 15:51:18.283"></status>
</kw>
<kw name="Sleep" library="BuiltIn">
<doc>Pauses the test executed for the given time.</doc>
<arguments>
<arg>${minWait}</arg>
</arguments>
<msg timestamp="20210215 15:51:20.296" level="INFO">Slept 2 seconds</msg>
<status status="PASS" starttime="20210215 15:51:18.283" endtime="20210215 15:51:20.296"></status>
</kw>
<kw name="Click Element" library="SeleniumLibrary">
<doc>Click the element identified by ``locator``.</doc>
<arguments>
<arg>${UM_saveButton}</arg>
</arguments>
<msg timestamp="20210215 15:51:20.297" level="INFO">Clicking element 'xpath://*[@id='btnSaveUser']'.</msg>
<status status="PASS" starttime="20210215 15:51:20.296" endtime="20210215 15:51:20.440"></status>
</kw>
<kw name="Sleep" library="BuiltIn">
<doc>Pauses the test executed for the given time.</doc>
<arguments>
<arg>${minWait}</arg>
</arguments>
<msg timestamp="20210215 15:51:22.443" level="INFO">Slept 2 seconds</msg>
<status status="PASS" starttime="20210215 15:51:20.440" endtime="20210215 15:51:22.444"></status>
</kw>
<kw name="Click Element" library="SeleniumLibrary">
<doc>Click the element identified by ``locator``.</doc>
<arguments>
<arg>${Okbutton}</arg>
</arguments>
<msg timestamp="20210215 15:51:22.445" level="INFO">Clicking element 'xpath:(//*[@class='jconfirm-buttons']/button)[1]'.</msg>
<status status="PASS" starttime="20210215 15:51:22.444" endtime="20210215 15:51:22.567"></status>
</kw>
<kw name="Sleep" library="BuiltIn">
<doc>Pauses the test executed for the given time.</doc>
<arguments>
<arg>${maxWait}</arg>
</arguments>
<msg timestamp="20210215 15:51:26.571" level="INFO">Slept 4 seconds</msg>
<status status="PASS" starttime="20210215 15:51:22.567" endtime="20210215 15:51:26.571"></status>
</kw>
<kw name="Click Element" library="SeleniumLibrary">
<doc>Click the element identified by ``locator``.</doc>
<arguments>
<arg>${UM_backbutton_loc}</arg>
</arguments>
<msg timestamp="20210215 15:51:26.573" level="INFO">Clicking element 'xpath://*[@id='BtnCommonBack']'.</msg>
<status status="PASS" starttime="20210215 15:51:26.572" endtime="20210215 15:51:26.676"></status>
</kw>
<kw name="Sleep" library="BuiltIn">
<doc>Pauses the test executed for the given time.</doc>
<arguments>
<arg>${minWait}</arg>
</arguments>
<msg timestamp="20210215 15:51:28.686" level="INFO">Slept 2 seconds</msg>
<status status="PASS" starttime="20210215 15:51:26.676" endtime="20210215 15:51:28.687"></status>
</kw>
<kw name="Input Text" library="SeleniumLibrary">
<doc>Types the given ``text`` into the text field identified by ``locator``.</doc>
<arguments>
<arg>${UM_LoginNameInSearch_loc}</arg>
<arg>${UM_LoginNameInSearch_data}</arg>
</arguments>
<msg timestamp="20210215 15:51:28.688" level="INFO">Typing text 'Testuser507' into text field 'xpath://*[@id='txtsearchLoginName']'.</msg>
<status status="PASS" starttime="20210215 15:51:28.687" endtime="20210215 15:51:28.912"></status>
</kw>
<kw name="Sleep" library="BuiltIn">
<doc>Pauses the test executed for the given time.</doc>
<arguments>
<arg>${minWait}</arg>
</arguments>
<msg timestamp="20210215 15:51:30.919" level="INFO">Slept 2 seconds</msg>
<status status="PASS" starttime="20210215 15:51:28.912" endtime="20210215 15:51:30.920"></status>
</kw>
<kw name="Click Element" library="SeleniumLibrary">
<doc>Click the element identified by ``locator``.</doc>
<arguments>
<arg>${UM_searchbutton}</arg>
</arguments>
<msg timestamp="20210215 15:51:30.922" level="INFO">Clicking element 'xpath://*[@id='btnUserSearch']'.</msg>
<status status="PASS" starttime="20210215 15:51:30.921" endtime="20210215 15:51:30.999"></status>
</kw>
<kw name="Sleep" library="BuiltIn">
<doc>Pauses the test executed for the given time.</doc>
<arguments>
<arg>${maxWait}</arg>
</arguments>
<msg timestamp="20210215 15:51:35.004" level="INFO">Slept 4 seconds</msg>
<status status="PASS" starttime="20210215 15:51:30.999" endtime="20210215 15:51:35.005"></status>
</kw>
<kw name="Table Column Should Contain" library="SeleniumLibrary">
<doc>Verifies table column contains text ``expected``.</doc>
<arguments>
<arg>${UM_loginNameInGrid_loc}</arg>
<arg>3</arg>
<arg>${UM_loginNameInGrid_data}</arg>
</arguments>
<status status="PASS" starttime="20210215 15:51:35.006" endtime="20210215 15:51:35.146"></status>
</kw>
<kw name="Sleep" library="BuiltIn">
<doc>Pauses the test executed for the given time.</doc>
<arguments>
<arg>${minWait}</arg>
</arguments>
<msg timestamp="20210215 15:51:37.152" level="INFO">Slept 2 seconds</msg>
<status status="PASS" starttime="20210215 15:51:35.146" endtime="20210215 15:51:37.152"></status>
</kw>
<kw name="Click Element" library="SeleniumLibrary">
<doc>Click the element identified by ``locator``.</doc>
<arguments>
<arg>${Logout1_loc}</arg>
</arguments>
<msg timestamp="20210215 15:51:37.154" level="INFO">Clicking element 'xpath://*[@id='userDropdown']'.</msg>
<status status="PASS" starttime="20210215 15:51:37.153" endtime="20210215 15:51:37.262"></status>
</kw>
<kw name="Sleep" library="BuiltIn">
<doc>Pauses the test executed for the given time.</doc>
<arguments>
<arg>${minWait}</arg>
</arguments>
<msg timestamp="20210215 15:51:39.266" level="INFO">Slept 2 seconds</msg>
<status status="PASS" starttime="20210215 15:51:37.262" endtime="20210215 15:51:39.267"></status>
</kw>
<kw name="Click Element" library="SeleniumLibrary">
<doc>Click the element identified by ``locator``.</doc>
<arguments>
<arg>${Logout2_loc}</arg>
</arguments>
<msg timestamp="20210215 15:51:39.268" level="INFO">Clicking element 'xpath://*[@onclick='Logout()']'.</msg>
<status status="PASS" starttime="20210215 15:51:39.267" endtime="20210215 15:51:41.550"></status>
</kw>
<kw name="Sleep" library="BuiltIn">
<doc>Pauses the test executed for the given time.</doc>
<arguments>
<arg>${minWait}</arg>
</arguments>
<msg timestamp="20210215 15:51:43.561" level="INFO">Slept 2 seconds</msg>
<status status="PASS" starttime="20210215 15:51:41.552" endtime="20210215 15:51:43.562"></status>
</kw>
<kw name="Close Browser" library="SeleniumLibrary">
<doc>Closes the current browser.</doc>
<status status="PASS" starttime="20210215 15:51:43.563" endtime="20210215 15:51:45.868"></status>
</kw>
<status status="PASS" starttime="20210215 15:51:02.959" endtime="20210215 15:51:45.869"></status>
</kw>
<status status="PASS" starttime="20210215 15:50:45.843" endtime="20210215 15:51:45.870" critical="yes"></status>
</test>
<status status="PASS" starttime="20210215 15:50:45.648" endtime="20210215 15:51:45.877"></status>
</suite>
<statistics>
<total>
<stat pass="1" fail="0">Critical Tests</stat>
<stat pass="1" fail="0">All Tests</stat>
</total>
<tag>
</tag>
<suite>
<stat pass="1" fail="0" id="s1" name="TC 1 UserMaster tc">TC 1 UserMaster tc</stat>
</suite>
</statistics>
<errors>
</errors>
</robot>
