<?xml version="1.0" encoding="UTF-8"?>
<robot generator="Robot 3.2.2 (Python 3.7.9 on win32)" generated="20210216 18:06:00.734" rpa="false">
<suite id="s1" name="TC 3 CompanyMaster tc" source="C:\Python Automation\AMS\Tests\TC_3_CompanyMaster_tc.robot">
<test id="s1-t1" name="Add Company in the Company Master">
<kw name="Login As Admin" library="General_keys">
<kw name="Evaluate" library="BuiltIn">
<doc>Evaluates the given expression in Python and returns the result.</doc>
<arguments>
<arg>sys.modules['selenium.webdriver'].ChromeOptions()</arg>
<arg>sys, selenium.webdriver</arg>
</arguments>
<assign>
<var>${options}</var>
</assign>
<msg timestamp="20210216 18:06:00.935" level="INFO">${options} = &lt;selenium.webdriver.chrome.options.Options object at 0x00000188B9A09908&gt;</msg>
<status status="PASS" starttime="20210216 18:06:00.935" endtime="20210216 18:06:00.935"></status>
</kw>
<kw name="Call Method" library="BuiltIn">
<doc>Calls the named method of the given object with the provided arguments.</doc>
<arguments>
<arg>${options}</arg>
<arg>add_argument</arg>
<arg>--headless</arg>
</arguments>
<status status="PASS" starttime="20210216 18:06:00.936" endtime="20210216 18:06:00.936"></status>
</kw>
<kw name="Create Webdriver" library="SeleniumLibrary">
<doc>Creates an instance of Selenium WebDriver.</doc>
<arguments>
<arg>Chrome</arg>
<arg>chrome_options=${options}</arg>
</arguments>
<msg timestamp="20210216 18:06:00.936" level="INFO">Creating an instance of the Chrome WebDriver.</msg>
<status status="PASS" starttime="20210216 18:06:00.936" endtime="20210216 18:06:04.418"></status>
</kw>
<kw name="Sleep" library="BuiltIn">
<doc>Pauses the test executed for the given time.</doc>
<arguments>
<arg>${maxWait}</arg>
</arguments>
<msg timestamp="20210216 18:06:08.425" level="INFO">Slept 4 seconds</msg>
<status status="PASS" starttime="20210216 18:06:04.418" endtime="20210216 18:06:08.426"></status>
</kw>
<kw name="Open Browser" library="SeleniumLibrary">
<doc>Opens a new browser instance to the optional ``url``.</doc>
<arguments>
<arg>${Appurl}</arg>
<arg>${broswer}</arg>
</arguments>
<msg timestamp="20210216 18:06:08.428" level="INFO">Opening browser 'Chrome' to base url 'http://muthucsm-001-site11.btempurl.com/'.</msg>
<status status="PASS" starttime="20210216 18:06:08.426" endtime="20210216 18:06:32.375"></status>
</kw>
<kw name="Set Browser Implicit Wait" library="SeleniumLibrary">
<doc>Sets the implicit wait value used by Selenium.</doc>
<arguments>
<arg>${BrowserWait}</arg>
</arguments>
<status status="PASS" starttime="20210216 18:06:32.376" endtime="20210216 18:06:32.382"></status>
</kw>
<kw name="Maximize Browser Window" library="SeleniumLibrary">
<doc>Maximizes current browser window.</doc>
<status status="PASS" starttime="20210216 18:06:32.383" endtime="20210216 18:06:34.584"></status>
</kw>
<kw name="Input Text" library="SeleniumLibrary">
<doc>Types the given ``text`` into the text field identified by ``locator``.</doc>
<arguments>
<arg>${AdminUsername_loc}</arg>
<arg>${AdminUsername_data}</arg>
</arguments>
<msg timestamp="20210216 18:06:34.585" level="INFO">Typing text 'karthik' into text field '//*[@id='TxtUserName']'.</msg>
<status status="PASS" starttime="20210216 18:06:34.584" endtime="20210216 18:06:34.737"></status>
</kw>
<kw name="Input Password" library="SeleniumLibrary">
<doc>Types the given password into the text field identified by ``locator``.</doc>
<arguments>
<arg>${AdminPassword_loc}</arg>
<arg>${AdminPassword_data}</arg>
</arguments>
<msg timestamp="20210216 18:06:34.738" level="INFO">Typing password into text field '//*[@id='TxtPassword']'.</msg>
<msg timestamp="20210216 18:06:34.780" level="INFO">Temporally setting log level to: NONE</msg>
<msg timestamp="20210216 18:06:34.830" level="INFO">Log level changed from NONE to INFO.</msg>
<status status="PASS" starttime="20210216 18:06:34.738" endtime="20210216 18:06:34.830"></status>
</kw>
<kw name="Click Element" library="SeleniumLibrary">
<doc>Click the element identified by ``locator``.</doc>
<arguments>
<arg>${LoginButton}</arg>
</arguments>
<msg timestamp="20210216 18:06:34.830" level="INFO">Clicking element '//*[@onclick='Login()']'.</msg>
<status status="PASS" starttime="20210216 18:06:34.830" endtime="20210216 18:06:34.874"></status>
</kw>
<status status="PASS" starttime="20210216 18:06:00.935" endtime="20210216 18:06:34.874"></status>
</kw>
<kw name="Add Company in Company Master" library="CompanyMaster_key">
<kw name="Click Element" library="SeleniumLibrary">
<doc>Click the element identified by ``locator``.</doc>
<arguments>
<arg>${CompanyMaster_menu}</arg>
</arguments>
<msg timestamp="20210216 18:06:34.875" level="INFO">Clicking element '//*[contains(text(),'Company Master')]'.</msg>
<status status="PASS" starttime="20210216 18:06:34.875" endtime="20210216 18:07:08.767"></status>
</kw>
<kw name="Sleep" library="BuiltIn">
<doc>Pauses the test executed for the given time.</doc>
<arguments>
<arg>${minWait}</arg>
</arguments>
<msg timestamp="20210216 18:07:10.777" level="INFO">Slept 2 seconds</msg>
<status status="PASS" starttime="20210216 18:07:08.767" endtime="20210216 18:07:10.778"></status>
</kw>
<kw name="Input Text" library="SeleniumLibrary">
<doc>Types the given ``text`` into the text field identified by ``locator``.</doc>
<arguments>
<arg>${CM_CompanyNameInSearch_loc}</arg>
<arg>${CM_CompanyNameInSearch_data}</arg>
</arguments>
<msg timestamp="20210216 18:07:10.781" level="INFO">Typing text 'TestingCompany_504' into text field 'xpath://*[@id='TxtSearchCompanyName']'.</msg>
<status status="PASS" starttime="20210216 18:07:10.779" endtime="20210216 18:07:12.322"></status>
</kw>
<kw name="Sleep" library="BuiltIn">
<doc>Pauses the test executed for the given time.</doc>
<arguments>
<arg>${minWait}</arg>
</arguments>
<msg timestamp="20210216 18:07:14.330" level="INFO">Slept 2 seconds</msg>
<status status="PASS" starttime="20210216 18:07:12.323" endtime="20210216 18:07:14.331"></status>
</kw>
<kw name="Click Element" library="SeleniumLibrary">
<doc>Click the element identified by ``locator``.</doc>
<arguments>
<arg>${CM_SearchBn}</arg>
</arguments>
<msg timestamp="20210216 18:07:14.333" level="INFO">Clicking element 'xpath://*[@id='btnCompanySearch']'.</msg>
<status status="PASS" starttime="20210216 18:07:14.332" endtime="20210216 18:07:14.430"></status>
</kw>
<kw name="Sleep" library="BuiltIn">
<doc>Pauses the test executed for the given time.</doc>
<arguments>
<arg>${maxWait}</arg>
</arguments>
<msg timestamp="20210216 18:07:18.433" level="INFO">Slept 4 seconds</msg>
<status status="PASS" starttime="20210216 18:07:14.431" endtime="20210216 18:07:18.434"></status>
</kw>
<kw name="Click Element" library="SeleniumLibrary">
<doc>Click the element identified by ``locator``.</doc>
<arguments>
<arg>${CM_ActionBn}</arg>
</arguments>
<msg timestamp="20210216 18:07:18.435" level="INFO">Clicking element 'xpath://*[@id='Companygrid']/tbody/tr/td[8]'.</msg>
<status status="PASS" starttime="20210216 18:07:18.434" endtime="20210216 18:07:18.566"></status>
</kw>
<kw name="Sleep" library="BuiltIn">
<doc>Pauses the test executed for the given time.</doc>
<arguments>
<arg>${maxWait}</arg>
</arguments>
<msg timestamp="20210216 18:07:22.570" level="INFO">Slept 4 seconds</msg>
<status status="PASS" starttime="20210216 18:07:18.567" endtime="20210216 18:07:22.571"></status>
</kw>
<kw name="Click Element" library="SeleniumLibrary">
<doc>Click the element identified by ``locator``.</doc>
<arguments>
<arg>xpath:(//*[contains(text(),'Edit')])[2]</arg>
</arguments>
<msg timestamp="20210216 18:07:22.572" level="INFO">Clicking element 'xpath:(//*[contains(text(),'Edit')])[2]'.</msg>
<status status="PASS" starttime="20210216 18:07:22.571" endtime="20210216 18:07:35.719"></status>
</kw>
<status status="PASS" starttime="20210216 18:06:34.875" endtime="20210216 18:07:35.719"></status>
</kw>
<status status="PASS" starttime="20210216 18:06:00.934" endtime="20210216 18:07:35.720" critical="yes"></status>
</test>
<status status="PASS" starttime="20210216 18:06:00.737" endtime="20210216 18:07:35.724"></status>
</suite>
<statistics>
<total>
<stat pass="1" fail="0">Critical Tests</stat>
<stat pass="1" fail="0">All Tests</stat>
</total>
<tag>
</tag>
<suite>
<stat pass="1" fail="0" id="s1" name="TC 3 CompanyMaster tc">TC 3 CompanyMaster tc</stat>
</suite>
</statistics>
<errors>
</errors>
</robot>
