<?xml version="1.0" encoding="UTF-8"?>
<robot generator="Robot 3.2.2 (Python 3.7.9 on win32)" generated="20210210 22:10:50.133" rpa="false">
<suite id="s1" name="TC 0 RoleMaster tc" source="C:\Python Automation\AMS\Tests\TC_0_RoleMaster_tc.robot">
<test id="s1-t1" name="Add role in Role Master">
<kw name="Login As Admin" library="General_keys">
<kw name="Sleep" library="BuiltIn">
<doc>Pauses the test executed for the given time.</doc>
<arguments>
<arg>${maxWait}</arg>
</arguments>
<msg timestamp="20210210 22:10:54.501" level="INFO">Slept 4 seconds</msg>
<status status="PASS" starttime="20210210 22:10:50.494" endtime="20210210 22:10:54.501"></status>
</kw>
<kw name="Open Browser" library="SeleniumLibrary">
<doc>Opens a new browser instance to the optional ``url``.</doc>
<arguments>
<arg>${Appurl}</arg>
<arg>${broswer}</arg>
</arguments>
<msg timestamp="20210210 22:10:54.503" level="INFO">Opening browser 'Chrome' to base url 'http://muthucsm-001-site11.btempurl.com/'.</msg>
<kw name="Capture Page Screenshot" library="SeleniumLibrary">
<doc>Takes a screenshot of the current page and embeds it into a log file.</doc>
<status status="FAIL" starttime="20210210 22:10:56.756" endtime="20210210 22:10:56.757"></status>
</kw>
<msg timestamp="20210210 22:10:56.757" level="WARN">Keyword 'Capture Page Screenshot' could not be run on failure: Execution terminated by signal</msg>
<status status="FAIL" starttime="20210210 22:10:54.502" endtime="20210210 22:10:56.761"></status>
</kw>
<status status="FAIL" starttime="20210210 22:10:50.493" endtime="20210210 22:10:56.762"></status>
</kw>
<status status="FAIL" starttime="20210210 22:10:50.492" endtime="20210210 22:10:56.763" critical="yes">Execution terminated by signal</status>
</test>
<status status="FAIL" starttime="20210210 22:10:50.139" endtime="20210210 22:10:56.767"></status>
</suite>
<statistics>
<total>
<stat pass="0" fail="1">Critical Tests</stat>
<stat pass="0" fail="1">All Tests</stat>
</total>
<tag>
</tag>
<suite>
<stat pass="0" fail="1" id="s1" name="TC 0 RoleMaster tc">TC 0 RoleMaster tc</stat>
</suite>
</statistics>
<errors>
<msg timestamp="20210210 22:10:56.757" level="WARN">Keyword 'Capture Page Screenshot' could not be run on failure: Execution terminated by signal</msg>
</errors>
</robot>
