<?xml version="1.0" encoding="UTF-8"?>
<robot generator="Robot 3.2.2 (Python 3.7.9 on win32)" generated="20210120 13:25:13.117" rpa="false">
<suite id="s1" name="TC 8 InvoiceDetails tc" source="C:\Python Automation\AMS\Tests\TC_8_InvoiceDetails_tc.robot">
<test id="s1-t1" name="Adding Invoice details">
<kw name="Login As Admin" library="General_keys">
<kw name="Sleep" library="BuiltIn">
<doc>Pauses the test executed for the given time.</doc>
<arguments>
<arg>${maxWait}</arg>
</arguments>
<msg timestamp="20210120 13:25:17.531" level="INFO">Slept 4 seconds</msg>
<status status="PASS" starttime="20210120 13:25:13.517" endtime="20210120 13:25:17.532"></status>
</kw>
<kw name="Open Browser" library="SeleniumLibrary">
<doc>Opens a new browser instance to the optional ``url``.</doc>
<arguments>
<arg>${Appurl}</arg>
<arg>${broswer}</arg>
</arguments>
<msg timestamp="20210120 13:25:17.533" level="INFO">Opening browser 'Chrome' to base url 'http://muthucsm-001-site11.btempurl.com/'.</msg>
<status status="PASS" starttime="20210120 13:25:17.532" endtime="20210120 13:25:33.728"></status>
</kw>
<kw name="Set Browser Implicit Wait" library="SeleniumLibrary">
<doc>Sets the implicit wait value used by Selenium.</doc>
<arguments>
<arg>${BrowserWait}</arg>
</arguments>
<status status="PASS" starttime="20210120 13:25:33.729" endtime="20210120 13:25:33.740"></status>
</kw>
<kw name="Maximize Browser Window" library="SeleniumLibrary">
<doc>Maximizes current browser window.</doc>
<status status="PASS" starttime="20210120 13:25:33.741" endtime="20210120 13:25:35.908"></status>
</kw>
<kw name="Input Text" library="SeleniumLibrary">
<doc>Types the given ``text`` into the text field identified by ``locator``.</doc>
<arguments>
<arg>${AdminUsername_loc}</arg>
<arg>${AdminUsername_data}</arg>
</arguments>
<msg timestamp="20210120 13:25:35.908" level="INFO">Typing text 'karthik' into text field '//*[@id='TxtUserName']'.</msg>
<status status="PASS" starttime="20210120 13:25:35.908" endtime="20210120 13:25:36.133"></status>
</kw>
<kw name="Input Password" library="SeleniumLibrary">
<doc>Types the given password into the text field identified by ``locator``.</doc>
<arguments>
<arg>${AdminPassword_loc}</arg>
<arg>${AdminPassword_data}</arg>
</arguments>
<msg timestamp="20210120 13:25:36.134" level="INFO">Typing password into text field '//*[@id='TxtPassword']'.</msg>
<msg timestamp="20210120 13:25:36.226" level="INFO">Temporally setting log level to: NONE</msg>
<msg timestamp="20210120 13:25:36.329" level="INFO">Log level changed from NONE to INFO.</msg>
<status status="PASS" starttime="20210120 13:25:36.133" endtime="20210120 13:25:36.329"></status>
</kw>
<kw name="Click Element" library="SeleniumLibrary">
<doc>Click the element identified by ``locator``.</doc>
<arguments>
<arg>${LoginButton}</arg>
</arguments>
<msg timestamp="20210120 13:25:36.330" level="INFO">Clicking element '//*[@onclick='Login()']'.</msg>
<status status="PASS" starttime="20210120 13:25:36.329" endtime="20210120 13:25:36.388"></status>
</kw>
<status status="PASS" starttime="20210120 13:25:13.517" endtime="20210120 13:25:36.389"></status>
</kw>
<kw name="Adding Invoice details" library="InvoiceDetails_key">
<kw name="Click Element" library="SeleniumLibrary">
<doc>Click the element identified by ``locator``.</doc>
<arguments>
<arg>${InvoiceDetails_menu}</arg>
</arguments>
<msg timestamp="20210120 13:25:36.390" level="INFO">Clicking element 'xpath://*[contains(text(),' Invoice Details')]'.</msg>
<status status="PASS" starttime="20210120 13:25:36.390" endtime="20210120 13:25:48.176"></status>
</kw>
<kw name="Sleep" library="BuiltIn">
<doc>Pauses the test executed for the given time.</doc>
<arguments>
<arg>${minWait}</arg>
</arguments>
<msg timestamp="20210120 13:25:50.179" level="INFO">Slept 2 seconds</msg>
<status status="PASS" starttime="20210120 13:25:48.177" endtime="20210120 13:25:50.180"></status>
</kw>
<kw name="Click Element" library="SeleniumLibrary">
<doc>Click the element identified by ``locator``.</doc>
<arguments>
<arg>${ID_Addbn}</arg>
</arguments>
<msg timestamp="20210120 13:25:50.181" level="INFO">Clicking element 'xpath://*[@id='btnAddInvoice']'.</msg>
<status status="PASS" starttime="20210120 13:25:50.180" endtime="20210120 13:25:50.492"></status>
</kw>
<kw name="Sleep" library="BuiltIn">
<doc>Pauses the test executed for the given time.</doc>
<arguments>
<arg>${maxWait}</arg>
</arguments>
<msg timestamp="20210120 13:25:54.499" level="INFO">Slept 4 seconds</msg>
<status status="PASS" starttime="20210120 13:25:50.492" endtime="20210120 13:25:54.499"></status>
</kw>
<kw name="Get Value" library="SeleniumLibrary">
<doc>Returns the value attribute of the element identified by ``locator``.</doc>
<arguments>
<arg>${ID_invoiceNumber_loc}</arg>
</arguments>
<assign>
<var>${InvoiceNumber}</var>
</assign>
<msg timestamp="20210120 13:25:54.572" level="INFO">${InvoiceNumber} = INV-JAN2021/0006</msg>
<status status="PASS" starttime="20210120 13:25:54.500" endtime="20210120 13:25:54.573"></status>
</kw>
<kw name="Log To Console" library="BuiltIn">
<doc>Logs the given message to the console.</doc>
<arguments>
<arg>${InvoiceNumber}</arg>
</arguments>
<status status="PASS" starttime="20210120 13:25:54.573" endtime="20210120 13:25:54.575"></status>
</kw>
<kw name="Click Element" library="SeleniumLibrary">
<doc>Click the element identified by ``locator``.</doc>
<arguments>
<arg>${ID_Invoicemonthepickerbn}</arg>
</arguments>
<msg timestamp="20210120 13:25:54.577" level="INFO">Clicking element 'xpath://*[@id='TxtInvoicMonth']/parent::div/span/button'.</msg>
<status status="PASS" starttime="20210120 13:25:54.576" endtime="20210120 13:25:54.777"></status>
</kw>
<kw name="Sleep" library="BuiltIn">
<doc>Pauses the test executed for the given time.</doc>
<arguments>
<arg>${minWait}</arg>
</arguments>
<msg timestamp="20210120 13:25:56.781" level="INFO">Slept 2 seconds</msg>
<status status="PASS" starttime="20210120 13:25:54.777" endtime="20210120 13:25:56.782"></status>
</kw>
<kw name="Click Element" library="SeleniumLibrary">
<doc>Click the element identified by ``locator``.</doc>
<arguments>
<arg>${ID_InvoicedateSelect_loc}</arg>
</arguments>
<msg timestamp="20210120 13:25:56.783" level="INFO">Clicking element 'xpath://*[@day='15']'.</msg>
<status status="PASS" starttime="20210120 13:25:56.782" endtime="20210120 13:25:56.958"></status>
</kw>
<kw name="Sleep" library="BuiltIn">
<doc>Pauses the test executed for the given time.</doc>
<arguments>
<arg>${minWait}</arg>
</arguments>
<msg timestamp="20210120 13:25:58.963" level="INFO">Slept 2 seconds</msg>
<status status="PASS" starttime="20210120 13:25:56.958" endtime="20210120 13:25:58.963"></status>
</kw>
<kw name="Click Element" library="SeleniumLibrary">
<doc>Click the element identified by ``locator``.</doc>
<arguments>
<arg>${ID_InvoiceDatepickerbn}</arg>
</arguments>
<msg timestamp="20210120 13:25:58.964" level="INFO">Clicking element 'xpath://*[@id='TxtInvoiceDate']/parent::div/span/button'.</msg>
<status status="PASS" starttime="20210120 13:25:58.963" endtime="20210120 13:25:59.034"></status>
</kw>
<kw name="Click Element" library="SeleniumLibrary">
<doc>Click the element identified by ``locator``.</doc>
<arguments>
<arg>${ID_InvoicedateSelect_loc}</arg>
</arguments>
<msg timestamp="20210120 13:25:59.034" level="INFO">Clicking element 'xpath://*[@day='15']'.</msg>
<status status="PASS" starttime="20210120 13:25:59.034" endtime="20210120 13:25:59.086"></status>
</kw>
<kw name="Sleep" library="BuiltIn">
<doc>Pauses the test executed for the given time.</doc>
<arguments>
<arg>${minWait}</arg>
</arguments>
<msg timestamp="20210120 13:26:01.095" level="INFO">Slept 2 seconds</msg>
<status status="PASS" starttime="20210120 13:25:59.087" endtime="20210120 13:26:01.095"></status>
</kw>
<kw name="Select From List By Label" library="SeleniumLibrary">
<doc>Selects options from selection list ``locator`` by ``labels``.</doc>
<arguments>
<arg>${ID_CompanyName_loc}</arg>
<arg>${ID_CompanyName_data}</arg>
</arguments>
<msg timestamp="20210120 13:26:01.099" level="INFO">Selecting options from selection list 'xpath://*[@id='DdlInvoiceCompany']' by label TestingCompany_001.</msg>
<status status="PASS" starttime="20210120 13:26:01.097" endtime="20210120 13:26:01.362"></status>
</kw>
<kw name="Select From List By Label" library="SeleniumLibrary">
<doc>Selects options from selection list ``locator`` by ``labels``.</doc>
<arguments>
<arg>${ID_InvoiceQuotationNo_loc}</arg>
<arg>${ID_InvoiceQuotationNo_data}</arg>
</arguments>
<msg timestamp="20210120 13:26:01.365" level="INFO">Selecting options from selection list 'xpath://*[@id='DdlInvoiceQuotationNo']' by label QUO-JAN2021/0004.</msg>
<status status="PASS" starttime="20210120 13:26:01.363" endtime="20210120 13:26:02.301"></status>
</kw>
<kw name="Select From List By Label" library="SeleniumLibrary">
<doc>Selects options from selection list ``locator`` by ``labels``.</doc>
<arguments>
<arg>${ID_Project_loc}</arg>
<arg>${ID_Project_data}</arg>
</arguments>
<msg timestamp="20210120 13:26:02.303" level="INFO">Selecting options from selection list 'xpath://*[@id='DdlProject']' by label Project 5.</msg>
<status status="PASS" starttime="20210120 13:26:02.302" endtime="20210120 13:26:02.524"></status>
</kw>
<kw name="Select From List By Label" library="SeleniumLibrary">
<doc>Selects options from selection list ``locator`` by ``labels``.</doc>
<arguments>
<arg>${ID_Site_loc}</arg>
<arg>${ID_Site_data}</arg>
</arguments>
<msg timestamp="20210120 13:26:02.525" level="INFO">Selecting options from selection list 'xpath://*[@id='DdlSite']' by label Site 5.</msg>
<status status="PASS" starttime="20210120 13:26:02.524" endtime="20210120 13:26:03.180"></status>
</kw>
<kw name="Select From List By Label" library="SeleniumLibrary">
<doc>Selects options from selection list ``locator`` by ``labels``.</doc>
<arguments>
<arg>${ID_PreparedBy_loc}</arg>
<arg>${ID_PreparedBy_data}</arg>
</arguments>
<msg timestamp="20210120 13:26:03.181" level="INFO">Selecting options from selection list 'xpath://*[@id='DdlPreparedBy']' by label karthik Test.</msg>
<status status="PASS" starttime="20210120 13:26:03.180" endtime="20210120 13:26:03.325"></status>
</kw>
<kw name="Select From List By Label" library="SeleniumLibrary">
<doc>Selects options from selection list ``locator`` by ``labels``.</doc>
<arguments>
<arg>${ID_ContractType_loc}</arg>
<arg>${ID_ContractType_data}</arg>
</arguments>
<msg timestamp="20210120 13:26:03.326" level="INFO">Selecting options from selection list 'xpath://*[@id='DdlCompanyContractType']' by label Monthly Contract.</msg>
<status status="PASS" starttime="20210120 13:26:03.325" endtime="20210120 13:26:03.492"></status>
</kw>
<kw name="Input Text" library="SeleniumLibrary">
<doc>Types the given ``text`` into the text field identified by ``locator``.</doc>
<arguments>
<arg>${ID_InvoiceRemarks_loc}</arg>
<arg>${ID_InvoiceRemarks_data}</arg>
</arguments>
<msg timestamp="20210120 13:26:03.494" level="INFO">Typing text 'January invoice' into text field 'xpath://*[@id='TxtInvoiceRemark']'.</msg>
<status status="PASS" starttime="20210120 13:26:03.493" endtime="20210120 13:26:03.763"></status>
</kw>
<kw name="Select From List By Label" library="SeleniumLibrary">
<doc>Selects options from selection list ``locator`` by ``labels``.</doc>
<arguments>
<arg>${ID_SupplierCompanyName_loc}</arg>
<arg>${ID_SupplierCompanyName_data}</arg>
</arguments>
<msg timestamp="20210120 13:26:03.765" level="INFO">Selecting options from selection list 'xpath://*[@id='DdlSupplierInvoiceCompany']' by label TestingCompany_001.</msg>
<status status="PASS" starttime="20210120 13:26:03.764" endtime="20210120 13:26:03.877"></status>
</kw>
<kw name="Input Text" library="SeleniumLibrary">
<doc>Types the given ``text`` into the text field identified by ``locator``.</doc>
<arguments>
<arg>${ID_SupplierInvoiceDate_loc}</arg>
<arg>${ID_SupplierInvoiceDate_data}</arg>
</arguments>
<msg timestamp="20210120 13:26:03.878" level="INFO">Typing text '15-Jan-2021' into text field 'xpath://*[@id='TxtSupplierInvoiceDate']'.</msg>
<status status="PASS" starttime="20210120 13:26:03.877" endtime="20210120 13:26:04.002"></status>
</kw>
<kw name="Input Text" library="SeleniumLibrary">
<doc>Types the given ``text`` into the text field identified by ``locator``.</doc>
<arguments>
<arg>${ID_SupplierInvoiceRefNo_loc}</arg>
<arg>${ID_SupplierInvoiceRefNo_data}</arg>
</arguments>
<msg timestamp="20210120 13:26:04.003" level="INFO">Typing text '123456' into text field 'xpath://*[@id='TxtSupplierInvoiceRefNumber']'.</msg>
<status status="PASS" starttime="20210120 13:26:04.002" endtime="20210120 13:26:04.121"></status>
</kw>
<kw name="Input Text" library="SeleniumLibrary">
<doc>Types the given ``text`` into the text field identified by ``locator``.</doc>
<arguments>
<arg>${ID_SupplierInvoiceSubmittedBy_loc}</arg>
<arg>${ID_SupplierInvoiceSubmittedBy_data}</arg>
</arguments>
<msg timestamp="20210120 13:26:04.122" level="INFO">Typing text 'Karthik' into text field 'xpath://*[@id='TxtInvoiceSubmittedBy']'.</msg>
<status status="PASS" starttime="20210120 13:26:04.121" endtime="20210120 13:26:04.228"></status>
</kw>
<kw name="Select From List By Label" library="SeleniumLibrary">
<doc>Selects options from selection list ``locator`` by ``labels``.</doc>
<arguments>
<arg>${ID_SupplierInvoiceContractType_loc}</arg>
<arg>${ID_SupplierInvoiceContractType_data}</arg>
</arguments>
<msg timestamp="20210120 13:26:04.228" level="INFO">Selecting options from selection list 'xpath://*[@id='DdlSupplierContractType']' by label Monthly Contract.</msg>
<status status="PASS" starttime="20210120 13:26:04.228" endtime="20210120 13:26:04.321"></status>
</kw>
<kw name="Click Element" library="SeleniumLibrary">
<doc>Click the element identified by ``locator``.</doc>
<arguments>
<arg>${ID_Savebn}</arg>
</arguments>
<msg timestamp="20210120 13:26:04.321" level="INFO">Clicking element 'xpath://*[@id='btnSaveInvoice']'.</msg>
<status status="PASS" starttime="20210120 13:26:04.321" endtime="20210120 13:26:04.374"></status>
</kw>
<kw name="Click Element" library="SeleniumLibrary">
<doc>Click the element identified by ``locator``.</doc>
<arguments>
<arg>${Okbutton}</arg>
</arguments>
<msg timestamp="20210120 13:26:04.374" level="INFO">Clicking element 'xpath:(//*[@class='jconfirm-buttons']/button)[1]'.</msg>
<status status="PASS" starttime="20210120 13:26:04.374" endtime="20210120 13:26:04.438"></status>
</kw>
<kw name="Sleep" library="BuiltIn">
<doc>Pauses the test executed for the given time.</doc>
<arguments>
<arg>${minWait}</arg>
</arguments>
<msg timestamp="20210120 13:26:06.449" level="INFO">Slept 2 seconds</msg>
<status status="PASS" starttime="20210120 13:26:04.439" endtime="20210120 13:26:06.450"></status>
</kw>
<kw name="Select From List By Label" library="SeleniumLibrary">
<doc>Selects options from selection list ``locator`` by ``labels``.</doc>
<arguments>
<arg>${ID_InvoiceYearInSearch_loc}</arg>
<arg>${ID_InvoiceYearInSearch_data}</arg>
</arguments>
<msg timestamp="20210120 13:26:06.452" level="INFO">Selecting options from selection list 'xpath://*[@id='DdlInvoiceYear']' by label 2021.</msg>
<status status="PASS" starttime="20210120 13:26:06.451" endtime="20210120 13:26:07.702"></status>
</kw>
<kw name="Select From List By Label" library="SeleniumLibrary">
<doc>Selects options from selection list ``locator`` by ``labels``.</doc>
<arguments>
<arg>${ID_CompanyNameInSearch_loc}</arg>
<arg>${ID_CompanyNameInSearch_data}</arg>
</arguments>
<msg timestamp="20210120 13:26:07.704" level="INFO">Selecting options from selection list 'xpath://*[@id='DdlInvoiceCompany']' by label TestingCompany_001.</msg>
<status status="PASS" starttime="20210120 13:26:07.703" endtime="20210120 13:26:07.935"></status>
</kw>
<kw name="Input Text" library="SeleniumLibrary">
<doc>Types the given ``text`` into the text field identified by ``locator``.</doc>
<arguments>
<arg>${ID_InvoiceNoInSearch_loc}</arg>
<arg>${InvoiceNumber}</arg>
</arguments>
<msg timestamp="20210120 13:26:07.937" level="INFO">Typing text 'INV-JAN2021/0006' into text field 'xpath://*[@id='TxtSearchInvoiceNo']'.</msg>
<status status="PASS" starttime="20210120 13:26:07.936" endtime="20210120 13:26:08.214"></status>
</kw>
<kw name="Click Element" library="SeleniumLibrary">
<doc>Click the element identified by ``locator``.</doc>
<arguments>
<arg>${ID_Searchbn}</arg>
</arguments>
<msg timestamp="20210120 13:26:08.215" level="INFO">Clicking element 'xpath://*[@id='btnInvoiceSearch']'.</msg>
<status status="PASS" starttime="20210120 13:26:08.215" endtime="20210120 13:26:08.340"></status>
</kw>
<kw name="Sleep" library="BuiltIn">
<doc>Pauses the test executed for the given time.</doc>
<arguments>
<arg>${minWait}</arg>
</arguments>
<msg timestamp="20210120 13:26:10.342" level="INFO">Slept 2 seconds</msg>
<status status="PASS" starttime="20210120 13:26:08.340" endtime="20210120 13:26:10.343"></status>
</kw>
<kw name="Click Element" library="SeleniumLibrary">
<doc>Click the element identified by ``locator``.</doc>
<arguments>
<arg>${ID_Actionbn}</arg>
</arguments>
<msg timestamp="20210120 13:26:10.344" level="INFO">Clicking element 'xpath://*[@id='Invoicegrid']/tbody/tr/td[8]'.</msg>
<status status="PASS" starttime="20210120 13:26:10.343" endtime="20210120 13:26:10.564"></status>
</kw>
<kw name="Sleep" library="BuiltIn">
<doc>Pauses the test executed for the given time.</doc>
<arguments>
<arg>${minWait}</arg>
</arguments>
<msg timestamp="20210120 13:26:12.567" level="INFO">Slept 2 seconds</msg>
<status status="PASS" starttime="20210120 13:26:10.565" endtime="20210120 13:26:12.567"></status>
</kw>
<kw name="Click Element" library="SeleniumLibrary">
<doc>Click the element identified by ``locator``.</doc>
<arguments>
<arg>${ID_Supplierattendancebn}</arg>
</arguments>
<msg timestamp="20210120 13:26:12.569" level="INFO">Clicking element 'xpath:(//*[contains(text(),'Supplier Attendance')])[2]'.</msg>
<status status="PASS" starttime="20210120 13:26:12.568" endtime="20210120 13:26:12.710"></status>
</kw>
<kw name="Sleep" library="BuiltIn">
<doc>Pauses the test executed for the given time.</doc>
<arguments>
<arg>${minWait}</arg>
</arguments>
<msg timestamp="20210120 13:26:14.727" level="INFO">Slept 2 seconds</msg>
<status status="PASS" starttime="20210120 13:26:12.711" endtime="20210120 13:26:14.728"></status>
</kw>
<kw name="Select From List By Label" library="SeleniumLibrary">
<doc>Selects options from selection list ``locator`` by ``labels``.</doc>
<arguments>
<arg>${ID_SupplierEmployeeName_loc}</arg>
<arg>${ID_SupplierEmployeeName_data}</arg>
</arguments>
<msg timestamp="20210120 13:26:14.731" level="INFO">Selecting options from selection list 'xpath://*[@id='DdlEmployeeName']' by label Thomas Test.</msg>
<status status="PASS" starttime="20210120 13:26:14.729" endtime="20210120 13:26:15.878"></status>
</kw>
<kw name="Input Text" library="SeleniumLibrary">
<doc>Types the given ``text`` into the text field identified by ``locator``.</doc>
<arguments>
<arg>${ID_SupplierNormalRateRange_loc}</arg>
<arg>${ID_SupplierNormalRateRange_data}</arg>
</arguments>
<msg timestamp="20210120 13:26:15.879" level="INFO">Typing text '1' into text field 'xpath://*[@id='TxtNRRateRange']'.</msg>
<status status="PASS" starttime="20210120 13:26:15.878" endtime="20210120 13:26:16.073"></status>
</kw>
<kw name="Input Text" library="SeleniumLibrary">
<doc>Types the given ``text`` into the text field identified by ``locator``.</doc>
<arguments>
<arg>${ID_SupplierNormalrate_loc}</arg>
<arg>${ID_SupplierNormalrate_data}</arg>
</arguments>
<msg timestamp="20210120 13:26:16.074" level="INFO">Typing text '20' into text field 'xpath://*[@id='TxtNormalRate']'.</msg>
<status status="PASS" starttime="20210120 13:26:16.074" endtime="20210120 13:26:16.250"></status>
</kw>
<kw name="Sleep" library="BuiltIn">
<doc>Pauses the test executed for the given time.</doc>
<arguments>
<arg>${minWait}</arg>
</arguments>
<msg timestamp="20210120 13:26:18.251" level="INFO">Slept 2 seconds</msg>
<status status="PASS" starttime="20210120 13:26:16.250" endtime="20210120 13:26:18.251"></status>
</kw>
<kw name="Input Text" library="SeleniumLibrary">
<doc>Types the given ``text`` into the text field identified by ``locator``.</doc>
<arguments>
<arg>${ID_SupplierOTRateRange_loc}</arg>
<arg>${ID_SupplierOTRateRange_data}</arg>
</arguments>
<msg timestamp="20210120 13:26:18.252" level="INFO">Typing text '1.5' into text field 'xpath://*[@id='TxtOTRateRange']'.</msg>
<status status="PASS" starttime="20210120 13:26:18.251" endtime="20210120 13:26:18.499"></status>
</kw>
<kw name="Input Text" library="SeleniumLibrary">
<doc>Types the given ``text`` into the text field identified by ``locator``.</doc>
<arguments>
<arg>${ID_SupplierOTRate_loc}</arg>
<arg>${ID_SupplierOTRate_data}</arg>
</arguments>
<msg timestamp="20210120 13:26:18.501" level="INFO">Typing text '20' into text field 'xpath://*[@id='TxtOverTimeRate']'.</msg>
<status status="PASS" starttime="20210120 13:26:18.500" endtime="20210120 13:26:18.743"></status>
</kw>
<kw name="Sleep" library="BuiltIn">
<doc>Pauses the test executed for the given time.</doc>
<arguments>
<arg>${minWait}</arg>
</arguments>
<msg timestamp="20210120 13:26:20.752" level="INFO">Slept 2 seconds</msg>
<status status="PASS" starttime="20210120 13:26:18.744" endtime="20210120 13:26:20.752"></status>
</kw>
<kw name="Input Text" library="SeleniumLibrary">
<doc>Types the given ``text`` into the text field identified by ``locator``.</doc>
<arguments>
<arg>${ID_SupplierSHNormalRateRange_loc}</arg>
<arg>${ID_SupplierSHNormalRateRange_data}</arg>
</arguments>
<msg timestamp="20210120 13:26:20.754" level="INFO">Typing text '2' into text field 'xpath://*[@id='TxtPHRateRange']'.</msg>
<status status="PASS" starttime="20210120 13:26:20.753" endtime="20210120 13:26:20.993"></status>
</kw>
<kw name="Input Text" library="SeleniumLibrary">
<doc>Types the given ``text`` into the text field identified by ``locator``.</doc>
<arguments>
<arg>${ID_SupplierSH_NormalRate_loc}</arg>
<arg>${ID_SupplierSH_NormalRate_data}</arg>
</arguments>
<msg timestamp="20210120 13:26:20.995" level="INFO">Typing text '20' into text field 'xpath://*[@id='TxtSundayPublicHoliday']'.</msg>
<status status="PASS" starttime="20210120 13:26:20.994" endtime="20210120 13:26:21.236"></status>
</kw>
<kw name="Sleep" library="BuiltIn">
<doc>Pauses the test executed for the given time.</doc>
<arguments>
<arg>${minWait}</arg>
</arguments>
<msg timestamp="20210120 13:26:23.249" level="INFO">Slept 2 seconds</msg>
<status status="PASS" starttime="20210120 13:26:21.236" endtime="20210120 13:26:23.249"></status>
</kw>
<kw name="Click Element" library="SeleniumLibrary">
<doc>Click the element identified by ``locator``.</doc>
<arguments>
<arg>${ID_SupplierSaveBn}</arg>
</arguments>
<msg timestamp="20210120 13:26:23.250" level="INFO">Clicking element 'xpath://*[@id='btnInvoiceAttendenceSave']'.</msg>
<status status="PASS" starttime="20210120 13:26:23.250" endtime="20210120 13:26:23.378"></status>
</kw>
<kw name="Click Element" library="SeleniumLibrary">
<doc>Click the element identified by ``locator``.</doc>
<arguments>
<arg>${Okbutton}</arg>
</arguments>
<msg timestamp="20210120 13:26:23.380" level="INFO">Clicking element 'xpath:(//*[@class='jconfirm-buttons']/button)[1]'.</msg>
<status status="PASS" starttime="20210120 13:26:23.379" endtime="20210120 13:26:23.516"></status>
</kw>
<kw name="Select From List By Label" library="SeleniumLibrary">
<doc>Selects options from selection list ``locator`` by ``labels``.</doc>
<arguments>
<arg>${ID_SupplierEmployeeInSearch_loc}</arg>
<arg>${ID_SupplierEmployeeInSearch_data}</arg>
</arguments>
<msg timestamp="20210120 13:26:23.518" level="INFO">Selecting options from selection list 'xpath://*[@id='DdlEmployeeNameSearch']' by label Thomas Test.</msg>
<status status="PASS" starttime="20210120 13:26:23.517" endtime="20210120 13:26:25.198"></status>
</kw>
<kw name="Click Element" library="SeleniumLibrary">
<doc>Click the element identified by ``locator``.</doc>
<arguments>
<arg>${ID_SupplierSearchBn}</arg>
</arguments>
<msg timestamp="20210120 13:26:25.200" level="INFO">Clicking element 'xpath://*[@id='btnInvoiceDetailSearch']'.</msg>
<status status="PASS" starttime="20210120 13:26:25.198" endtime="20210120 13:26:25.774"></status>
</kw>
<kw name="Sleep" library="BuiltIn">
<doc>Pauses the test executed for the given time.</doc>
<arguments>
<arg>${maxWait}</arg>
</arguments>
<msg timestamp="20210120 13:26:29.788" level="INFO">Slept 4 seconds</msg>
<status status="PASS" starttime="20210120 13:26:25.775" endtime="20210120 13:26:29.789"></status>
</kw>
<kw name="Element Text Should Be" library="SeleniumLibrary">
<doc>Verifies that element ``locator`` contains exact the text ``expected``.</doc>
<arguments>
<arg>${ID_SupplierNameInGrid_loc}</arg>
<arg>${ID_SupplierNameInGrid_data}</arg>
</arguments>
<msg timestamp="20210120 13:26:29.790" level="INFO">Verifying element 'xpath://*[@id='GrdSupplierInvoiceAttendence']/tbody/tr/td[1]' contains exact text 'Thomas Test'.</msg>
<status status="PASS" starttime="20210120 13:26:29.789" endtime="20210120 13:26:29.859"></status>
</kw>
<kw name="Sleep" library="BuiltIn">
<doc>Pauses the test executed for the given time.</doc>
<arguments>
<arg>${minWait}</arg>
</arguments>
<msg timestamp="20210120 13:26:31.870" level="INFO">Slept 2 seconds</msg>
<status status="PASS" starttime="20210120 13:26:29.859" endtime="20210120 13:26:31.871"></status>
</kw>
<kw name="Click Element" library="SeleniumLibrary">
<doc>Click the element identified by ``locator``.</doc>
<arguments>
<arg>${UM_backbutton_loc}</arg>
</arguments>
<msg timestamp="20210120 13:26:31.872" level="INFO">Clicking element 'xpath://*[@id='BtnCommonBack']'.</msg>
<status status="PASS" starttime="20210120 13:26:31.871" endtime="20210120 13:26:31.992"></status>
</kw>
<kw name="Sleep" library="BuiltIn">
<doc>Pauses the test executed for the given time.</doc>
<arguments>
<arg>${maxWait}</arg>
</arguments>
<msg timestamp="20210120 13:26:36.004" level="INFO">Slept 4 seconds</msg>
<status status="PASS" starttime="20210120 13:26:31.992" endtime="20210120 13:26:36.005"></status>
</kw>
<kw name="Close Browser" library="SeleniumLibrary">
<doc>Closes the current browser.</doc>
<status status="PASS" starttime="20210120 13:26:36.006" endtime="20210120 13:26:38.305"></status>
</kw>
<kw name="Login As Admin" library="General_keys">
<kw name="Sleep" library="BuiltIn">
<doc>Pauses the test executed for the given time.</doc>
<arguments>
<arg>${maxWait}</arg>
</arguments>
<msg timestamp="20210120 13:26:42.318" level="INFO">Slept 4 seconds</msg>
<status status="PASS" starttime="20210120 13:26:38.307" endtime="20210120 13:26:42.318"></status>
</kw>
<kw name="Open Browser" library="SeleniumLibrary">
<doc>Opens a new browser instance to the optional ``url``.</doc>
<arguments>
<arg>${Appurl}</arg>
<arg>${broswer}</arg>
</arguments>
<msg timestamp="20210120 13:26:42.320" level="INFO">Opening browser 'Chrome' to base url 'http://muthucsm-001-site11.btempurl.com/'.</msg>
<status status="PASS" starttime="20210120 13:26:42.319" endtime="20210120 13:27:12.155"></status>
</kw>
<kw name="Set Browser Implicit Wait" library="SeleniumLibrary">
<doc>Sets the implicit wait value used by Selenium.</doc>
<arguments>
<arg>${BrowserWait}</arg>
</arguments>
<status status="PASS" starttime="20210120 13:27:12.155" endtime="20210120 13:27:12.166"></status>
</kw>
<kw name="Maximize Browser Window" library="SeleniumLibrary">
<doc>Maximizes current browser window.</doc>
<status status="PASS" starttime="20210120 13:27:12.167" endtime="20210120 13:27:14.355"></status>
</kw>
<kw name="Input Text" library="SeleniumLibrary">
<doc>Types the given ``text`` into the text field identified by ``locator``.</doc>
<arguments>
<arg>${AdminUsername_loc}</arg>
<arg>${AdminUsername_data}</arg>
</arguments>
<msg timestamp="20210120 13:27:14.356" level="INFO">Typing text 'karthik' into text field '//*[@id='TxtUserName']'.</msg>
<status status="PASS" starttime="20210120 13:27:14.355" endtime="20210120 13:27:14.711"></status>
</kw>
<kw name="Input Password" library="SeleniumLibrary">
<doc>Types the given password into the text field identified by ``locator``.</doc>
<arguments>
<arg>${AdminPassword_loc}</arg>
<arg>${AdminPassword_data}</arg>
</arguments>
<msg timestamp="20210120 13:27:14.713" level="INFO">Typing password into text field '//*[@id='TxtPassword']'.</msg>
<msg timestamp="20210120 13:27:14.812" level="INFO">Temporally setting log level to: NONE</msg>
<msg timestamp="20210120 13:27:14.961" level="INFO">Log level changed from NONE to INFO.</msg>
<status status="PASS" starttime="20210120 13:27:14.712" endtime="20210120 13:27:14.962"></status>
</kw>
<kw name="Click Element" library="SeleniumLibrary">
<doc>Click the element identified by ``locator``.</doc>
<arguments>
<arg>${LoginButton}</arg>
</arguments>
<msg timestamp="20210120 13:27:14.963" level="INFO">Clicking element '//*[@onclick='Login()']'.</msg>
<status status="PASS" starttime="20210120 13:27:14.962" endtime="20210120 13:27:15.034"></status>
</kw>
<status status="PASS" starttime="20210120 13:26:38.306" endtime="20210120 13:27:15.034"></status>
</kw>
<kw name="Sleep" library="BuiltIn">
<doc>Pauses the test executed for the given time.</doc>
<arguments>
<arg>${minWait}</arg>
</arguments>
<msg timestamp="20210120 13:27:17.037" level="INFO">Slept 2 seconds</msg>
<status status="PASS" starttime="20210120 13:27:15.034" endtime="20210120 13:27:17.037"></status>
</kw>
<kw name="Click Element" library="SeleniumLibrary">
<doc>Click the element identified by ``locator``.</doc>
<arguments>
<arg>${InvoiceDetails_menu}</arg>
</arguments>
<msg timestamp="20210120 13:27:17.039" level="INFO">Clicking element 'xpath://*[contains(text(),' Invoice Details')]'.</msg>
<status status="PASS" starttime="20210120 13:27:17.038" endtime="20210120 13:27:25.126"></status>
</kw>
<kw name="Sleep" library="BuiltIn">
<doc>Pauses the test executed for the given time.</doc>
<arguments>
<arg>${minWait}</arg>
</arguments>
<msg timestamp="20210120 13:27:27.130" level="INFO">Slept 2 seconds</msg>
<status status="PASS" starttime="20210120 13:27:25.126" endtime="20210120 13:27:27.131"></status>
</kw>
<kw name="Select From List By Label" library="SeleniumLibrary">
<doc>Selects options from selection list ``locator`` by ``labels``.</doc>
<arguments>
<arg>${ID_InvoiceYearInSearch_loc}</arg>
<arg>${ID_InvoiceYearInSearch_data}</arg>
</arguments>
<msg timestamp="20210120 13:27:27.134" level="INFO">Selecting options from selection list 'xpath://*[@id='DdlInvoiceYear']' by label 2021.</msg>
<status status="PASS" starttime="20210120 13:27:27.132" endtime="20210120 13:27:27.346"></status>
</kw>
<kw name="Select From List By Label" library="SeleniumLibrary">
<doc>Selects options from selection list ``locator`` by ``labels``.</doc>
<arguments>
<arg>${ID_CompanyNameInSearch_loc}</arg>
<arg>${ID_CompanyNameInSearch_data}</arg>
</arguments>
<msg timestamp="20210120 13:27:27.348" level="INFO">Selecting options from selection list 'xpath://*[@id='DdlInvoiceCompany']' by label TestingCompany_001.</msg>
<status status="PASS" starttime="20210120 13:27:27.347" endtime="20210120 13:27:27.591"></status>
</kw>
<kw name="Input Text" library="SeleniumLibrary">
<doc>Types the given ``text`` into the text field identified by ``locator``.</doc>
<arguments>
<arg>${ID_InvoiceNoInSearch_loc}</arg>
<arg>${InvoiceNumber}</arg>
</arguments>
<msg timestamp="20210120 13:27:27.593" level="INFO">Typing text 'INV-JAN2021/0006' into text field 'xpath://*[@id='TxtSearchInvoiceNo']'.</msg>
<status status="PASS" starttime="20210120 13:27:27.591" endtime="20210120 13:27:27.884"></status>
</kw>
<kw name="Click Element" library="SeleniumLibrary">
<doc>Click the element identified by ``locator``.</doc>
<arguments>
<arg>${ID_Searchbn}</arg>
</arguments>
<msg timestamp="20210120 13:27:27.884" level="INFO">Clicking element 'xpath://*[@id='btnInvoiceSearch']'.</msg>
<status status="PASS" starttime="20210120 13:27:27.884" endtime="20210120 13:27:27.937"></status>
</kw>
<kw name="Sleep" library="BuiltIn">
<doc>Pauses the test executed for the given time.</doc>
<arguments>
<arg>${minWait}</arg>
</arguments>
<msg timestamp="20210120 13:27:29.943" level="INFO">Slept 2 seconds</msg>
<status status="PASS" starttime="20210120 13:27:27.938" endtime="20210120 13:27:29.943"></status>
</kw>
<kw name="Element Text Should Be" library="SeleniumLibrary">
<doc>Verifies that element ``locator`` contains exact the text ``expected``.</doc>
<arguments>
<arg>${ID_VerifyInvoiceNo_loc}</arg>
<arg>${InvoiceNumber}</arg>
</arguments>
<msg timestamp="20210120 13:27:29.945" level="INFO">Verifying element 'xpath://*[@id='Invoicegrid']/tbody/tr/td[3]' contains exact text 'INV-JAN2021/0006'.</msg>
<status status="PASS" starttime="20210120 13:27:29.944" endtime="20210120 13:27:30.018"></status>
</kw>
<kw name="Sleep" library="BuiltIn">
<doc>Pauses the test executed for the given time.</doc>
<arguments>
<arg>${minWait}</arg>
</arguments>
<msg timestamp="20210120 13:27:32.027" level="INFO">Slept 2 seconds</msg>
<status status="PASS" starttime="20210120 13:27:30.019" endtime="20210120 13:27:32.027"></status>
</kw>
<kw name="Click Element" library="SeleniumLibrary">
<doc>Click the element identified by ``locator``.</doc>
<arguments>
<arg>${ID_Actionbn}</arg>
</arguments>
<msg timestamp="20210120 13:27:32.029" level="INFO">Clicking element 'xpath://*[@id='Invoicegrid']/tbody/tr/td[8]'.</msg>
<status status="PASS" starttime="20210120 13:27:32.028" endtime="20210120 13:27:32.231"></status>
</kw>
<kw name="Sleep" library="BuiltIn">
<doc>Pauses the test executed for the given time.</doc>
<arguments>
<arg>${minWait}</arg>
</arguments>
<msg timestamp="20210120 13:27:34.240" level="INFO">Slept 2 seconds</msg>
<status status="PASS" starttime="20210120 13:27:32.232" endtime="20210120 13:27:34.241"></status>
</kw>
<kw name="Click Element" library="SeleniumLibrary">
<doc>Click the element identified by ``locator``.</doc>
<arguments>
<arg>${ID_Companyattendancebn}</arg>
</arguments>
<msg timestamp="20210120 13:27:34.242" level="INFO">Clicking element 'xpath:(//*[contains(text(),'Company Attendance')])[2]'.</msg>
<status status="PASS" starttime="20210120 13:27:34.241" endtime="20210120 13:27:34.426"></status>
</kw>
<kw name="Sleep" library="BuiltIn">
<doc>Pauses the test executed for the given time.</doc>
<arguments>
<arg>${minWait}</arg>
</arguments>
<msg timestamp="20210120 13:27:36.431" level="INFO">Slept 2 seconds</msg>
<status status="PASS" starttime="20210120 13:27:34.426" endtime="20210120 13:27:36.431"></status>
</kw>
<kw name="${i} IN RANGE [ 0 | 2 ]" type="for">
<kw name="${i} = 0" type="foritem">
<kw name="Sleep" library="BuiltIn">
<doc>Pauses the test executed for the given time.</doc>
<arguments>
<arg>${minWait}</arg>
</arguments>
<msg timestamp="20210120 13:27:38.447" level="INFO">Slept 2 seconds</msg>
<status status="PASS" starttime="20210120 13:27:36.433" endtime="20210120 13:27:38.448"></status>
</kw>
<kw name="Select From List By Label" library="SeleniumLibrary">
<doc>Selects options from selection list ``locator`` by ``labels``.</doc>
<arguments>
<arg>${ID_EmployeeInCompanyAttendance_loc}</arg>
<arg>${ID_EmployeeName_data}[${i}]</arg>
</arguments>
<msg timestamp="20210120 13:27:38.450" level="INFO">Selecting options from selection list 'xpath://*[@id='DdlEmployeeName']' by label Thomas Test.</msg>
<status status="PASS" starttime="20210120 13:27:38.449" endtime="20210120 13:27:38.703"></status>
</kw>
<kw name="Sleep" library="BuiltIn">
<doc>Pauses the test executed for the given time.</doc>
<arguments>
<arg>${minWait}</arg>
</arguments>
<msg timestamp="20210120 13:27:40.715" level="INFO">Slept 2 seconds</msg>
<status status="PASS" starttime="20210120 13:27:38.704" endtime="20210120 13:27:40.716"></status>
</kw>
<kw name="Click Element" library="SeleniumLibrary">
<doc>Click the element identified by ``locator``.</doc>
<arguments>
<arg>${ID_CompanyDatepickerbn}</arg>
</arguments>
<msg timestamp="20210120 13:27:40.718" level="INFO">Clicking element 'xpath://*[@id='TxtDate']/parent::div/span/button'.</msg>
<status status="PASS" starttime="20210120 13:27:40.717" endtime="20210120 13:27:40.972"></status>
</kw>
<kw name="Sleep" library="BuiltIn">
<doc>Pauses the test executed for the given time.</doc>
<arguments>
<arg>${minWait}</arg>
</arguments>
<msg timestamp="20210120 13:27:42.989" level="INFO">Slept 2 seconds</msg>
<status status="PASS" starttime="20210120 13:27:40.973" endtime="20210120 13:27:42.989"></status>
</kw>
<kw name="Get From List" library="Collections">
<doc>Returns the value specified with an ``index`` from ``list``.</doc>
<arguments>
<arg>${ID_CompanyAttendance_Day}</arg>
<arg>${i}</arg>
</arguments>
<assign>
<var>${CompanyDayInvoice}</var>
</assign>
<msg timestamp="20210120 13:27:42.992" level="INFO">${CompanyDayInvoice} = 1</msg>
<status status="PASS" starttime="20210120 13:27:42.990" endtime="20210120 13:27:42.992"></status>
</kw>
<kw name="Click Element" library="SeleniumLibrary">
<doc>Click the element identified by ``locator``.</doc>
<arguments>
<arg>xpath://*[@day='${CompanyDayInvoice}']</arg>
</arguments>
<msg timestamp="20210120 13:27:42.994" level="INFO">Clicking element 'xpath://*[@day='1']'.</msg>
<status status="PASS" starttime="20210120 13:27:42.993" endtime="20210120 13:27:43.171"></status>
</kw>
<kw name="Sleep" library="BuiltIn">
<doc>Pauses the test executed for the given time.</doc>
<arguments>
<arg>${maxWait}</arg>
</arguments>
<msg timestamp="20210120 13:27:47.185" level="INFO">Slept 4 seconds</msg>
<status status="PASS" starttime="20210120 13:27:43.172" endtime="20210120 13:27:47.186"></status>
</kw>
<kw name="Click Element" library="SeleniumLibrary">
<doc>Click the element identified by ``locator``.</doc>
<arguments>
<arg>${ID_CompanyInvoiceAddbn}</arg>
</arguments>
<msg timestamp="20210120 13:27:47.187" level="INFO">Clicking element 'xpath://*[@id='btnInvoiceAttendenceSave']'.</msg>
<status status="PASS" starttime="20210120 13:27:47.186" endtime="20210120 13:27:47.355"></status>
</kw>
<kw name="Sleep" library="BuiltIn">
<doc>Pauses the test executed for the given time.</doc>
<arguments>
<arg>${minWait}</arg>
</arguments>
<msg timestamp="20210120 13:27:49.370" level="INFO">Slept 2 seconds</msg>
<status status="PASS" starttime="20210120 13:27:47.356" endtime="20210120 13:27:49.370"></status>
</kw>
<kw name="Click Element" library="SeleniumLibrary">
<doc>Click the element identified by ``locator``.</doc>
<arguments>
<arg>${Okbutton}</arg>
</arguments>
<msg timestamp="20210120 13:27:49.371" level="INFO">Clicking element 'xpath:(//*[@class='jconfirm-buttons']/button)[1]'.</msg>
<status status="PASS" starttime="20210120 13:27:49.371" endtime="20210120 13:27:49.533"></status>
</kw>
<kw name="Sleep" library="BuiltIn">
<doc>Pauses the test executed for the given time.</doc>
<arguments>
<arg>${minWait}</arg>
</arguments>
<msg timestamp="20210120 13:27:51.545" level="INFO">Slept 2 seconds</msg>
<status status="PASS" starttime="20210120 13:27:49.534" endtime="20210120 13:27:51.545"></status>
</kw>
<kw name="Click Element" library="SeleniumLibrary">
<doc>Click the element identified by ``locator``.</doc>
<arguments>
<arg>${ID_clearbn}</arg>
</arguments>
<msg timestamp="20210120 13:27:51.548" level="INFO">Clicking element 'xpath://*[@id='btnInvoiceDetailClear']'.</msg>
<status status="PASS" starttime="20210120 13:27:51.547" endtime="20210120 13:27:51.705"></status>
</kw>
<kw name="Sleep" library="BuiltIn">
<doc>Pauses the test executed for the given time.</doc>
<arguments>
<arg>${minWait}</arg>
</arguments>
<msg timestamp="20210120 13:27:53.716" level="INFO">Slept 2 seconds</msg>
<status status="PASS" starttime="20210120 13:27:51.706" endtime="20210120 13:27:53.718"></status>
</kw>
<kw name="Select From List By Label" library="SeleniumLibrary">
<doc>Selects options from selection list ``locator`` by ``labels``.</doc>
<arguments>
<arg>${ID_CompanyEmployeeNameInView_loc}</arg>
<arg>${ID_EmployeeName_data}[${i}]</arg>
</arguments>
<msg timestamp="20210120 13:27:53.721" level="INFO">Selecting options from selection list 'xpath://*[@id='DdlEmployeeNameSearch']' by label Thomas Test.</msg>
<kw name="Capture Page Screenshot" library="SeleniumLibrary">
<doc>Takes a screenshot of the current page and embeds it into a log file.</doc>
<msg timestamp="20210120 13:28:34.304" level="INFO" html="yes">&lt;/td&gt;&lt;/tr&gt;&lt;tr&gt;&lt;td colspan="3"&gt;&lt;a href="selenium-screenshot-12.png"&gt;&lt;img src="selenium-screenshot-12.png" width="800px"&gt;&lt;/a&gt;</msg>
<status status="PASS" starttime="20210120 13:28:33.898" endtime="20210120 13:28:34.304"></status>
</kw>
<msg timestamp="20210120 13:28:34.339" level="FAIL">NoSuchElementException: Message: Could not locate element with visible text: Thomas Test
</msg>
<status status="FAIL" starttime="20210120 13:27:53.718" endtime="20210120 13:28:34.339"></status>
</kw>
<status status="FAIL" starttime="20210120 13:27:36.432" endtime="20210120 13:28:34.340"></status>
</kw>
<status status="FAIL" starttime="20210120 13:27:36.432" endtime="20210120 13:28:34.340"></status>
</kw>
<status status="FAIL" starttime="20210120 13:25:36.389" endtime="20210120 13:28:34.340"></status>
</kw>
<status status="FAIL" starttime="20210120 13:25:13.516" endtime="20210120 13:28:34.342" critical="yes">NoSuchElementException: Message: Could not locate element with visible text: Thomas Test
</status>
</test>
<status status="FAIL" starttime="20210120 13:25:13.119" endtime="20210120 13:28:34.348"></status>
</suite>
<statistics>
<total>
<stat pass="0" fail="1">Critical Tests</stat>
<stat pass="0" fail="1">All Tests</stat>
</total>
<tag>
</tag>
<suite>
<stat pass="0" fail="1" id="s1" name="TC 8 InvoiceDetails tc">TC 8 InvoiceDetails tc</stat>
</suite>
</statistics>
<errors>
</errors>
</robot>
