<?xml version="1.0" encoding="UTF-8"?>
<robot generator="Robot 3.2.2 (Python 3.7.9 on win32)" generated="20210215 12:59:02.404" rpa="false">
<suite id="s1" name="TC 1 UserMaster tc" source="C:\Python Automation\AMS\Tests\TC_1_UserMaster_tc.robot">
<test id="s1-t1" name="Log in to the application">
<kw name="Login As Admin" library="General_keys">
<kw name="Sleep" library="BuiltIn">
<doc>Pauses the test executed for the given time.</doc>
<arguments>
<arg>${maxWait}</arg>
</arguments>
<msg timestamp="20210215 12:59:06.641" level="INFO">Slept 4 seconds</msg>
<status status="PASS" starttime="20210215 12:59:02.631" endtime="20210215 12:59:06.642"></status>
</kw>
<kw name="Open Browser" library="SeleniumLibrary">
<doc>Opens a new browser instance to the optional ``url``.</doc>
<arguments>
<arg>${Appurl}</arg>
<arg>${broswer}</arg>
</arguments>
<msg timestamp="20210215 12:59:06.643" level="INFO">Opening browser 'Chrome' to base url 'http://muthucsm-001-site11.btempurl.com/'.</msg>
<status status="PASS" starttime="20210215 12:59:06.642" endtime="20210215 12:59:18.923"></status>
</kw>
<kw name="Set Browser Implicit Wait" library="SeleniumLibrary">
<doc>Sets the implicit wait value used by Selenium.</doc>
<arguments>
<arg>${BrowserWait}</arg>
</arguments>
<status status="PASS" starttime="20210215 12:59:18.924" endtime="20210215 12:59:18.933"></status>
</kw>
<kw name="Maximize Browser Window" library="SeleniumLibrary">
<doc>Maximizes current browser window.</doc>
<status status="PASS" starttime="20210215 12:59:18.934" endtime="20210215 12:59:21.101"></status>
</kw>
<kw name="Input Text" library="SeleniumLibrary">
<doc>Types the given ``text`` into the text field identified by ``locator``.</doc>
<arguments>
<arg>${AdminUsername_loc}</arg>
<arg>${AdminUsername_data}</arg>
</arguments>
<msg timestamp="20210215 12:59:21.101" level="INFO">Typing text 'karthik' into text field '//*[@id='TxtUserName']'.</msg>
<status status="PASS" starttime="20210215 12:59:21.101" endtime="20210215 12:59:21.249"></status>
</kw>
<kw name="Input Password" library="SeleniumLibrary">
<doc>Types the given password into the text field identified by ``locator``.</doc>
<arguments>
<arg>${AdminPassword_loc}</arg>
<arg>${AdminPassword_data}</arg>
</arguments>
<msg timestamp="20210215 12:59:21.250" level="INFO">Typing password into text field '//*[@id='TxtPassword']'.</msg>
<msg timestamp="20210215 12:59:21.304" level="INFO">Temporally setting log level to: NONE</msg>
<msg timestamp="20210215 12:59:21.359" level="INFO">Log level changed from NONE to INFO.</msg>
<status status="PASS" starttime="20210215 12:59:21.249" endtime="20210215 12:59:21.359"></status>
</kw>
<kw name="Click Element" library="SeleniumLibrary">
<doc>Click the element identified by ``locator``.</doc>
<arguments>
<arg>${LoginButton}</arg>
</arguments>
<msg timestamp="20210215 12:59:21.359" level="INFO">Clicking element '//*[@onclick='Login()']'.</msg>
<status status="PASS" starttime="20210215 12:59:21.359" endtime="20210215 12:59:21.408"></status>
</kw>
<status status="PASS" starttime="20210215 12:59:02.631" endtime="20210215 12:59:21.408"></status>
</kw>
<kw name="Add user" library="UserMaster_key">
<kw name="Click Element" library="SeleniumLibrary">
<doc>Click the element identified by ``locator``.</doc>
<arguments>
<arg>${UserMaster_menu}</arg>
</arguments>
<msg timestamp="20210215 12:59:21.409" level="INFO">Clicking element '//*[contains(text(),'User Master')]'.</msg>
<status status="PASS" starttime="20210215 12:59:21.409" endtime="20210215 12:59:27.924"></status>
</kw>
<kw name="Sleep" library="BuiltIn">
<doc>Pauses the test executed for the given time.</doc>
<arguments>
<arg>${minWait}</arg>
</arguments>
<msg timestamp="20210215 12:59:29.934" level="INFO">Slept 2 seconds</msg>
<status status="PASS" starttime="20210215 12:59:27.924" endtime="20210215 12:59:29.935"></status>
</kw>
<kw name="Click Element" library="SeleniumLibrary">
<doc>Click the element identified by ``locator``.</doc>
<arguments>
<arg>${UM_addbutton}</arg>
</arguments>
<msg timestamp="20210215 12:59:29.937" level="INFO">Clicking element 'xpath://*[@id='btnAddUser']'.</msg>
<status status="PASS" starttime="20210215 12:59:29.936" endtime="20210215 12:59:30.316"></status>
</kw>
<kw name="Sleep" library="BuiltIn">
<doc>Pauses the test executed for the given time.</doc>
<arguments>
<arg>${minWait}</arg>
</arguments>
<msg timestamp="20210215 12:59:32.329" level="INFO">Slept 2 seconds</msg>
<status status="PASS" starttime="20210215 12:59:30.316" endtime="20210215 12:59:32.330"></status>
</kw>
<kw name="Input Text" library="SeleniumLibrary">
<doc>Types the given ``text`` into the text field identified by ``locator``.</doc>
<arguments>
<arg>${UM_LoginName_loc}</arg>
<arg>${UM_LoginName_data}</arg>
</arguments>
<msg timestamp="20210215 12:59:32.332" level="INFO">Typing text 'Testuser507' into text field 'xpath://*[@id='txtLoginName']'.</msg>
<status status="PASS" starttime="20210215 12:59:32.330" endtime="20210215 12:59:32.801"></status>
</kw>
<kw name="Input Text" library="SeleniumLibrary">
<doc>Types the given ``text`` into the text field identified by ``locator``.</doc>
<arguments>
<arg>${UM_loginPass_loc}</arg>
<arg>${UM_loginPass_data}</arg>
</arguments>
<msg timestamp="20210215 12:59:32.802" level="INFO">Typing text 'Testing@123' into text field 'xpath://*[@id='txtPassword']'.</msg>
<status status="PASS" starttime="20210215 12:59:32.801" endtime="20210215 12:59:32.898"></status>
</kw>
<kw name="Input Text" library="SeleniumLibrary">
<doc>Types the given ``text`` into the text field identified by ``locator``.</doc>
<arguments>
<arg>${UM_loginFirstName_loc}</arg>
<arg>${UM_loginFirstName_data}</arg>
</arguments>
<msg timestamp="20210215 12:59:32.898" level="INFO">Typing text 'Testuser' into text field 'xpath://*[@id='txtFirstName']'.</msg>
<status status="PASS" starttime="20210215 12:59:32.898" endtime="20210215 12:59:32.984"></status>
</kw>
<kw name="Input Text" library="SeleniumLibrary">
<doc>Types the given ``text`` into the text field identified by ``locator``.</doc>
<arguments>
<arg>${UM_LoginLastName_loc}</arg>
<arg>${UM_LoginLastName_data}</arg>
</arguments>
<msg timestamp="20210215 12:59:32.985" level="INFO">Typing text 'TestUser1' into text field 'xpath://*[@id='txtLastName']'.</msg>
<status status="PASS" starttime="20210215 12:59:32.984" endtime="20210215 12:59:33.079"></status>
</kw>
<kw name="Select From List By Label" library="SeleniumLibrary">
<doc>Selects options from selection list ``locator`` by ``labels``.</doc>
<arguments>
<arg>${UM_selectRole_loc}</arg>
<arg>${UM_selectRole_data}</arg>
</arguments>
<msg timestamp="20210215 12:59:33.079" level="INFO">Selecting options from selection list 'xpath://*[@id='DdlUserRole']' by label TestUser_126.</msg>
<status status="PASS" starttime="20210215 12:59:33.079" endtime="20210215 12:59:33.144"></status>
</kw>
<kw name="Input Text" library="SeleniumLibrary">
<doc>Types the given ``text`` into the text field identified by ``locator``.</doc>
<arguments>
<arg>${UM_EmailID_loc}</arg>
<arg>${UM_EmailID_data}</arg>
</arguments>
<msg timestamp="20210215 12:59:33.145" level="INFO">Typing text 'karthikraja@indexinfosystems.com' into text field 'xpath://*[@id='txtUserEmailID']'.</msg>
<status status="PASS" starttime="20210215 12:59:33.145" endtime="20210215 12:59:33.275"></status>
</kw>
<kw name="Input Text" library="SeleniumLibrary">
<doc>Types the given ``text`` into the text field identified by ``locator``.</doc>
<arguments>
<arg>${UM_Mobilenumber_loc}</arg>
<arg>${UM_Mobilenumber_data}</arg>
</arguments>
<msg timestamp="20210215 12:59:33.275" level="INFO">Typing text '9874563214' into text field 'xpath://*[@id='txtUserMobileNumber']'.</msg>
<status status="PASS" starttime="20210215 12:59:33.275" endtime="20210215 12:59:33.360"></status>
</kw>
<kw name="Click Element" library="SeleniumLibrary">
<doc>Click the element identified by ``locator``.</doc>
<arguments>
<arg>${UM_Language_loc}</arg>
</arguments>
<msg timestamp="20210215 12:59:33.361" level="INFO">Clicking element 'xpath://*[@class='chosen-search-input default']'.</msg>
<status status="PASS" starttime="20210215 12:59:33.361" endtime="20210215 12:59:33.416"></status>
</kw>
<kw name="Sleep" library="BuiltIn">
<doc>Pauses the test executed for the given time.</doc>
<arguments>
<arg>${minWait}</arg>
</arguments>
<msg timestamp="20210215 12:59:35.418" level="INFO">Slept 2 seconds</msg>
<status status="PASS" starttime="20210215 12:59:33.416" endtime="20210215 12:59:35.418"></status>
</kw>
<kw name="Mouse Down" library="SeleniumLibrary">
<doc>Simulates pressing the left mouse button on the element ``locator``.</doc>
<arguments>
<arg>${UM_SelectLang_loc}</arg>
</arguments>
<msg timestamp="20210215 12:59:35.420" level="INFO">Simulating Mouse Down on element 'xpath://li[contains(text(),'English')]'.</msg>
<status status="PASS" starttime="20210215 12:59:35.419" endtime="20210215 12:59:35.764"></status>
</kw>
<kw name="Click Element" library="SeleniumLibrary">
<doc>Click the element identified by ``locator``.</doc>
<arguments>
<arg>${UM_SelectLang_loc}</arg>
</arguments>
<msg timestamp="20210215 12:59:35.765" level="INFO">Clicking element 'xpath://li[contains(text(),'English')]'.</msg>
<status status="PASS" starttime="20210215 12:59:35.764" endtime="20210215 12:59:35.876"></status>
</kw>
<kw name="Click Element" library="SeleniumLibrary">
<doc>Click the element identified by ``locator``.</doc>
<arguments>
<arg>${UM_MaleGender_loc}</arg>
</arguments>
<msg timestamp="20210215 12:59:35.877" level="INFO">Clicking element 'xpath://*[@id='RdlMaleGender']'.</msg>
<status status="PASS" starttime="20210215 12:59:35.876" endtime="20210215 12:59:35.943"></status>
</kw>
<kw name="Execute Javascript" library="SeleniumLibrary">
<doc>Executes the given JavaScript code with possible arguments.</doc>
<arguments>
<arg>window.scrollBy(900,900)</arg>
</arguments>
<msg timestamp="20210215 12:59:35.943" level="INFO">Executing JavaScript:
window.scrollBy(900,900)
Without any arguments.</msg>
<status status="PASS" starttime="20210215 12:59:35.943" endtime="20210215 12:59:35.949"></status>
</kw>
<kw name="Sleep" library="BuiltIn">
<doc>Pauses the test executed for the given time.</doc>
<arguments>
<arg>${minWait}</arg>
</arguments>
<msg timestamp="20210215 12:59:37.955" level="INFO">Slept 2 seconds</msg>
<status status="PASS" starttime="20210215 12:59:35.949" endtime="20210215 12:59:37.955"></status>
</kw>
<kw name="Click Element" library="SeleniumLibrary">
<doc>Click the element identified by ``locator``.</doc>
<arguments>
<arg>${UM_saveButton}</arg>
</arguments>
<msg timestamp="20210215 12:59:37.955" level="INFO">Clicking element 'xpath://*[@id='btnSaveUser']'.</msg>
<status status="PASS" starttime="20210215 12:59:37.955" endtime="20210215 12:59:38.004"></status>
</kw>
<kw name="Sleep" library="BuiltIn">
<doc>Pauses the test executed for the given time.</doc>
<arguments>
<arg>${minWait}</arg>
</arguments>
<msg timestamp="20210215 12:59:40.018" level="INFO">Slept 2 seconds</msg>
<status status="PASS" starttime="20210215 12:59:38.004" endtime="20210215 12:59:40.019"></status>
</kw>
<kw name="Click Element" library="SeleniumLibrary">
<doc>Click the element identified by ``locator``.</doc>
<arguments>
<arg>${Okbutton}</arg>
</arguments>
<msg timestamp="20210215 12:59:40.021" level="INFO">Clicking element 'xpath:(//*[@class='jconfirm-buttons']/button)[1]'.</msg>
<status status="PASS" starttime="20210215 12:59:40.020" endtime="20210215 12:59:40.129"></status>
</kw>
<kw name="Sleep" library="BuiltIn">
<doc>Pauses the test executed for the given time.</doc>
<arguments>
<arg>${maxWait}</arg>
</arguments>
<msg timestamp="20210215 12:59:44.134" level="INFO">Slept 4 seconds</msg>
<status status="PASS" starttime="20210215 12:59:40.129" endtime="20210215 12:59:44.135"></status>
</kw>
<kw name="Click Element" library="SeleniumLibrary">
<doc>Click the element identified by ``locator``.</doc>
<arguments>
<arg>${UM_backbutton_loc}</arg>
</arguments>
<msg timestamp="20210215 12:59:44.136" level="INFO">Clicking element 'xpath://*[@id='BtnCommonBack']'.</msg>
<status status="PASS" starttime="20210215 12:59:44.135" endtime="20210215 12:59:44.237"></status>
</kw>
<kw name="Sleep" library="BuiltIn">
<doc>Pauses the test executed for the given time.</doc>
<arguments>
<arg>${minWait}</arg>
</arguments>
<msg timestamp="20210215 12:59:46.241" level="INFO">Slept 2 seconds</msg>
<status status="PASS" starttime="20210215 12:59:44.237" endtime="20210215 12:59:46.241"></status>
</kw>
<kw name="Input Text" library="SeleniumLibrary">
<doc>Types the given ``text`` into the text field identified by ``locator``.</doc>
<arguments>
<arg>${UM_LoginNameInSearch_loc}</arg>
<arg>${UM_LoginNameInSearch_data}</arg>
</arguments>
<msg timestamp="20210215 12:59:46.243" level="INFO">Typing text 'Testuser507' into text field 'xpath://*[@id='txtsearchLoginName']'.</msg>
<status status="PASS" starttime="20210215 12:59:46.242" endtime="20210215 12:59:46.390"></status>
</kw>
<kw name="Sleep" library="BuiltIn">
<doc>Pauses the test executed for the given time.</doc>
<arguments>
<arg>${minWait}</arg>
</arguments>
<msg timestamp="20210215 12:59:48.392" level="INFO">Slept 2 seconds</msg>
<status status="PASS" starttime="20210215 12:59:46.390" endtime="20210215 12:59:48.393"></status>
</kw>
<kw name="Click Element" library="SeleniumLibrary">
<doc>Click the element identified by ``locator``.</doc>
<arguments>
<arg>${UM_searchbutton}</arg>
</arguments>
<msg timestamp="20210215 12:59:48.395" level="INFO">Clicking element 'xpath://*[@id='btnUserSearch']'.</msg>
<status status="PASS" starttime="20210215 12:59:48.393" endtime="20210215 12:59:48.530"></status>
</kw>
<kw name="Sleep" library="BuiltIn">
<doc>Pauses the test executed for the given time.</doc>
<arguments>
<arg>${maxWait}</arg>
</arguments>
<msg timestamp="20210215 12:59:52.532" level="INFO">Slept 4 seconds</msg>
<status status="PASS" starttime="20210215 12:59:48.530" endtime="20210215 12:59:52.533"></status>
</kw>
<kw name="Element Text Should Be" library="SeleniumLibrary">
<doc>Verifies that element ``locator`` contains exact the text ``expected``.</doc>
<arguments>
<arg>${UM_loginNameInGrid_loc}</arg>
<arg>${UM_loginNameInGrid_data}</arg>
</arguments>
<msg timestamp="20210215 12:59:52.535" level="INFO">Verifying element 'xpath://*[@id='Usergrid']/tbody/tr/td[3]' contains exact text 'Testuser507'.</msg>
<status status="PASS" starttime="20210215 12:59:52.533" endtime="20210215 12:59:52.626"></status>
</kw>
<kw name="Sleep" library="BuiltIn">
<doc>Pauses the test executed for the given time.</doc>
<arguments>
<arg>${minWait}</arg>
</arguments>
<msg timestamp="20210215 12:59:54.628" level="INFO">Slept 2 seconds</msg>
<status status="PASS" starttime="20210215 12:59:52.626" endtime="20210215 12:59:54.629"></status>
</kw>
<kw name="Click Element" library="SeleniumLibrary">
<doc>Click the element identified by ``locator``.</doc>
<arguments>
<arg>${Logout1_loc}</arg>
</arguments>
<msg timestamp="20210215 12:59:54.630" level="INFO">Clicking element 'xpath://*[@id='userDropdown']'.</msg>
<status status="PASS" starttime="20210215 12:59:54.629" endtime="20210215 12:59:54.785"></status>
</kw>
<kw name="Sleep" library="BuiltIn">
<doc>Pauses the test executed for the given time.</doc>
<arguments>
<arg>${minWait}</arg>
</arguments>
<msg timestamp="20210215 12:59:56.797" level="INFO">Slept 2 seconds</msg>
<status status="PASS" starttime="20210215 12:59:54.786" endtime="20210215 12:59:56.797"></status>
</kw>
<kw name="Click Element" library="SeleniumLibrary">
<doc>Click the element identified by ``locator``.</doc>
<arguments>
<arg>${Logout2_loc}</arg>
</arguments>
<msg timestamp="20210215 12:59:56.799" level="INFO">Clicking element 'xpath://*[@onclick='Logout()']'.</msg>
<status status="PASS" starttime="20210215 12:59:56.798" endtime="20210215 12:59:57.638"></status>
</kw>
<kw name="Sleep" library="BuiltIn">
<doc>Pauses the test executed for the given time.</doc>
<arguments>
<arg>${minWait}</arg>
</arguments>
<msg timestamp="20210215 12:59:59.653" level="INFO">Slept 2 seconds</msg>
<status status="PASS" starttime="20210215 12:59:57.638" endtime="20210215 12:59:59.653"></status>
</kw>
<kw name="Close Browser" library="SeleniumLibrary">
<doc>Closes the current browser.</doc>
<status status="PASS" starttime="20210215 12:59:59.654" endtime="20210215 13:00:01.913"></status>
</kw>
<status status="PASS" starttime="20210215 12:59:21.408" endtime="20210215 13:00:01.914"></status>
</kw>
<status status="PASS" starttime="20210215 12:59:02.630" endtime="20210215 13:00:01.915" critical="yes"></status>
</test>
<status status="PASS" starttime="20210215 12:59:02.406" endtime="20210215 13:00:01.922"></status>
</suite>
<statistics>
<total>
<stat pass="1" fail="0">Critical Tests</stat>
<stat pass="1" fail="0">All Tests</stat>
</total>
<tag>
</tag>
<suite>
<stat pass="1" fail="0" id="s1" name="TC 1 UserMaster tc">TC 1 UserMaster tc</stat>
</suite>
</statistics>
<errors>
</errors>
</robot>
